[ 2016-01-25T09:20:55+08:00 ] 127.0.0.1 /two/ThinkPHP/index.php/Home/Xproduct/valCode1.html
INFO: [ app_begin ] --START--
INFO: Run Behavior\ReadHtmlCacheBehavior [ RunTime:0.002283s ]
INFO: [ app_begin ] --END-- [ RunTime:0.003672s ]
INFO: [ app_end ] --START--
INFO: Run Behavior\ShowPageTraceBehavior [ RunTime:0.002049s ]
INFO: [ app_end ] --END-- [ RunTime:0.002282s ]

[ 2016-01-25T09:21:30+08:00 ] 127.0.0.1 /two/ThinkPHP/index.php/Home/Xproduct/valCode1.html
INFO: [ app_begin ] --START--
INFO: Run Behavior\ReadHtmlCacheBehavior [ RunTime:0.001733s ]
INFO: [ app_begin ] --END-- [ RunTime:0.003128s ]
INFO: [ app_end ] --START--
INFO: Run Behavior\ShowPageTraceBehavior [ RunTime:0.002029s ]
INFO: [ app_end ] --END-- [ RunTime:0.002280s ]

[ 2016-01-25T09:21:59+08:00 ] 127.0.0.1 /two/ThinkPHP/index.php/Home/Xproduct/valCode1.html
INFO: [ app_begin ] --START--
INFO: Run Behavior\ReadHtmlCacheBehavior [ RunTime:0.002076s ]
INFO: [ app_begin ] --END-- [ RunTime:0.003464s ]
INFO: [ app_end ] --START--
INFO: Run Behavior\ShowPageTraceBehavior [ RunTime:0.002077s ]
INFO: [ app_end ] --END-- [ RunTime:0.002337s ]

[ 2016-01-25T09:22:23+08:00 ] 127.0.0.1 /two/ThinkPHP/index.php/Home/Xproduct/valCode1.html
INFO: [ app_begin ] --START--
INFO: Run Behavior\ReadHtmlCacheBehavior [ RunTime:0.001783s ]
INFO: [ app_begin ] --END-- [ RunTime:0.003275s ]
INFO: [ app_end ] --START--
INFO: Run Behavior\ShowPageTraceBehavior [ RunTime:0.001963s ]
INFO: [ app_end ] --END-- [ RunTime:0.002209s ]

[ 2016-01-25T15:36:47+08:00 ] 127.0.0.1 /two/ThinkPHP/index.php/Home/User/requireCity.html
INFO: [ app_begin ] --START--
INFO: Run Behavior\ReadHtmlCacheBehavior [ RunTime:0.002725s ]
INFO: [ app_begin ] --END-- [ RunTime:0.004123s ]
SQL: DESCRIBE truck_area [ RunTime:0.038137s ]
SQL: SELECT * FROM `truck_area` WHERE ( upid=0 )  [ RunTime:0.001644s ]

[ 2016-01-25T15:37:02+08:00 ] 127.0.0.1 /two/ThinkPHP/index.php/Home/User/sendEmail.html
INFO: [ app_begin ] --START--
INFO: Run Behavior\ReadHtmlCacheBehavior [ RunTime:0.001797s ]
INFO: [ app_begin ] --END-- [ RunTime:0.003251s ]

[ 2016-01-25T15:37:02+08:00 ] 127.0.0.1 /two/ThinkPHP/index.php/Home/User/sendEmail.html
INFO: [ app_begin ] --START--
INFO: Run Behavior\ReadHtmlCacheBehavior [ RunTime:0.001238s ]
INFO: [ app_begin ] --END-- [ RunTime:0.002169s ]

[ 2016-01-25T15:37:03+08:00 ] 127.0.0.1 /two/ThinkPHP/index.php/Home/User/sendEmail.html
INFO: [ app_begin ] --START--
INFO: Run Behavior\ReadHtmlCacheBehavior [ RunTime:0.001783s ]
INFO: [ app_begin ] --END-- [ RunTime:0.003098s ]

[ 2016-01-25T15:38:20+08:00 ] 127.0.0.1 /two/ThinkPHP/index.php/Home/User/checkEmail.html
INFO: [ app_begin ] --START--
INFO: Run Behavior\ReadHtmlCacheBehavior [ RunTime:0.001759s ]
INFO: [ app_begin ] --END-- [ RunTime:0.003107s ]
INFO: [ app_end ] --START--
INFO: Run Behavior\ShowPageTraceBehavior [ RunTime:0.002037s ]
INFO: [ app_end ] --END-- [ RunTime:0.002274s ]

[ 2016-01-25T15:38:23+08:00 ] 127.0.0.1 /two/ThinkPHP/index.php/Home/User/requireCity.html
INFO: [ app_begin ] --START--
INFO: Run Behavior\ReadHtmlCacheBehavior [ RunTime:0.001784s ]
INFO: [ app_begin ] --END-- [ RunTime:0.003265s ]
SQL: DESCRIBE truck_area [ RunTime:0.012282s ]
SQL: SELECT * FROM `truck_area` WHERE ( upid=0 )  [ RunTime:0.001252s ]

[ 2016-01-25T15:38:28+08:00 ] 127.0.0.1 /two/ThinkPHP/index.php/Home/User/sendEmail.html
INFO: [ app_begin ] --START--
INFO: Run Behavior\ReadHtmlCacheBehavior [ RunTime:0.001744s ]
INFO: [ app_begin ] --END-- [ RunTime:0.003054s ]

[ 2016-01-25T15:38:30+08:00 ] 127.0.0.1 /two/ThinkPHP/index.php/Home/User/sendEmail.html
INFO: [ app_begin ] --START--
INFO: Run Behavior\ReadHtmlCacheBehavior [ RunTime:0.001620s ]
INFO: [ app_begin ] --END-- [ RunTime:0.002845s ]

[ 2016-01-25T15:38:39+08:00 ] 127.0.0.1 /two/ThinkPHP/index.php/Home/User/checkEmail.html
INFO: [ app_begin ] --START--
INFO: Run Behavior\ReadHtmlCacheBehavior [ RunTime:0.001719s ]
INFO: [ app_begin ] --END-- [ RunTime:0.003950s ]
INFO: [ app_end ] --START--
INFO: Run Behavior\ShowPageTraceBehavior [ RunTime:0.001802s ]
INFO: [ app_end ] --END-- [ RunTime:0.001996s ]

[ 2016-01-25T15:38:46+08:00 ] 127.0.0.1 /two/ThinkPHP/index.php/Home/User/checkEmail.html
INFO: [ app_begin ] --START--
INFO: Run Behavior\ReadHtmlCacheBehavior [ RunTime:0.001689s ]
INFO: [ app_begin ] --END-- [ RunTime:0.003042s ]
INFO: [ app_end ] --START--
INFO: Run Behavior\ShowPageTraceBehavior [ RunTime:0.002182s ]
INFO: [ app_end ] --END-- [ RunTime:0.002437s ]

[ 2016-01-25T15:38:53+08:00 ] 127.0.0.1 /two/ThinkPHP/index.php/Home/User/requireCity.html
INFO: [ app_begin ] --START--
INFO: Run Behavior\ReadHtmlCacheBehavior [ RunTime:0.002859s ]
INFO: [ app_begin ] --END-- [ RunTime:0.005797s ]
SQL: DESCRIBE truck_area [ RunTime:0.014578s ]
SQL: SELECT * FROM `truck_area` WHERE ( upid=0 )  [ RunTime:0.001515s ]

[ 2016-01-25T15:48:56+08:00 ] 127.0.0.1 /two/ThinkPHP/index.php/Home/User/requireCity.html
INFO: [ app_begin ] --START--
INFO: Run Behavior\ReadHtmlCacheBehavior [ RunTime:0.001698s ]
INFO: [ app_begin ] --END-- [ RunTime:0.002962s ]
SQL: DESCRIBE truck_area [ RunTime:0.012066s ]
SQL: SELECT * FROM `truck_area` WHERE ( upid=0 )  [ RunTime:0.001383s ]

