[ 2016-01-13T09:04:11+08:00 ] 127.0.0.1 /two/ThinkPHP/Home/User/rsteregi
ERR: 非法操作:rsteregi

[ 2016-01-13T09:04:18+08:00 ] 127.0.0.1 /two/ThinkPHP/Home/User/rstereg
ERR: 非法操作:rstereg

[ 2016-01-13T09:04:25+08:00 ] 127.0.0.1 /two/ThinkPHP/index.php/Home/User/requireCity.html
INFO: [ app_begin ] --START--
INFO: Run Behavior\ReadHtmlCacheBehavior [ RunTime:0.002022s ]
INFO: [ app_begin ] --END-- [ RunTime:0.003528s ]
SQL: DESCRIBE truck_area [ RunTime:0.051491s ]
SQL: SELECT * FROM `truck_area` WHERE ( upid=0 )  [ RunTime:0.034318s ]

[ 2016-01-13T09:05:00+08:00 ] 127.0.0.1 /two/ThinkPHP/index.php/Home/User/requireCity.html
INFO: [ app_begin ] --START--
INFO: Run Behavior\ReadHtmlCacheBehavior [ RunTime:0.002063s ]
INFO: [ app_begin ] --END-- [ RunTime:0.003452s ]
SQL: DESCRIBE truck_area [ RunTime:0.008010s ]
SQL: SELECT * FROM `truck_area` WHERE ( upid=0 )  [ RunTime:0.001890s ]

[ 2016-01-13T09:05:54+08:00 ] 127.0.0.1 /two/ThinkPHP/index.php/Home/User/requireCity.html
INFO: [ app_begin ] --START--
INFO: Run Behavior\ReadHtmlCacheBehavior [ RunTime:0.001896s ]
INFO: [ app_begin ] --END-- [ RunTime:0.003293s ]
SQL: DESCRIBE truck_area [ RunTime:0.007164s ]
SQL: SELECT * FROM `truck_area` WHERE ( upid=0 )  [ RunTime:0.001324s ]

[ 2016-01-13T09:07:54+08:00 ] 127.0.0.1 /two/ThinkPHP/index.php/Home/User/requireCity.html
INFO: [ app_begin ] --START--
INFO: Run Behavior\ReadHtmlCacheBehavior [ RunTime:0.001888s ]
INFO: [ app_begin ] --END-- [ RunTime:0.003292s ]
SQL: DESCRIBE truck_area [ RunTime:0.006502s ]
SQL: SELECT * FROM `truck_area` WHERE ( upid=0 )  [ RunTime:0.000969s ]

[ 2016-01-13T09:10:55+08:00 ] 127.0.0.1 /two/ThinkPHP/index.php/Home/User/requireCity.html
INFO: [ app_begin ] --START--
INFO: Run Behavior\ReadHtmlCacheBehavior [ RunTime:0.002019s ]
INFO: [ app_begin ] --END-- [ RunTime:0.003159s ]
SQL: DESCRIBE truck_area [ RunTime:0.007490s ]
SQL: SELECT * FROM `truck_area` WHERE ( upid=0 )  [ RunTime:0.001031s ]

[ 2016-01-13T09:14:28+08:00 ] 127.0.0.1 /two/ThinkPHP/index.php/Home/User/requireCity.html
INFO: [ app_begin ] --START--
INFO: Run Behavior\ReadHtmlCacheBehavior [ RunTime:0.001666s ]
INFO: [ app_begin ] --END-- [ RunTime:0.002833s ]
SQL: DESCRIBE truck_area [ RunTime:0.009462s ]
SQL: SELECT * FROM `truck_area` WHERE ( upid=0 )  [ RunTime:0.001266s ]

[ 2016-01-13T09:17:35+08:00 ] 127.0.0.1 /two/ThinkPHP/index.php/Home/User/requireCity.html
INFO: [ app_begin ] --START--
INFO: Run Behavior\ReadHtmlCacheBehavior [ RunTime:0.003885s ]
INFO: [ app_begin ] --END-- [ RunTime:0.006389s ]
SQL: DESCRIBE truck_area [ RunTime:0.010147s ]
SQL: SELECT * FROM `truck_area` WHERE ( upid=0 )  [ RunTime:0.002098s ]

[ 2016-01-13T09:17:55+08:00 ] 127.0.0.1 /two/ThinkPHP/index.php/Home/User/requireCity.html
INFO: [ app_begin ] --START--
INFO: Run Behavior\ReadHtmlCacheBehavior [ RunTime:0.001939s ]
INFO: [ app_begin ] --END-- [ RunTime:0.003531s ]
SQL: DESCRIBE truck_area [ RunTime:0.007561s ]
SQL: SELECT * FROM `truck_area` WHERE ( upid=0 )  [ RunTime:0.001613s ]

[ 2016-01-13T09:37:05+08:00 ] 127.0.0.1 /two/ThinkPHP/index.php/Home/User/requireCity.html
INFO: [ app_begin ] --START--
INFO: Run Behavior\ReadHtmlCacheBehavior [ RunTime:0.003880s ]
INFO: [ app_begin ] --END-- [ RunTime:0.005894s ]
SQL: DESCRIBE truck_area [ RunTime:0.007278s ]
SQL: SELECT * FROM `truck_area` WHERE ( upid=0 )  [ RunTime:0.000912s ]

[ 2016-01-13T09:37:08+08:00 ] 127.0.0.1 /two/ThinkPHP/index.php/Home/User/requireCity.html
INFO: [ app_begin ] --START--
INFO: Run Behavior\ReadHtmlCacheBehavior [ RunTime:0.003423s ]
INFO: [ app_begin ] --END-- [ RunTime:0.005925s ]
SQL: DESCRIBE truck_area [ RunTime:0.007875s ]
SQL: SELECT * FROM `truck_area` WHERE ( upid=0 )  [ RunTime:0.001582s ]

[ 2016-01-13T09:38:10+08:00 ] 127.0.0.1 /two/ThinkPHP/index.php/Home/User/requireCity.html
INFO: [ app_begin ] --START--
INFO: Run Behavior\ReadHtmlCacheBehavior [ RunTime:0.001397s ]
INFO: [ app_begin ] --END-- [ RunTime:0.002495s ]
SQL: DESCRIBE truck_area [ RunTime:0.115201s ]
SQL: SELECT * FROM `truck_area` WHERE ( upid=0 )  [ RunTime:0.001052s ]

[ 2016-01-13T09:38:22+08:00 ] 127.0.0.1 /two/ThinkPHP/index.php/Home/User/valCode.html
INFO: [ app_begin ] --START--
INFO: Run Behavior\ReadHtmlCacheBehavior [ RunTime:0.002458s ]
INFO: [ app_begin ] --END-- [ RunTime:0.004134s ]
ERR: 非法操作:valCode

[ 2016-01-13T09:40:07+08:00 ] 127.0.0.1 /two/ThinkPHP/index.php/Home/User/requireCity.html
INFO: [ app_begin ] --START--
INFO: Run Behavior\ReadHtmlCacheBehavior [ RunTime:0.001786s ]
INFO: [ app_begin ] --END-- [ RunTime:0.003243s ]
SQL: DESCRIBE truck_area [ RunTime:0.008886s ]
SQL: SELECT * FROM `truck_area` WHERE ( upid=0 )  [ RunTime:0.001682s ]

[ 2016-01-13T09:40:14+08:00 ] 127.0.0.1 /two/ThinkPHP/index.php/Home/User/valCode.html
INFO: [ app_begin ] --START--
INFO: Run Behavior\ReadHtmlCacheBehavior [ RunTime:0.002052s ]
INFO: [ app_begin ] --END-- [ RunTime:0.003831s ]
ERR: 非法操作:valCode

[ 2016-01-13T09:40:28+08:00 ] 127.0.0.1 /two/ThinkPHP/index.php/Home/User/valUserName.html
INFO: [ app_begin ] --START--
INFO: Run Behavior\ReadHtmlCacheBehavior [ RunTime:0.002267s ]
INFO: [ app_begin ] --END-- [ RunTime:0.003562s ]
SQL: DESCRIBE truck_user [ RunTime:0.052011s ]
SQL: SELECT * FROM `truck_user` WHERE `username` = '123' AND `cate` = 2 LIMIT 1   [ RunTime:0.001435s ]

[ 2016-01-13T09:40:35+08:00 ] 127.0.0.1 /two/ThinkPHP/index.php/Home/User/valUserName.html
INFO: [ app_begin ] --START--
INFO: Run Behavior\ReadHtmlCacheBehavior [ RunTime:0.001914s ]
INFO: [ app_begin ] --END-- [ RunTime:0.003559s ]
SQL: DESCRIBE truck_user [ RunTime:0.008394s ]
SQL: SELECT * FROM `truck_user` WHERE `username` = '1234' AND `cate` = 2 LIMIT 1   [ RunTime:0.001158s ]

[ 2016-01-13T09:42:17+08:00 ] 127.0.0.1 /two/ThinkPHP/index.php/Home/User/valCode.html
INFO: [ app_begin ] --START--
INFO: Run Behavior\ReadHtmlCacheBehavior [ RunTime:0.001988s ]
INFO: [ app_begin ] --END-- [ RunTime:0.003494s ]
ERR: 非法操作:valCode

[ 2016-01-13T09:42:22+08:00 ] 127.0.0.1 /two/ThinkPHP/index.php/Home/User/valCode.html
INFO: [ app_begin ] --START--
INFO: Run Behavior\ReadHtmlCacheBehavior [ RunTime:0.002146s ]
INFO: [ app_begin ] --END-- [ RunTime:0.004046s ]
ERR: 非法操作:valCode

[ 2016-01-13T09:42:42+08:00 ] 127.0.0.1 /two/ThinkPHP/index.php/Home/User/valCode.html
INFO: [ app_begin ] --START--
INFO: Run Behavior\ReadHtmlCacheBehavior [ RunTime:0.001954s ]
INFO: [ app_begin ] --END-- [ RunTime:0.003345s ]
ERR: 非法操作:valCode

[ 2016-01-13T09:43:03+08:00 ] 127.0.0.1 /two/ThinkPHP/index.php/Home/User/requireCity.html
INFO: [ app_begin ] --START--
INFO: Run Behavior\ReadHtmlCacheBehavior [ RunTime:0.001832s ]
INFO: [ app_begin ] --END-- [ RunTime:0.003295s ]
SQL: DESCRIBE truck_area [ RunTime:0.009092s ]
SQL: SELECT * FROM `truck_area` WHERE ( upid=0 )  [ RunTime:0.001828s ]

[ 2016-01-13T09:43:11+08:00 ] 127.0.0.1 /two/ThinkPHP/index.php/Home/User/valCode.html
INFO: [ app_begin ] --START--
INFO: Run Behavior\ReadHtmlCacheBehavior [ RunTime:0.001996s ]
INFO: [ app_begin ] --END-- [ RunTime:0.003386s ]
ERR: 非法操作:valCode

[ 2016-01-13T09:56:47+08:00 ] 127.0.0.1 /two/ThinkPHP/index.php/Home/User/valCode.html
INFO: [ app_begin ] --START--
INFO: Run Behavior\ReadHtmlCacheBehavior [ RunTime:0.002106s ]
INFO: [ app_begin ] --END-- [ RunTime:0.003503s ]
ERR: 非法操作:valCode

[ 2016-01-13T09:57:26+08:00 ] 127.0.0.1 /two/ThinkPHP/index.php/Home/User/valCode.html
INFO: [ app_begin ] --START--
INFO: Run Behavior\ReadHtmlCacheBehavior [ RunTime:0.003048s ]
INFO: [ app_begin ] --END-- [ RunTime:0.005456s ]
ERR: 非法操作:valCode

[ 2016-01-13T09:57:27+08:00 ] 127.0.0.1 /two/ThinkPHP/index.php/Home/User/valCode.html
INFO: [ app_begin ] --START--
INFO: Run Behavior\ReadHtmlCacheBehavior [ RunTime:0.001743s ]
INFO: [ app_begin ] --END-- [ RunTime:0.003026s ]
ERR: 非法操作:valCode

[ 2016-01-13T09:57:28+08:00 ] 127.0.0.1 /two/ThinkPHP/index.php/Home/User/requireCity.html
INFO: [ app_begin ] --START--
INFO: Run Behavior\ReadHtmlCacheBehavior [ RunTime:0.001618s ]
INFO: [ app_begin ] --END-- [ RunTime:0.002924s ]
SQL: DESCRIBE truck_area [ RunTime:0.008492s ]
SQL: SELECT * FROM `truck_area` WHERE ( upid=0 )  [ RunTime:0.001256s ]

[ 2016-01-13T09:57:35+08:00 ] 127.0.0.1 /two/ThinkPHP/index.php/Home/User/valCode.html
INFO: [ app_begin ] --START--
INFO: Run Behavior\ReadHtmlCacheBehavior [ RunTime:0.002218s ]
INFO: [ app_begin ] --END-- [ RunTime:0.003681s ]
ERR: 非法操作:valCode

[ 2016-01-13T09:58:00+08:00 ] 127.0.0.1 /two/ThinkPHP/index.php/Home/User/valCode.html
INFO: [ app_begin ] --START--
INFO: Run Behavior\ReadHtmlCacheBehavior [ RunTime:0.002066s ]
INFO: [ app_begin ] --END-- [ RunTime:0.003868s ]
ERR: 非法操作:valCode

[ 2016-01-13T09:58:03+08:00 ] 127.0.0.1 /two/ThinkPHP/index.php/Home/User/valCode.html
INFO: [ app_begin ] --START--
INFO: Run Behavior\ReadHtmlCacheBehavior [ RunTime:0.004067s ]
INFO: [ app_begin ] --END-- [ RunTime:0.005339s ]
ERR: 非法操作:valCode

[ 2016-01-13T09:58:57+08:00 ] 127.0.0.1 /two/ThinkPHP/index.php/Home/User/valCode.html
INFO: [ app_begin ] --START--
INFO: Run Behavior\ReadHtmlCacheBehavior [ RunTime:0.001830s ]
INFO: [ app_begin ] --END-- [ RunTime:0.003779s ]
ERR: 非法操作:valCode

[ 2016-01-13T09:58:59+08:00 ] 127.0.0.1 /two/ThinkPHP/index.php/Home/User/requireCity.html
INFO: [ app_begin ] --START--
INFO: Run Behavior\ReadHtmlCacheBehavior [ RunTime:0.002774s ]
INFO: [ app_begin ] --END-- [ RunTime:0.004588s ]
SQL: DESCRIBE truck_area [ RunTime:0.011451s ]
SQL: SELECT * FROM `truck_area` WHERE ( upid=0 )  [ RunTime:0.001875s ]

[ 2016-01-13T09:59:03+08:00 ] 127.0.0.1 /two/ThinkPHP/index.php/Home/User/valCode.html
INFO: [ app_begin ] --START--
INFO: Run Behavior\ReadHtmlCacheBehavior [ RunTime:0.002400s ]
INFO: [ app_begin ] --END-- [ RunTime:0.003765s ]
ERR: 非法操作:valCode

[ 2016-01-13T09:59:24+08:00 ] 127.0.0.1 /two/ThinkPHP/index.php/Home/User/valCode.html
INFO: [ app_begin ] --START--
INFO: Run Behavior\ReadHtmlCacheBehavior [ RunTime:0.002040s ]
INFO: [ app_begin ] --END-- [ RunTime:0.003484s ]
ERR: 非法操作:valCode

[ 2016-01-13T10:01:24+08:00 ] 127.0.0.1 /two/ThinkPHP/index.php/Home/User/requireCity.html
INFO: [ app_begin ] --START--
INFO: Run Behavior\ReadHtmlCacheBehavior [ RunTime:0.005372s ]
INFO: [ app_begin ] --END-- [ RunTime:0.007343s ]
SQL: DESCRIBE truck_area [ RunTime:0.010722s ]
SQL: SELECT * FROM `truck_area` WHERE ( upid=0 )  [ RunTime:0.001506s ]

[ 2016-01-13T10:01:25+08:00 ] 127.0.0.1 /two/ThinkPHP/index.php/Home/User/requireCity.html
INFO: [ app_begin ] --START--
INFO: Run Behavior\ReadHtmlCacheBehavior [ RunTime:0.002485s ]
INFO: [ app_begin ] --END-- [ RunTime:0.004298s ]
SQL: DESCRIBE truck_area [ RunTime:0.005567s ]
SQL: SELECT * FROM `truck_area` WHERE ( upid=0 )  [ RunTime:0.001408s ]

[ 2016-01-13T10:01:35+08:00 ] 127.0.0.1 /two/ThinkPHP/index.php/Home/User/requireCity.html
INFO: [ app_begin ] --START--
INFO: Run Behavior\ReadHtmlCacheBehavior [ RunTime:0.003089s ]
INFO: [ app_begin ] --END-- [ RunTime:0.006133s ]
SQL: DESCRIBE truck_area [ RunTime:0.007615s ]
SQL: SELECT * FROM `truck_area` WHERE ( upid=0 )  [ RunTime:0.001164s ]

[ 2016-01-13T10:01:35+08:00 ] 127.0.0.1 /two/ThinkPHP/index.php/Home/User/requireCity.html
INFO: [ app_begin ] --START--
INFO: Run Behavior\ReadHtmlCacheBehavior [ RunTime:0.001583s ]
INFO: [ app_begin ] --END-- [ RunTime:0.002626s ]
SQL: DESCRIBE truck_area [ RunTime:0.005622s ]
SQL: SELECT * FROM `truck_area` WHERE ( upid=0 )  [ RunTime:0.000846s ]

[ 2016-01-13T10:01:39+08:00 ] 127.0.0.1 /two/ThinkPHP/index.php/Home/User/valCode1.html
INFO: [ app_begin ] --START--
INFO: Run Behavior\ReadHtmlCacheBehavior [ RunTime:0.001784s ]
INFO: [ app_begin ] --END-- [ RunTime:0.003349s ]

[ 2016-01-13T10:05:37+08:00 ] 127.0.0.1 /two/ThinkPHP/index.php/Home/User/requireCity.html
INFO: [ app_begin ] --START--
INFO: Run Behavior\ReadHtmlCacheBehavior [ RunTime:0.004120s ]
INFO: [ app_begin ] --END-- [ RunTime:0.006364s ]
SQL: DESCRIBE truck_area [ RunTime:0.008281s ]
SQL: SELECT * FROM `truck_area` WHERE ( upid=0 )  [ RunTime:0.001216s ]

[ 2016-01-13T10:05:48+08:00 ] 127.0.0.1 /two/ThinkPHP/index.php/Home/User/valCode1.html
INFO: [ app_begin ] --START--
INFO: Run Behavior\ReadHtmlCacheBehavior [ RunTime:0.001640s ]
INFO: [ app_begin ] --END-- [ RunTime:0.003034s ]

[ 2016-01-13T10:05:52+08:00 ] 127.0.0.1 /two/ThinkPHP/index.php/Home/User/valCode1.html
INFO: [ app_begin ] --START--
INFO: Run Behavior\ReadHtmlCacheBehavior [ RunTime:0.001804s ]
INFO: [ app_begin ] --END-- [ RunTime:0.003109s ]

[ 2016-01-13T10:05:55+08:00 ] 127.0.0.1 /two/ThinkPHP/index.php/Home/User/requireCity.html
INFO: [ app_begin ] --START--
INFO: Run Behavior\ReadHtmlCacheBehavior [ RunTime:0.001203s ]
INFO: [ app_begin ] --END-- [ RunTime:0.002208s ]
SQL: DESCRIBE truck_area [ RunTime:0.006278s ]
SQL: SELECT * FROM `truck_area` WHERE ( upid=0 )  [ RunTime:0.000857s ]

[ 2016-01-13T10:05:58+08:00 ] 127.0.0.1 /two/ThinkPHP/index.php/Home/User/valCode1.html
INFO: [ app_begin ] --START--
INFO: Run Behavior\ReadHtmlCacheBehavior [ RunTime:0.001805s ]
INFO: [ app_begin ] --END-- [ RunTime:0.003119s ]

[ 2016-01-13T10:07:16+08:00 ] 127.0.0.1 /two/ThinkPHP/index.php/Home/User/requireCity.html
INFO: [ app_begin ] --START--
INFO: Run Behavior\ReadHtmlCacheBehavior [ RunTime:0.001834s ]
INFO: [ app_begin ] --END-- [ RunTime:0.003258s ]
SQL: DESCRIBE truck_area [ RunTime:0.007665s ]
SQL: SELECT * FROM `truck_area` WHERE ( upid=0 )  [ RunTime:0.001442s ]

[ 2016-01-13T10:07:17+08:00 ] 127.0.0.1 /two/ThinkPHP/index.php/Home/User/requireCity.html
INFO: [ app_begin ] --START--
INFO: Run Behavior\ReadHtmlCacheBehavior [ RunTime:0.002091s ]
INFO: [ app_begin ] --END-- [ RunTime:0.003519s ]
SQL: DESCRIBE truck_area [ RunTime:0.013959s ]
SQL: SELECT * FROM `truck_area` WHERE ( upid=0 )  [ RunTime:0.001591s ]

[ 2016-01-13T10:07:17+08:00 ] 127.0.0.1 /two/ThinkPHP/index.php/Home/User/requireCity.html
INFO: [ app_begin ] --START--
INFO: Run Behavior\ReadHtmlCacheBehavior [ RunTime:0.001785s ]
INFO: [ app_begin ] --END-- [ RunTime:0.003284s ]
SQL: DESCRIBE truck_area [ RunTime:0.010525s ]
SQL: SELECT * FROM `truck_area` WHERE ( upid=0 )  [ RunTime:0.001970s ]

[ 2016-01-13T10:07:18+08:00 ] 127.0.0.1 /two/ThinkPHP/index.php/Home/User/requireCity.html
INFO: [ app_begin ] --START--
INFO: Run Behavior\ReadHtmlCacheBehavior [ RunTime:0.001858s ]
INFO: [ app_begin ] --END-- [ RunTime:0.003285s ]
SQL: DESCRIBE truck_area [ RunTime:0.007920s ]
SQL: SELECT * FROM `truck_area` WHERE ( upid=0 )  [ RunTime:0.001356s ]

[ 2016-01-13T10:07:25+08:00 ] 127.0.0.1 /two/ThinkPHP/index.php/Home/User/valCode1.html
INFO: [ app_begin ] --START--
INFO: Run Behavior\ReadHtmlCacheBehavior [ RunTime:0.001688s ]
INFO: [ app_begin ] --END-- [ RunTime:0.002957s ]
INFO: [ app_end ] --START--
INFO: Run Behavior\ShowPageTraceBehavior [ RunTime:0.001741s ]
INFO: [ app_end ] --END-- [ RunTime:0.002002s ]

[ 2016-01-13T10:07:32+08:00 ] 127.0.0.1 /two/ThinkPHP/index.php/Home/User/valCode1.html
INFO: [ app_begin ] --START--
INFO: Run Behavior\ReadHtmlCacheBehavior [ RunTime:0.001816s ]
INFO: [ app_begin ] --END-- [ RunTime:0.003256s ]
INFO: [ app_end ] --START--
INFO: Run Behavior\ShowPageTraceBehavior [ RunTime:0.001993s ]
INFO: [ app_end ] --END-- [ RunTime:0.002302s ]

[ 2016-01-13T10:08:11+08:00 ] 127.0.0.1 /two/ThinkPHP/index.php/Home/User/requireCity.html
INFO: [ app_begin ] --START--
INFO: Run Behavior\ReadHtmlCacheBehavior [ RunTime:0.001287s ]
INFO: [ app_begin ] --END-- [ RunTime:0.002603s ]
SQL: DESCRIBE truck_area [ RunTime:0.010262s ]
SQL: SELECT * FROM `truck_area` WHERE ( upid=0 )  [ RunTime:0.000861s ]

[ 2016-01-13T10:08:12+08:00 ] 127.0.0.1 /two/ThinkPHP/index.php/Home/User/requireCity.html
INFO: [ app_begin ] --START--
INFO: Run Behavior\ReadHtmlCacheBehavior [ RunTime:0.001278s ]
INFO: [ app_begin ] --END-- [ RunTime:0.002591s ]
SQL: DESCRIBE truck_area [ RunTime:0.005947s ]
SQL: SELECT * FROM `truck_area` WHERE ( upid=0 )  [ RunTime:0.000957s ]

[ 2016-01-13T10:08:12+08:00 ] 127.0.0.1 /two/ThinkPHP/index.php/Home/User/requireCity.html
INFO: [ app_begin ] --START--
INFO: Run Behavior\ReadHtmlCacheBehavior [ RunTime:0.001221s ]
INFO: [ app_begin ] --END-- [ RunTime:0.002255s ]
SQL: DESCRIBE truck_area [ RunTime:0.006921s ]
SQL: SELECT * FROM `truck_area` WHERE ( upid=0 )  [ RunTime:0.000851s ]

[ 2016-01-13T10:08:19+08:00 ] 127.0.0.1 /two/ThinkPHP/index.php/Home/User/valCode1.html
INFO: [ app_begin ] --START--
INFO: Run Behavior\ReadHtmlCacheBehavior [ RunTime:0.001506s ]
INFO: [ app_begin ] --END-- [ RunTime:0.002663s ]

[ 2016-01-13T10:09:05+08:00 ] 127.0.0.1 /two/ThinkPHP/index.php/Home/User/requireCity.html
INFO: [ app_begin ] --START--
INFO: Run Behavior\ReadHtmlCacheBehavior [ RunTime:0.004449s ]
INFO: [ app_begin ] --END-- [ RunTime:0.006806s ]
SQL: DESCRIBE truck_area [ RunTime:0.006305s ]
SQL: SELECT * FROM `truck_area` WHERE ( upid=0 )  [ RunTime:0.001022s ]

[ 2016-01-13T10:09:11+08:00 ] 127.0.0.1 /two/ThinkPHP/index.php/Home/User/valCode1.html
INFO: [ app_begin ] --START--
INFO: Run Behavior\ReadHtmlCacheBehavior [ RunTime:0.002141s ]
INFO: [ app_begin ] --END-- [ RunTime:0.003743s ]
NOTIC: [8] Use of undefined constant console - assumed 'console' D:\wamp\www\two\ThinkPHP\TruckHome\Home\Controller\UserController.class.php 第 59 行.
NOTIC: [2] log() expects parameter 1 to be double, array given D:\wamp\www\two\ThinkPHP\TruckHome\Home\Controller\UserController.class.php 第 59 行.

[ 2016-01-13T10:09:36+08:00 ] 127.0.0.1 /two/ThinkPHP/index.php/Home/User/requireCity.html
INFO: [ app_begin ] --START--
INFO: Run Behavior\ReadHtmlCacheBehavior [ RunTime:0.003583s ]
INFO: [ app_begin ] --END-- [ RunTime:0.007821s ]
SQL: DESCRIBE truck_area [ RunTime:0.009934s ]
SQL: SELECT * FROM `truck_area` WHERE ( upid=0 )  [ RunTime:0.001359s ]

[ 2016-01-13T10:09:36+08:00 ] 127.0.0.1 /two/ThinkPHP/index.php/Home/User/requireCity.html
INFO: [ app_begin ] --START--
INFO: Run Behavior\ReadHtmlCacheBehavior [ RunTime:0.003009s ]
INFO: [ app_begin ] --END-- [ RunTime:0.005451s ]
SQL: DESCRIBE truck_area [ RunTime:0.007696s ]
SQL: SELECT * FROM `truck_area` WHERE ( upid=0 )  [ RunTime:0.002378s ]

[ 2016-01-13T10:09:42+08:00 ] 127.0.0.1 /two/ThinkPHP/index.php/Home/User/valCode1.html
INFO: [ app_begin ] --START--
INFO: Run Behavior\ReadHtmlCacheBehavior [ RunTime:0.002102s ]
INFO: [ app_begin ] --END-- [ RunTime:0.003474s ]

[ 2016-01-13T10:10:40+08:00 ] 127.0.0.1 /two/ThinkPHP/index.php/Home/User/requireCity.html
INFO: [ app_begin ] --START--
INFO: Run Behavior\ReadHtmlCacheBehavior [ RunTime:0.003216s ]
INFO: [ app_begin ] --END-- [ RunTime:0.005116s ]
SQL: DESCRIBE truck_area [ RunTime:0.007454s ]
SQL: SELECT * FROM `truck_area` WHERE ( upid=0 )  [ RunTime:0.001283s ]

[ 2016-01-13T10:10:40+08:00 ] 127.0.0.1 /two/ThinkPHP/index.php/Home/User/requireCity.html
INFO: [ app_begin ] --START--
INFO: Run Behavior\ReadHtmlCacheBehavior [ RunTime:0.002314s ]
INFO: [ app_begin ] --END-- [ RunTime:0.005570s ]
SQL: DESCRIBE truck_area [ RunTime:0.007433s ]
SQL: SELECT * FROM `truck_area` WHERE ( upid=0 )  [ RunTime:0.001010s ]

[ 2016-01-13T10:10:45+08:00 ] 127.0.0.1 /two/ThinkPHP/index.php/Home/User/valCode1.html
INFO: [ app_begin ] --START--
INFO: Run Behavior\ReadHtmlCacheBehavior [ RunTime:0.002456s ]
INFO: [ app_begin ] --END-- [ RunTime:0.005335s ]

[ 2016-01-13T10:11:22+08:00 ] 127.0.0.1 /two/ThinkPHP/index.php/Home/User/requireCity.html
INFO: [ app_begin ] --START--
INFO: Run Behavior\ReadHtmlCacheBehavior [ RunTime:0.003274s ]
INFO: [ app_begin ] --END-- [ RunTime:0.005360s ]
SQL: DESCRIBE truck_area [ RunTime:0.006801s ]
SQL: SELECT * FROM `truck_area` WHERE ( upid=0 )  [ RunTime:0.000905s ]

[ 2016-01-13T10:11:27+08:00 ] 127.0.0.1 /two/ThinkPHP/index.php/Home/User/valCode1.html
INFO: [ app_begin ] --START--
INFO: Run Behavior\ReadHtmlCacheBehavior [ RunTime:0.002427s ]
INFO: [ app_begin ] --END-- [ RunTime:0.004629s ]

[ 2016-01-13T10:11:32+08:00 ] 127.0.0.1 /two/ThinkPHP/index.php/Home/User/valCode1.html
INFO: [ app_begin ] --START--
INFO: Run Behavior\ReadHtmlCacheBehavior [ RunTime:0.005253s ]
INFO: [ app_begin ] --END-- [ RunTime:0.007191s ]

[ 2016-01-13T10:12:17+08:00 ] 127.0.0.1 /two/ThinkPHP/index.php/Home/User/requireCity.html
INFO: [ app_begin ] --START--
INFO: Run Behavior\ReadHtmlCacheBehavior [ RunTime:0.005979s ]
INFO: [ app_begin ] --END-- [ RunTime:0.008135s ]
SQL: DESCRIBE truck_area [ RunTime:0.007091s ]
SQL: SELECT * FROM `truck_area` WHERE ( upid=0 )  [ RunTime:0.001412s ]

[ 2016-01-13T10:12:20+08:00 ] 127.0.0.1 /two/ThinkPHP/index.php/Home/User/valCode1.html
INFO: [ app_begin ] --START--
INFO: Run Behavior\ReadHtmlCacheBehavior [ RunTime:0.002357s ]
INFO: [ app_begin ] --END-- [ RunTime:0.009099s ]

[ 2016-01-13T10:12:27+08:00 ] 127.0.0.1 /two/ThinkPHP/index.php/Home/User/valCode1.html
INFO: [ app_begin ] --START--
INFO: Run Behavior\ReadHtmlCacheBehavior [ RunTime:0.001657s ]
INFO: [ app_begin ] --END-- [ RunTime:0.002903s ]

[ 2016-01-13T10:12:55+08:00 ] 127.0.0.1 /two/ThinkPHP/index.php/Home/User/requireCity.html
INFO: [ app_begin ] --START--
INFO: Run Behavior\ReadHtmlCacheBehavior [ RunTime:0.002725s ]
INFO: [ app_begin ] --END-- [ RunTime:0.004683s ]
SQL: DESCRIBE truck_area [ RunTime:0.007731s ]
SQL: SELECT * FROM `truck_area` WHERE ( upid=0 )  [ RunTime:0.001279s ]

[ 2016-01-13T10:12:57+08:00 ] 127.0.0.1 /two/ThinkPHP/index.php/Home/User/valCode1.html
INFO: [ app_begin ] --START--
INFO: Run Behavior\ReadHtmlCacheBehavior [ RunTime:0.002665s ]
INFO: [ app_begin ] --END-- [ RunTime:0.005253s ]
INFO: [ app_end ] --START--
INFO: Run Behavior\ShowPageTraceBehavior [ RunTime:0.002192s ]
INFO: [ app_end ] --END-- [ RunTime:0.002451s ]

[ 2016-01-13T10:13:12+08:00 ] 127.0.0.1 /two/ThinkPHP/index.php/Home/User/requireCity.html
INFO: [ app_begin ] --START--
INFO: Run Behavior\ReadHtmlCacheBehavior [ RunTime:0.003276s ]
INFO: [ app_begin ] --END-- [ RunTime:0.006938s ]
SQL: DESCRIBE truck_area [ RunTime:0.010177s ]
SQL: SELECT * FROM `truck_area` WHERE ( upid=0 )  [ RunTime:0.001203s ]

[ 2016-01-13T10:13:14+08:00 ] 127.0.0.1 /two/ThinkPHP/index.php/Home/User/valCode1.html
INFO: [ app_begin ] --START--
INFO: Run Behavior\ReadHtmlCacheBehavior [ RunTime:0.002409s ]
INFO: [ app_begin ] --END-- [ RunTime:0.004295s ]
INFO: [ app_end ] --START--
INFO: Run Behavior\ShowPageTraceBehavior [ RunTime:0.004660s ]
INFO: [ app_end ] --END-- [ RunTime:0.004929s ]

[ 2016-01-13T10:13:17+08:00 ] 127.0.0.1 /two/ThinkPHP/index.php/Home/User/requireCity.html
INFO: [ app_begin ] --START--
INFO: Run Behavior\ReadHtmlCacheBehavior [ RunTime:0.002437s ]
INFO: [ app_begin ] --END-- [ RunTime:0.004257s ]
SQL: DESCRIBE truck_area [ RunTime:0.008281s ]
SQL: SELECT * FROM `truck_area` WHERE ( upid=0 )  [ RunTime:0.001200s ]

[ 2016-01-13T10:13:21+08:00 ] 127.0.0.1 /two/ThinkPHP/index.php/Home/User/valCode1.html
INFO: [ app_begin ] --START--
INFO: Run Behavior\ReadHtmlCacheBehavior [ RunTime:0.001777s ]
INFO: [ app_begin ] --END-- [ RunTime:0.004255s ]
INFO: [ app_end ] --START--
INFO: Run Behavior\ShowPageTraceBehavior [ RunTime:0.001841s ]
INFO: [ app_end ] --END-- [ RunTime:0.002096s ]

[ 2016-01-13T10:14:16+08:00 ] 127.0.0.1 /two/ThinkPHP/index.php/Home/User/requireCity.html
INFO: [ app_begin ] --START--
INFO: Run Behavior\ReadHtmlCacheBehavior [ RunTime:0.004484s ]
INFO: [ app_begin ] --END-- [ RunTime:0.007214s ]
SQL: DESCRIBE truck_area [ RunTime:0.008036s ]
SQL: SELECT * FROM `truck_area` WHERE ( upid=0 )  [ RunTime:0.001410s ]

[ 2016-01-13T10:15:09+08:00 ] 127.0.0.1 /two/ThinkPHP/index.php/Home/User/requireCity.html
INFO: [ app_begin ] --START--
INFO: Run Behavior\ReadHtmlCacheBehavior [ RunTime:0.001536s ]
INFO: [ app_begin ] --END-- [ RunTime:0.002754s ]
SQL: DESCRIBE truck_area [ RunTime:0.006255s ]
SQL: SELECT * FROM `truck_area` WHERE ( upid=0 )  [ RunTime:0.001381s ]

[ 2016-01-13T10:22:21+08:00 ] 127.0.0.1 /two/ThinkPHP/index.php/Home/User/requireCity.html
INFO: [ app_begin ] --START--
INFO: Run Behavior\ReadHtmlCacheBehavior [ RunTime:0.003441s ]
INFO: [ app_begin ] --END-- [ RunTime:0.008293s ]
SQL: DESCRIBE truck_area [ RunTime:0.009214s ]
SQL: SELECT * FROM `truck_area` WHERE ( upid=0 )  [ RunTime:0.001351s ]

[ 2016-01-13T10:22:26+08:00 ] 127.0.0.1 /two/ThinkPHP/index.php/Home/User/valCode1.html
INFO: [ app_begin ] --START--
INFO: Run Behavior\ReadHtmlCacheBehavior [ RunTime:0.001913s ]
INFO: [ app_begin ] --END-- [ RunTime:0.003320s ]
INFO: [ app_end ] --START--
INFO: Run Behavior\ShowPageTraceBehavior [ RunTime:0.001910s ]
INFO: [ app_end ] --END-- [ RunTime:0.002174s ]

[ 2016-01-13T10:22:31+08:00 ] 127.0.0.1 /two/ThinkPHP/index.php/Home/User/valCode1.html
INFO: [ app_begin ] --START--
INFO: Run Behavior\ReadHtmlCacheBehavior [ RunTime:0.001634s ]
INFO: [ app_begin ] --END-- [ RunTime:0.002908s ]
INFO: [ app_end ] --START--
INFO: Run Behavior\ShowPageTraceBehavior [ RunTime:0.001751s ]
INFO: [ app_end ] --END-- [ RunTime:0.002033s ]

[ 2016-01-13T10:32:22+08:00 ] 127.0.0.1 /two/ThinkPHP/index.php/Home/User/requireCity.html
INFO: [ app_begin ] --START--
INFO: Run Behavior\ReadHtmlCacheBehavior [ RunTime:0.002935s ]
INFO: [ app_begin ] --END-- [ RunTime:0.005607s ]
SQL: DESCRIBE truck_area [ RunTime:0.008668s ]
SQL: SELECT * FROM `truck_area` WHERE ( upid=0 )  [ RunTime:0.001299s ]

[ 2016-01-13T10:32:27+08:00 ] 127.0.0.1 /two/ThinkPHP/index.php/Home/User/requireCity.html
INFO: [ app_begin ] --START--
INFO: Run Behavior\ReadHtmlCacheBehavior [ RunTime:0.001794s ]
INFO: [ app_begin ] --END-- [ RunTime:0.003206s ]
SQL: DESCRIBE truck_area [ RunTime:0.008778s ]
SQL: SELECT * FROM `truck_area` WHERE ( upid=0 )  [ RunTime:0.000919s ]

[ 2016-01-13T10:32:35+08:00 ] 127.0.0.1 /two/ThinkPHP/index.php/Home/User/valUserName.html
INFO: [ app_begin ] --START--
INFO: Run Behavior\ReadHtmlCacheBehavior [ RunTime:0.001820s ]
INFO: [ app_begin ] --END-- [ RunTime:0.003135s ]
SQL: DESCRIBE truck_user [ RunTime:0.007973s ]
SQL: SELECT * FROM `truck_user` WHERE `username` = '1234' AND `cate` = 2 LIMIT 1   [ RunTime:0.001164s ]

[ 2016-01-13T10:32:38+08:00 ] 127.0.0.1 /two/ThinkPHP/index.php/Home/User/valUserName.html
INFO: [ app_begin ] --START--
INFO: Run Behavior\ReadHtmlCacheBehavior [ RunTime:0.001929s ]
INFO: [ app_begin ] --END-- [ RunTime:0.003338s ]
SQL: DESCRIBE truck_user [ RunTime:0.007351s ]
SQL: SELECT * FROM `truck_user` WHERE `username` = '12345' AND `cate` = 2 LIMIT 1   [ RunTime:0.000970s ]

[ 2016-01-13T10:32:44+08:00 ] 127.0.0.1 /two/ThinkPHP/index.php/Home/User/valCode1.html
INFO: [ app_begin ] --START--
INFO: Run Behavior\ReadHtmlCacheBehavior [ RunTime:0.001709s ]
INFO: [ app_begin ] --END-- [ RunTime:0.003434s ]
INFO: [ app_end ] --START--
INFO: Run Behavior\ShowPageTraceBehavior [ RunTime:0.003246s ]
INFO: [ app_end ] --END-- [ RunTime:0.003526s ]

[ 2016-01-13T10:32:53+08:00 ] 127.0.0.1 /two/ThinkPHP/index.php/Home/User/requireCity.html
INFO: [ app_begin ] --START--
INFO: Run Behavior\ReadHtmlCacheBehavior [ RunTime:0.002586s ]
INFO: [ app_begin ] --END-- [ RunTime:0.004186s ]
SQL: DESCRIBE truck_area [ RunTime:0.007308s ]
SQL: SELECT * FROM `truck_area` WHERE ( upid=0 )  [ RunTime:0.001439s ]

[ 2016-01-13T10:33:36+08:00 ] 127.0.0.1 /two/ThinkPHP/index.php/Home/User/requireCity.html
INFO: [ app_begin ] --START--
INFO: Run Behavior\ReadHtmlCacheBehavior [ RunTime:0.001265s ]
INFO: [ app_begin ] --END-- [ RunTime:0.002287s ]
SQL: DESCRIBE truck_area [ RunTime:0.005674s ]
SQL: SELECT * FROM `truck_area` WHERE ( upid=0 )  [ RunTime:0.001028s ]

[ 2016-01-13T10:34:18+08:00 ] 127.0.0.1 /two/ThinkPHP/index.php/Home/User/valUserName.html
INFO: [ app_begin ] --START--
INFO: Run Behavior\ReadHtmlCacheBehavior [ RunTime:0.001701s ]
INFO: [ app_begin ] --END-- [ RunTime:0.003016s ]
SQL: DESCRIBE truck_user [ RunTime:0.007362s ]
SQL: SELECT * FROM `truck_user` WHERE `username` = '1234' AND `cate` = 2 LIMIT 1   [ RunTime:0.000958s ]

[ 2016-01-13T10:34:41+08:00 ] 127.0.0.1 /two/ThinkPHP/index.php/Home/User/valUserName.html
INFO: [ app_begin ] --START--
INFO: Run Behavior\ReadHtmlCacheBehavior [ RunTime:0.001985s ]
INFO: [ app_begin ] --END-- [ RunTime:0.003528s ]
SQL: DESCRIBE truck_user [ RunTime:0.007472s ]
SQL: SELECT * FROM `truck_user` WHERE `username` = '123' AND `cate` = 2 LIMIT 1   [ RunTime:0.000901s ]

[ 2016-01-13T10:34:51+08:00 ] 127.0.0.1 /two/ThinkPHP/index.php/Home/User/requireCity.html
INFO: [ app_begin ] --START--
INFO: Run Behavior\ReadHtmlCacheBehavior [ RunTime:0.001934s ]
INFO: [ app_begin ] --END-- [ RunTime:0.003307s ]
SQL: DESCRIBE truck_area [ RunTime:0.007917s ]
SQL: SELECT * FROM `truck_area` WHERE ( upid=17 )  [ RunTime:0.001529s ]

[ 2016-01-13T10:34:53+08:00 ] 127.0.0.1 /two/ThinkPHP/index.php/Home/User/requireCity.html
INFO: [ app_begin ] --START--
INFO: Run Behavior\ReadHtmlCacheBehavior [ RunTime:0.002354s ]
INFO: [ app_begin ] --END-- [ RunTime:0.003734s ]
SQL: DESCRIBE truck_area [ RunTime:0.007524s ]
SQL: SELECT * FROM `truck_area` WHERE ( upid=258 )  [ RunTime:0.028148s ]

[ 2016-01-13T10:34:55+08:00 ] 127.0.0.1 /two/ThinkPHP/index.php/Home/User/requireCity.html
INFO: [ app_begin ] --START--
INFO: Run Behavior\ReadHtmlCacheBehavior [ RunTime:0.002398s ]
INFO: [ app_begin ] --END-- [ RunTime:0.003920s ]
SQL: DESCRIBE truck_area [ RunTime:0.007305s ]
SQL: SELECT * FROM `truck_area` WHERE ( upid=2812 )  [ RunTime:0.036073s ]

[ 2016-01-13T10:35:02+08:00 ] 127.0.0.1 /two/ThinkPHP/index.php/Home/User/valCode1.html
INFO: [ app_begin ] --START--
INFO: Run Behavior\ReadHtmlCacheBehavior [ RunTime:0.002052s ]
INFO: [ app_begin ] --END-- [ RunTime:0.003407s ]
INFO: [ app_end ] --START--
INFO: Run Behavior\ShowPageTraceBehavior [ RunTime:0.002006s ]
INFO: [ app_end ] --END-- [ RunTime:0.002271s ]

[ 2016-01-13T10:37:07+08:00 ] 127.0.0.1 /two/ThinkPHP/index.php/Home/User/requireCity.html
INFO: [ app_begin ] --START--
INFO: Run Behavior\ReadHtmlCacheBehavior [ RunTime:0.005345s ]
INFO: [ app_begin ] --END-- [ RunTime:0.008069s ]
SQL: DESCRIBE truck_area [ RunTime:0.011664s ]
SQL: SELECT * FROM `truck_area` WHERE ( upid=0 )  [ RunTime:0.002077s ]

[ 2016-01-13T10:37:10+08:00 ] 127.0.0.1 /two/ThinkPHP/index.php/Home/User/valUserName.html
INFO: [ app_begin ] --START--
INFO: Run Behavior\ReadHtmlCacheBehavior [ RunTime:0.001730s ]
INFO: [ app_begin ] --END-- [ RunTime:0.003108s ]
SQL: DESCRIBE truck_user [ RunTime:0.008316s ]
SQL: SELECT * FROM `truck_user` WHERE `username` = '123' AND `cate` = 2 LIMIT 1   [ RunTime:0.000948s ]

[ 2016-01-13T10:38:00+08:00 ] 127.0.0.1 /two/ThinkPHP/index.php/Home/User/requireCity.html
INFO: [ app_begin ] --START--
INFO: Run Behavior\ReadHtmlCacheBehavior [ RunTime:0.002504s ]
INFO: [ app_begin ] --END-- [ RunTime:0.005521s ]
SQL: DESCRIBE truck_area [ RunTime:0.007186s ]
SQL: SELECT * FROM `truck_area` WHERE ( upid=17 )  [ RunTime:0.001103s ]

[ 2016-01-13T10:38:02+08:00 ] 127.0.0.1 /two/ThinkPHP/index.php/Home/User/requireCity.html
INFO: [ app_begin ] --START--
INFO: Run Behavior\ReadHtmlCacheBehavior [ RunTime:0.001727s ]
INFO: [ app_begin ] --END-- [ RunTime:0.002996s ]
SQL: DESCRIBE truck_area [ RunTime:0.016515s ]
SQL: SELECT * FROM `truck_area` WHERE ( upid=272 )  [ RunTime:0.002634s ]

[ 2016-01-13T10:38:06+08:00 ] 127.0.0.1 /two/ThinkPHP/index.php/Home/User/valCode1.html
INFO: [ app_begin ] --START--
INFO: Run Behavior\ReadHtmlCacheBehavior [ RunTime:0.001901s ]
INFO: [ app_begin ] --END-- [ RunTime:0.003768s ]
INFO: [ app_end ] --START--
INFO: Run Behavior\ShowPageTraceBehavior [ RunTime:0.002040s ]
INFO: [ app_end ] --END-- [ RunTime:0.002299s ]

[ 2016-01-13T10:40:24+08:00 ] 127.0.0.1 /two/ThinkPHP/index.php/Home/User/requireCity.html
INFO: [ app_begin ] --START--
INFO: Run Behavior\ReadHtmlCacheBehavior [ RunTime:0.001902s ]
INFO: [ app_begin ] --END-- [ RunTime:0.003411s ]
SQL: DESCRIBE truck_area [ RunTime:0.006190s ]
SQL: SELECT * FROM `truck_area` WHERE ( upid=0 )  [ RunTime:0.001414s ]

[ 2016-01-13T10:40:27+08:00 ] 127.0.0.1 /two/ThinkPHP/index.php/Home/User/valUserName.html
INFO: [ app_begin ] --START--
INFO: Run Behavior\ReadHtmlCacheBehavior [ RunTime:0.001826s ]
INFO: [ app_begin ] --END-- [ RunTime:0.003117s ]
SQL: DESCRIBE truck_user [ RunTime:0.008371s ]
SQL: SELECT * FROM `truck_user` WHERE `username` = '123' AND `cate` = 2 LIMIT 1   [ RunTime:0.000964s ]

[ 2016-01-13T10:40:37+08:00 ] 127.0.0.1 /two/ThinkPHP/index.php/Home/User/valCode1.html
INFO: [ app_begin ] --START--
INFO: Run Behavior\ReadHtmlCacheBehavior [ RunTime:0.001766s ]
INFO: [ app_begin ] --END-- [ RunTime:0.003023s ]
INFO: [ app_end ] --START--
INFO: Run Behavior\ShowPageTraceBehavior [ RunTime:0.002248s ]
INFO: [ app_end ] --END-- [ RunTime:0.002520s ]

[ 2016-01-13T10:54:01+08:00 ] 127.0.0.1 /two/ThinkPHP/index.php/Home/User/requireCity.html
INFO: [ app_begin ] --START--
INFO: Run Behavior\ReadHtmlCacheBehavior [ RunTime:0.002597s ]
INFO: [ app_begin ] --END-- [ RunTime:0.008775s ]
SQL: DESCRIBE truck_area [ RunTime:0.008931s ]
SQL: SELECT * FROM `truck_area` WHERE ( upid=0 )  [ RunTime:0.001425s ]

[ 2016-01-13T10:54:05+08:00 ] 127.0.0.1 /two/ThinkPHP/index.php/Home/User/valUserName.html
INFO: [ app_begin ] --START--
INFO: Run Behavior\ReadHtmlCacheBehavior [ RunTime:0.001814s ]
INFO: [ app_begin ] --END-- [ RunTime:0.003200s ]
SQL: DESCRIBE truck_user [ RunTime:0.008584s ]
SQL: SELECT * FROM `truck_user` WHERE `username` = '12345' AND `cate` = 2 LIMIT 1   [ RunTime:0.001196s ]

[ 2016-01-13T10:54:15+08:00 ] 127.0.0.1 /two/ThinkPHP/index.php/Home/User/valCode1.html
INFO: [ app_begin ] --START--
INFO: Run Behavior\ReadHtmlCacheBehavior [ RunTime:0.002090s ]
INFO: [ app_begin ] --END-- [ RunTime:0.003779s ]
INFO: [ app_end ] --START--
INFO: Run Behavior\ShowPageTraceBehavior [ RunTime:0.001835s ]
INFO: [ app_end ] --END-- [ RunTime:0.002099s ]

[ 2016-01-13T11:03:28+08:00 ] 127.0.0.1 /two/ThinkPHP/index.php/Home/User/requireCity.html
INFO: [ app_begin ] --START--
INFO: Run Behavior\ReadHtmlCacheBehavior [ RunTime:0.002223s ]
INFO: [ app_begin ] --END-- [ RunTime:0.004599s ]
SQL: DESCRIBE truck_area [ RunTime:0.008839s ]
SQL: SELECT * FROM `truck_area` WHERE ( upid=0 )  [ RunTime:0.001186s ]

[ 2016-01-13T11:10:48+08:00 ] 127.0.0.1 /two/ThinkPHP/index.php/Home/User/valUserName.html
INFO: [ app_begin ] --START--
INFO: Run Behavior\ReadHtmlCacheBehavior [ RunTime:0.002496s ]
INFO: [ app_begin ] --END-- [ RunTime:0.004385s ]
SQL: DESCRIBE truck_user [ RunTime:0.008722s ]
SQL: SELECT * FROM `truck_user` WHERE `username` = '1122' AND `cate` = 2 LIMIT 1   [ RunTime:0.001008s ]

[ 2016-01-13T11:11:00+08:00 ] 127.0.0.1 /two/ThinkPHP/index.php/Home/User/valCode1.html
INFO: [ app_begin ] --START--
INFO: Run Behavior\ReadHtmlCacheBehavior [ RunTime:0.001838s ]
INFO: [ app_begin ] --END-- [ RunTime:0.003206s ]
INFO: [ app_end ] --START--
INFO: Run Behavior\ShowPageTraceBehavior [ RunTime:0.002886s ]
INFO: [ app_end ] --END-- [ RunTime:0.003145s ]

[ 2016-01-13T11:32:46+08:00 ] 127.0.0.1 /two/ThinkPHP/index.php/Home/User/requireCity.html
INFO: [ app_begin ] --START--
INFO: Run Behavior\ReadHtmlCacheBehavior [ RunTime:0.002636s ]
INFO: [ app_begin ] --END-- [ RunTime:0.004706s ]
SQL: DESCRIBE truck_area [ RunTime:0.010416s ]
SQL: SELECT * FROM `truck_area` WHERE ( upid=0 )  [ RunTime:0.001433s ]

[ 2016-01-13T11:32:49+08:00 ] 127.0.0.1 /two/ThinkPHP/index.php/Home/User/valUserName.html
INFO: [ app_begin ] --START--
INFO: Run Behavior\ReadHtmlCacheBehavior [ RunTime:0.001990s ]
INFO: [ app_begin ] --END-- [ RunTime:0.003248s ]
SQL: DESCRIBE truck_user [ RunTime:0.013540s ]
SQL: SELECT * FROM `truck_user` WHERE `username` = '12345' AND `cate` = 2 LIMIT 1   [ RunTime:0.000995s ]

[ 2016-01-13T11:32:58+08:00 ] 127.0.0.1 /two/ThinkPHP/index.php/Home/User/valCode1.html
INFO: [ app_begin ] --START--
INFO: Run Behavior\ReadHtmlCacheBehavior [ RunTime:0.001643s ]
INFO: [ app_begin ] --END-- [ RunTime:0.002989s ]
INFO: [ app_end ] --START--
INFO: Run Behavior\ShowPageTraceBehavior [ RunTime:0.002183s ]
INFO: [ app_end ] --END-- [ RunTime:0.002444s ]

[ 2016-01-13T11:33:26+08:00 ] 127.0.0.1 /two/ThinkPHP/index.php/Home/User/yzMessage.html
INFO: [ app_begin ] --START--
INFO: Run Behavior\ReadHtmlCacheBehavior [ RunTime:0.002145s ]
INFO: [ app_begin ] --END-- [ RunTime:0.005063s ]
INFO: [ app_end ] --START--
INFO: Run Behavior\ShowPageTraceBehavior [ RunTime:0.003116s ]
INFO: [ app_end ] --END-- [ RunTime:0.003550s ]

[ 2016-01-13T11:33:34+08:00 ] 127.0.0.1 /two/ThinkPHP/index.php/Home/User/yzMessage.html
INFO: [ app_begin ] --START--
INFO: Run Behavior\ReadHtmlCacheBehavior [ RunTime:0.002227s ]
INFO: [ app_begin ] --END-- [ RunTime:0.003744s ]
INFO: [ app_end ] --START--
INFO: Run Behavior\ShowPageTraceBehavior [ RunTime:0.002001s ]
INFO: [ app_end ] --END-- [ RunTime:0.002234s ]

[ 2016-01-13T11:33:38+08:00 ] 127.0.0.1 /two/ThinkPHP/index.php/Home/User/yzMessage.html
INFO: [ app_begin ] --START--
INFO: Run Behavior\ReadHtmlCacheBehavior [ RunTime:0.001811s ]
INFO: [ app_begin ] --END-- [ RunTime:0.006687s ]
INFO: [ app_end ] --START--
INFO: Run Behavior\ShowPageTraceBehavior [ RunTime:0.002308s ]
INFO: [ app_end ] --END-- [ RunTime:0.002582s ]

[ 2016-01-13T11:33:42+08:00 ] 127.0.0.1 /two/ThinkPHP/index.php/Home/User/yzMessage.html
INFO: [ app_begin ] --START--
INFO: Run Behavior\ReadHtmlCacheBehavior [ RunTime:0.002172s ]
INFO: [ app_begin ] --END-- [ RunTime:0.003416s ]
INFO: [ app_end ] --START--
INFO: Run Behavior\ShowPageTraceBehavior [ RunTime:0.003881s ]
INFO: [ app_end ] --END-- [ RunTime:0.004326s ]

[ 2016-01-13T11:37:11+08:00 ] 127.0.0.1 /two/ThinkPHP/index.php/Home/User/requireCity.html
INFO: [ app_begin ] --START--
INFO: Run Behavior\ReadHtmlCacheBehavior [ RunTime:0.002262s ]
INFO: [ app_begin ] --END-- [ RunTime:0.004706s ]
SQL: DESCRIBE truck_area [ RunTime:0.008807s ]
SQL: SELECT * FROM `truck_area` WHERE ( upid=0 )  [ RunTime:0.001283s ]

[ 2016-01-13T11:37:15+08:00 ] 127.0.0.1 /two/ThinkPHP/index.php/Home/User/valUserName.html
INFO: [ app_begin ] --START--
INFO: Run Behavior\ReadHtmlCacheBehavior [ RunTime:0.001358s ]
INFO: [ app_begin ] --END-- [ RunTime:0.002562s ]
SQL: DESCRIBE truck_user [ RunTime:0.007661s ]
SQL: SELECT * FROM `truck_user` WHERE `username` = '123456' AND `cate` = 2 LIMIT 1   [ RunTime:0.000792s ]

[ 2016-01-13T11:37:29+08:00 ] 127.0.0.1 /two/ThinkPHP/index.php/Home/User/valCode1.html
INFO: [ app_begin ] --START--
INFO: Run Behavior\ReadHtmlCacheBehavior [ RunTime:0.002551s ]
INFO: [ app_begin ] --END-- [ RunTime:0.004523s ]
INFO: [ app_end ] --START--
INFO: Run Behavior\ShowPageTraceBehavior [ RunTime:0.003718s ]
INFO: [ app_end ] --END-- [ RunTime:0.004142s ]

[ 2016-01-13T11:39:38+08:00 ] 127.0.0.1 /two/ThinkPHP/index.php/Home/User/requireCity.html
INFO: [ app_begin ] --START--
INFO: Run Behavior\ReadHtmlCacheBehavior [ RunTime:0.003304s ]
INFO: [ app_begin ] --END-- [ RunTime:0.005407s ]
SQL: DESCRIBE truck_area [ RunTime:0.008984s ]
SQL: SELECT * FROM `truck_area` WHERE ( upid=0 )  [ RunTime:0.001425s ]

[ 2016-01-13T11:39:43+08:00 ] 127.0.0.1 /two/ThinkPHP/index.php/Home/User/valUserName.html
INFO: [ app_begin ] --START--
INFO: Run Behavior\ReadHtmlCacheBehavior [ RunTime:0.002520s ]
INFO: [ app_begin ] --END-- [ RunTime:0.006939s ]
SQL: DESCRIBE truck_user [ RunTime:0.008157s ]
SQL: SELECT * FROM `truck_user` WHERE `username` = '123456' AND `cate` = 2 LIMIT 1   [ RunTime:0.001230s ]

[ 2016-01-13T11:39:52+08:00 ] 127.0.0.1 /two/ThinkPHP/index.php/Home/User/valCode1.html
INFO: [ app_begin ] --START--
INFO: Run Behavior\ReadHtmlCacheBehavior [ RunTime:0.002667s ]
INFO: [ app_begin ] --END-- [ RunTime:0.004824s ]
INFO: [ app_end ] --START--
INFO: Run Behavior\ShowPageTraceBehavior [ RunTime:0.002063s ]
INFO: [ app_end ] --END-- [ RunTime:0.002325s ]

[ 2016-01-13T11:40:04+08:00 ] 127.0.0.1 /two/ThinkPHP/index.php/Home/User/yzMessage.html
INFO: [ app_begin ] --START--
INFO: Run Behavior\ReadHtmlCacheBehavior [ RunTime:0.004910s ]
INFO: [ app_begin ] --END-- [ RunTime:0.006936s ]
INFO: [ app_end ] --START--
INFO: Run Behavior\ShowPageTraceBehavior [ RunTime:0.003374s ]
INFO: [ app_end ] --END-- [ RunTime:0.003764s ]

[ 2016-01-13T11:40:06+08:00 ] 127.0.0.1 /two/ThinkPHP/index.php/Home/User/yzMessage.html
INFO: [ app_begin ] --START--
INFO: Run Behavior\ReadHtmlCacheBehavior [ RunTime:0.002525s ]
INFO: [ app_begin ] --END-- [ RunTime:0.004723s ]
INFO: [ app_end ] --START--
INFO: Run Behavior\ShowPageTraceBehavior [ RunTime:0.003212s ]
INFO: [ app_end ] --END-- [ RunTime:0.003613s ]

[ 2016-01-13T11:40:18+08:00 ] 127.0.0.1 /two/ThinkPHP/index.php/Home/User/requireCity.html
INFO: [ app_begin ] --START--
INFO: Run Behavior\ReadHtmlCacheBehavior [ RunTime:0.003177s ]
INFO: [ app_begin ] --END-- [ RunTime:0.005665s ]
SQL: DESCRIBE truck_area [ RunTime:0.007216s ]
SQL: SELECT * FROM `truck_area` WHERE ( upid=0 )  [ RunTime:0.000825s ]

[ 2016-01-13T11:40:22+08:00 ] 127.0.0.1 /two/ThinkPHP/index.php/Home/User/valUserName.html
INFO: [ app_begin ] --START--
INFO: Run Behavior\ReadHtmlCacheBehavior [ RunTime:0.001878s ]
INFO: [ app_begin ] --END-- [ RunTime:0.003831s ]
SQL: DESCRIBE truck_user [ RunTime:0.008648s ]
SQL: SELECT * FROM `truck_user` WHERE `username` = '123456' AND `cate` = 2 LIMIT 1   [ RunTime:0.001318s ]

[ 2016-01-13T11:40:32+08:00 ] 127.0.0.1 /two/ThinkPHP/index.php/Home/User/valCode1.html
INFO: [ app_begin ] --START--
INFO: Run Behavior\ReadHtmlCacheBehavior [ RunTime:0.001955s ]
INFO: [ app_begin ] --END-- [ RunTime:0.003435s ]
INFO: [ app_end ] --START--
INFO: Run Behavior\ShowPageTraceBehavior [ RunTime:0.002699s ]
INFO: [ app_end ] --END-- [ RunTime:0.003059s ]

[ 2016-01-13T11:44:36+08:00 ] 127.0.0.1 /two/ThinkPHP/index.php/Home/User/requireCity.html
INFO: [ app_begin ] --START--
INFO: Run Behavior\ReadHtmlCacheBehavior [ RunTime:0.002294s ]
INFO: [ app_begin ] --END-- [ RunTime:0.004063s ]
SQL: DESCRIBE truck_area [ RunTime:0.009286s ]
SQL: SELECT * FROM `truck_area` WHERE ( upid=0 )  [ RunTime:0.001545s ]

[ 2016-01-13T11:44:46+08:00 ] 127.0.0.1 /two/ThinkPHP/index.php/Home/User/requireCity.html
INFO: [ app_begin ] --START--
INFO: Run Behavior\ReadHtmlCacheBehavior [ RunTime:0.001821s ]
INFO: [ app_begin ] --END-- [ RunTime:0.003390s ]
SQL: DESCRIBE truck_area [ RunTime:0.010515s ]
SQL: SELECT * FROM `truck_area` WHERE ( upid=0 )  [ RunTime:0.001354s ]

[ 2016-01-13T11:44:54+08:00 ] 127.0.0.1 /two/ThinkPHP/index.php/Home/User/valUserName.html
INFO: [ app_begin ] --START--
INFO: Run Behavior\ReadHtmlCacheBehavior [ RunTime:0.002712s ]
INFO: [ app_begin ] --END-- [ RunTime:0.004276s ]
SQL: DESCRIBE truck_user [ RunTime:0.008226s ]
SQL: SELECT * FROM `truck_user` WHERE `username` = '123456' AND `cate` = 2 LIMIT 1   [ RunTime:0.001115s ]

[ 2016-01-13T11:45:04+08:00 ] 127.0.0.1 /two/ThinkPHP/index.php/Home/User/valCode1.html
INFO: [ app_begin ] --START--
INFO: Run Behavior\ReadHtmlCacheBehavior [ RunTime:0.003454s ]
INFO: [ app_begin ] --END-- [ RunTime:0.006286s ]
INFO: [ app_end ] --START--
INFO: Run Behavior\ShowPageTraceBehavior [ RunTime:0.005114s ]
INFO: [ app_end ] --END-- [ RunTime:0.005602s ]

[ 2016-01-13T11:45:17+08:00 ] 127.0.0.1 /two/ThinkPHP/index.php/Home/User/getPhone.html
INFO: [ app_begin ] --START--
INFO: Run Behavior\ReadHtmlCacheBehavior [ RunTime:0.002948s ]
INFO: [ app_begin ] --END-- [ RunTime:0.005363s ]
NOTIC: [8] Use of undefined constant CURLOPT_TIMEOUT - assumed 'CURLOPT_TIMEOUT' D:\wamp\www\two\ThinkPHP\ThinkPHP\Library\Org\Sms\SmsBao.class.php 第 81 行.
NOTIC: [8] Use of undefined constant CURLOPT_RETURNTRANSFER - assumed 'CURLOPT_RETURNTRANSFER' D:\wamp\www\two\ThinkPHP\ThinkPHP\Library\Org\Sms\SmsBao.class.php 第 82 行.
NOTIC: [8] Use of undefined constant CURLOPT_SSL_VERIFYPEER - assumed 'CURLOPT_SSL_VERIFYPEER' D:\wamp\www\two\ThinkPHP\ThinkPHP\Library\Org\Sms\SmsBao.class.php 第 83 行.
NOTIC: [8] Use of undefined constant CURLOPT_SSL_VERIFYHOST - assumed 'CURLOPT_SSL_VERIFYHOST' D:\wamp\www\two\ThinkPHP\ThinkPHP\Library\Org\Sms\SmsBao.class.php 第 84 行.
NOTIC: [8] Use of undefined constant CURLOPT_URL - assumed 'CURLOPT_URL' D:\wamp\www\two\ThinkPHP\ThinkPHP\Library\Org\Sms\SmsBao.class.php 第 88 行.

[ 2016-01-13T11:45:46+08:00 ] 127.0.0.1 /two/ThinkPHP/index.php/Home/User/getPhone.html
INFO: [ app_begin ] --START--
INFO: Run Behavior\ReadHtmlCacheBehavior [ RunTime:0.001734s ]
INFO: [ app_begin ] --END-- [ RunTime:0.003380s ]
NOTIC: [8] Use of undefined constant CURLOPT_TIMEOUT - assumed 'CURLOPT_TIMEOUT' D:\wamp\www\two\ThinkPHP\ThinkPHP\Library\Org\Sms\SmsBao.class.php 第 81 行.
NOTIC: [8] Use of undefined constant CURLOPT_RETURNTRANSFER - assumed 'CURLOPT_RETURNTRANSFER' D:\wamp\www\two\ThinkPHP\ThinkPHP\Library\Org\Sms\SmsBao.class.php 第 82 行.
NOTIC: [8] Use of undefined constant CURLOPT_SSL_VERIFYPEER - assumed 'CURLOPT_SSL_VERIFYPEER' D:\wamp\www\two\ThinkPHP\ThinkPHP\Library\Org\Sms\SmsBao.class.php 第 83 行.
NOTIC: [8] Use of undefined constant CURLOPT_SSL_VERIFYHOST - assumed 'CURLOPT_SSL_VERIFYHOST' D:\wamp\www\two\ThinkPHP\ThinkPHP\Library\Org\Sms\SmsBao.class.php 第 84 行.
NOTIC: [8] Use of undefined constant CURLOPT_URL - assumed 'CURLOPT_URL' D:\wamp\www\two\ThinkPHP\ThinkPHP\Library\Org\Sms\SmsBao.class.php 第 88 行.

[ 2016-01-13T11:53:37+08:00 ] 127.0.0.1 /two/ThinkPHP/index.php/Home/User/requireCity.html
INFO: [ app_begin ] --START--
INFO: Run Behavior\ReadHtmlCacheBehavior [ RunTime:0.002389s ]
INFO: [ app_begin ] --END-- [ RunTime:0.003854s ]
SQL: DESCRIBE truck_area [ RunTime:0.007892s ]
SQL: SELECT * FROM `truck_area` WHERE ( upid=0 )  [ RunTime:0.001276s ]

[ 2016-01-13T11:53:44+08:00 ] 127.0.0.1 /two/ThinkPHP/index.php/Home/User/valUserName.html
INFO: [ app_begin ] --START--
INFO: Run Behavior\ReadHtmlCacheBehavior [ RunTime:0.004056s ]
INFO: [ app_begin ] --END-- [ RunTime:0.006311s ]
SQL: DESCRIBE truck_user [ RunTime:0.008374s ]
SQL: SELECT * FROM `truck_user` WHERE `username` = '123456' AND `cate` = 2 LIMIT 1   [ RunTime:0.001080s ]

[ 2016-01-13T11:53:51+08:00 ] 127.0.0.1 /two/ThinkPHP/index.php/Home/User/requireCity.html
INFO: [ app_begin ] --START--
INFO: Run Behavior\ReadHtmlCacheBehavior [ RunTime:0.002394s ]
INFO: [ app_begin ] --END-- [ RunTime:0.004231s ]
SQL: DESCRIBE truck_area [ RunTime:0.010151s ]
SQL: SELECT * FROM `truck_area` WHERE ( upid=1 )  [ RunTime:0.001198s ]

[ 2016-01-13T11:53:54+08:00 ] 127.0.0.1 /two/ThinkPHP/index.php/Home/User/valCode1.html
INFO: [ app_begin ] --START--
INFO: Run Behavior\ReadHtmlCacheBehavior [ RunTime:0.001703s ]
INFO: [ app_begin ] --END-- [ RunTime:0.003290s ]
INFO: [ app_end ] --START--
INFO: Run Behavior\ShowPageTraceBehavior [ RunTime:0.002345s ]
INFO: [ app_end ] --END-- [ RunTime:0.002674s ]

[ 2016-01-13T11:54:01+08:00 ] 127.0.0.1 /two/ThinkPHP/index.php/Home/User/getPhone.html
INFO: [ app_begin ] --START--
INFO: Run Behavior\ReadHtmlCacheBehavior [ RunTime:0.001702s ]
INFO: [ app_begin ] --END-- [ RunTime:0.003016s ]
NOTIC: [8] Use of undefined constant CURLOPT_TIMEOUT - assumed 'CURLOPT_TIMEOUT' D:\wamp\www\two\ThinkPHP\ThinkPHP\Library\Org\Sms\SmsBao.class.php 第 81 行.
NOTIC: [8] Use of undefined constant CURLOPT_RETURNTRANSFER - assumed 'CURLOPT_RETURNTRANSFER' D:\wamp\www\two\ThinkPHP\ThinkPHP\Library\Org\Sms\SmsBao.class.php 第 82 行.
NOTIC: [8] Use of undefined constant CURLOPT_SSL_VERIFYPEER - assumed 'CURLOPT_SSL_VERIFYPEER' D:\wamp\www\two\ThinkPHP\ThinkPHP\Library\Org\Sms\SmsBao.class.php 第 83 行.
NOTIC: [8] Use of undefined constant CURLOPT_SSL_VERIFYHOST - assumed 'CURLOPT_SSL_VERIFYHOST' D:\wamp\www\two\ThinkPHP\ThinkPHP\Library\Org\Sms\SmsBao.class.php 第 84 行.
NOTIC: [8] Use of undefined constant CURLOPT_URL - assumed 'CURLOPT_URL' D:\wamp\www\two\ThinkPHP\ThinkPHP\Library\Org\Sms\SmsBao.class.php 第 88 行.

[ 2016-01-13T11:54:26+08:00 ] 127.0.0.1 /two/ThinkPHP/index.php/Home/User/getPhone.html
INFO: [ app_begin ] --START--
INFO: Run Behavior\ReadHtmlCacheBehavior [ RunTime:0.002950s ]
INFO: [ app_begin ] --END-- [ RunTime:0.004163s ]
NOTIC: [8] Use of undefined constant CURLOPT_TIMEOUT - assumed 'CURLOPT_TIMEOUT' D:\wamp\www\two\ThinkPHP\ThinkPHP\Library\Org\Sms\SmsBao.class.php 第 81 行.
NOTIC: [8] Use of undefined constant CURLOPT_RETURNTRANSFER - assumed 'CURLOPT_RETURNTRANSFER' D:\wamp\www\two\ThinkPHP\ThinkPHP\Library\Org\Sms\SmsBao.class.php 第 82 行.
NOTIC: [8] Use of undefined constant CURLOPT_SSL_VERIFYPEER - assumed 'CURLOPT_SSL_VERIFYPEER' D:\wamp\www\two\ThinkPHP\ThinkPHP\Library\Org\Sms\SmsBao.class.php 第 83 行.
NOTIC: [8] Use of undefined constant CURLOPT_SSL_VERIFYHOST - assumed 'CURLOPT_SSL_VERIFYHOST' D:\wamp\www\two\ThinkPHP\ThinkPHP\Library\Org\Sms\SmsBao.class.php 第 84 行.
NOTIC: [8] Use of undefined constant CURLOPT_URL - assumed 'CURLOPT_URL' D:\wamp\www\two\ThinkPHP\ThinkPHP\Library\Org\Sms\SmsBao.class.php 第 88 行.

[ 2016-01-13T11:54:27+08:00 ] 127.0.0.1 /two/ThinkPHP/index.php/Home/User/getPhone.html
INFO: [ app_begin ] --START--
INFO: Run Behavior\ReadHtmlCacheBehavior [ RunTime:0.002849s ]
INFO: [ app_begin ] --END-- [ RunTime:0.005213s ]
NOTIC: [8] Use of undefined constant CURLOPT_TIMEOUT - assumed 'CURLOPT_TIMEOUT' D:\wamp\www\two\ThinkPHP\ThinkPHP\Library\Org\Sms\SmsBao.class.php 第 81 行.
NOTIC: [8] Use of undefined constant CURLOPT_RETURNTRANSFER - assumed 'CURLOPT_RETURNTRANSFER' D:\wamp\www\two\ThinkPHP\ThinkPHP\Library\Org\Sms\SmsBao.class.php 第 82 行.
NOTIC: [8] Use of undefined constant CURLOPT_SSL_VERIFYPEER - assumed 'CURLOPT_SSL_VERIFYPEER' D:\wamp\www\two\ThinkPHP\ThinkPHP\Library\Org\Sms\SmsBao.class.php 第 83 行.
NOTIC: [8] Use of undefined constant CURLOPT_SSL_VERIFYHOST - assumed 'CURLOPT_SSL_VERIFYHOST' D:\wamp\www\two\ThinkPHP\ThinkPHP\Library\Org\Sms\SmsBao.class.php 第 84 行.
NOTIC: [8] Use of undefined constant CURLOPT_URL - assumed 'CURLOPT_URL' D:\wamp\www\two\ThinkPHP\ThinkPHP\Library\Org\Sms\SmsBao.class.php 第 88 行.

[ 2016-01-13T12:03:24+08:00 ] 127.0.0.1 /two/ThinkPHP/index.php/Home/User/getPhone.html
INFO: [ app_begin ] --START--
INFO: Run Behavior\ReadHtmlCacheBehavior [ RunTime:0.002006s ]
INFO: [ app_begin ] --END-- [ RunTime:0.003690s ]
NOTIC: [8] Use of undefined constant CURLOPT_TIMEOUT - assumed 'CURLOPT_TIMEOUT' D:\wamp\www\two\ThinkPHP\ThinkPHP\Library\Org\Sms\SmsBao.class.php 第 81 行.
NOTIC: [8] Use of undefined constant CURLOPT_RETURNTRANSFER - assumed 'CURLOPT_RETURNTRANSFER' D:\wamp\www\two\ThinkPHP\ThinkPHP\Library\Org\Sms\SmsBao.class.php 第 82 行.
NOTIC: [8] Use of undefined constant CURLOPT_SSL_VERIFYPEER - assumed 'CURLOPT_SSL_VERIFYPEER' D:\wamp\www\two\ThinkPHP\ThinkPHP\Library\Org\Sms\SmsBao.class.php 第 83 行.
NOTIC: [8] Use of undefined constant CURLOPT_SSL_VERIFYHOST - assumed 'CURLOPT_SSL_VERIFYHOST' D:\wamp\www\two\ThinkPHP\ThinkPHP\Library\Org\Sms\SmsBao.class.php 第 84 行.
NOTIC: [8] Use of undefined constant CURLOPT_URL - assumed 'CURLOPT_URL' D:\wamp\www\two\ThinkPHP\ThinkPHP\Library\Org\Sms\SmsBao.class.php 第 88 行.

[ 2016-01-13T12:03:28+08:00 ] 127.0.0.1 /two/ThinkPHP/index.php/Home/User/requireCity.html
INFO: [ app_begin ] --START--
INFO: Run Behavior\ReadHtmlCacheBehavior [ RunTime:0.002637s ]
INFO: [ app_begin ] --END-- [ RunTime:0.004374s ]
SQL: DESCRIBE truck_area [ RunTime:0.017002s ]
SQL: SELECT * FROM `truck_area` WHERE ( upid=0 )  [ RunTime:0.002619s ]

[ 2016-01-13T12:03:36+08:00 ] 127.0.0.1 /two/ThinkPHP/index.php/Home/User/valUserName.html
INFO: [ app_begin ] --START--
INFO: Run Behavior\ReadHtmlCacheBehavior [ RunTime:0.003038s ]
INFO: [ app_begin ] --END-- [ RunTime:0.006946s ]
SQL: DESCRIBE truck_user [ RunTime:0.051426s ]
SQL: SELECT * FROM `truck_user` WHERE `username` = '123456' AND `cate` = 2 LIMIT 1   [ RunTime:0.001250s ]

[ 2016-01-13T12:03:47+08:00 ] 127.0.0.1 /two/ThinkPHP/index.php/Home/User/valCode1.html
INFO: [ app_begin ] --START--
INFO: Run Behavior\ReadHtmlCacheBehavior [ RunTime:0.024986s ]
INFO: [ app_begin ] --END-- [ RunTime:0.026426s ]
INFO: [ app_end ] --START--
INFO: Run Behavior\ShowPageTraceBehavior [ RunTime:0.004472s ]
INFO: [ app_end ] --END-- [ RunTime:0.005125s ]

[ 2016-01-13T12:03:56+08:00 ] 127.0.0.1 /two/ThinkPHP/index.php/Home/User/getPhone.html
INFO: [ app_begin ] --START--
INFO: Run Behavior\ReadHtmlCacheBehavior [ RunTime:0.004357s ]
INFO: [ app_begin ] --END-- [ RunTime:0.007396s ]
NOTIC: [8] Use of undefined constant CURLOPT_TIMEOUT - assumed 'CURLOPT_TIMEOUT' D:\wamp\www\two\ThinkPHP\ThinkPHP\Library\Org\Sms\SmsBao.class.php 第 81 行.
NOTIC: [8] Use of undefined constant CURLOPT_RETURNTRANSFER - assumed 'CURLOPT_RETURNTRANSFER' D:\wamp\www\two\ThinkPHP\ThinkPHP\Library\Org\Sms\SmsBao.class.php 第 82 行.
NOTIC: [8] Use of undefined constant CURLOPT_SSL_VERIFYPEER - assumed 'CURLOPT_SSL_VERIFYPEER' D:\wamp\www\two\ThinkPHP\ThinkPHP\Library\Org\Sms\SmsBao.class.php 第 83 行.
NOTIC: [8] Use of undefined constant CURLOPT_SSL_VERIFYHOST - assumed 'CURLOPT_SSL_VERIFYHOST' D:\wamp\www\two\ThinkPHP\ThinkPHP\Library\Org\Sms\SmsBao.class.php 第 84 行.
NOTIC: [8] Use of undefined constant CURLOPT_URL - assumed 'CURLOPT_URL' D:\wamp\www\two\ThinkPHP\ThinkPHP\Library\Org\Sms\SmsBao.class.php 第 88 行.

[ 2016-01-13T12:05:00+08:00 ] 127.0.0.1 /two/ThinkPHP/index.php/Home/User/requireCity.html
INFO: [ app_begin ] --START--
INFO: Run Behavior\ReadHtmlCacheBehavior [ RunTime:0.004496s ]
INFO: [ app_begin ] --END-- [ RunTime:0.006627s ]
SQL: DESCRIBE truck_area [ RunTime:0.009055s ]
SQL: SELECT * FROM `truck_area` WHERE ( upid=0 )  [ RunTime:0.001532s ]

[ 2016-01-13T12:05:12+08:00 ] 127.0.0.1 /two/ThinkPHP/index.php/Home/User/valUserName.html
INFO: [ app_begin ] --START--
INFO: Run Behavior\ReadHtmlCacheBehavior [ RunTime:0.001978s ]
INFO: [ app_begin ] --END-- [ RunTime:0.004051s ]
SQL: DESCRIBE truck_user [ RunTime:0.009666s ]
SQL: SELECT * FROM `truck_user` WHERE `username` = '123456' AND `cate` = 2 LIMIT 1   [ RunTime:0.001157s ]

[ 2016-01-13T12:05:25+08:00 ] 127.0.0.1 /two/ThinkPHP/index.php/Home/User/valCode1.html
INFO: [ app_begin ] --START--
INFO: Run Behavior\ReadHtmlCacheBehavior [ RunTime:0.001859s ]
INFO: [ app_begin ] --END-- [ RunTime:0.003255s ]
INFO: [ app_end ] --START--
INFO: Run Behavior\ShowPageTraceBehavior [ RunTime:0.001998s ]
INFO: [ app_end ] --END-- [ RunTime:0.002246s ]

[ 2016-01-13T12:05:27+08:00 ] 127.0.0.1 /two/ThinkPHP/index.php/Home/User/getPhone.html
INFO: [ app_begin ] --START--
INFO: Run Behavior\ReadHtmlCacheBehavior [ RunTime:0.002754s ]
INFO: [ app_begin ] --END-- [ RunTime:0.004875s ]
NOTIC: [8] Use of undefined constant CURLOPT_TIMEOUT - assumed 'CURLOPT_TIMEOUT' D:\wamp\www\two\ThinkPHP\ThinkPHP\Library\Org\Sms\SmsBao.class.php 第 81 行.
NOTIC: [8] Use of undefined constant CURLOPT_RETURNTRANSFER - assumed 'CURLOPT_RETURNTRANSFER' D:\wamp\www\two\ThinkPHP\ThinkPHP\Library\Org\Sms\SmsBao.class.php 第 82 行.
NOTIC: [8] Use of undefined constant CURLOPT_SSL_VERIFYPEER - assumed 'CURLOPT_SSL_VERIFYPEER' D:\wamp\www\two\ThinkPHP\ThinkPHP\Library\Org\Sms\SmsBao.class.php 第 83 行.
NOTIC: [8] Use of undefined constant CURLOPT_SSL_VERIFYHOST - assumed 'CURLOPT_SSL_VERIFYHOST' D:\wamp\www\two\ThinkPHP\ThinkPHP\Library\Org\Sms\SmsBao.class.php 第 84 行.
NOTIC: [8] Use of undefined constant CURLOPT_URL - assumed 'CURLOPT_URL' D:\wamp\www\two\ThinkPHP\ThinkPHP\Library\Org\Sms\SmsBao.class.php 第 88 行.

[ 2016-01-13T12:05:34+08:00 ] 127.0.0.1 /two/ThinkPHP/index.php/Home/User/getPhone.html
INFO: [ app_begin ] --START--
INFO: Run Behavior\ReadHtmlCacheBehavior [ RunTime:0.002522s ]
INFO: [ app_begin ] --END-- [ RunTime:0.004286s ]
NOTIC: [8] Use of undefined constant CURLOPT_TIMEOUT - assumed 'CURLOPT_TIMEOUT' D:\wamp\www\two\ThinkPHP\ThinkPHP\Library\Org\Sms\SmsBao.class.php 第 81 行.
NOTIC: [8] Use of undefined constant CURLOPT_RETURNTRANSFER - assumed 'CURLOPT_RETURNTRANSFER' D:\wamp\www\two\ThinkPHP\ThinkPHP\Library\Org\Sms\SmsBao.class.php 第 82 行.
NOTIC: [8] Use of undefined constant CURLOPT_SSL_VERIFYPEER - assumed 'CURLOPT_SSL_VERIFYPEER' D:\wamp\www\two\ThinkPHP\ThinkPHP\Library\Org\Sms\SmsBao.class.php 第 83 行.
NOTIC: [8] Use of undefined constant CURLOPT_SSL_VERIFYHOST - assumed 'CURLOPT_SSL_VERIFYHOST' D:\wamp\www\two\ThinkPHP\ThinkPHP\Library\Org\Sms\SmsBao.class.php 第 84 行.
NOTIC: [8] Use of undefined constant CURLOPT_URL - assumed 'CURLOPT_URL' D:\wamp\www\two\ThinkPHP\ThinkPHP\Library\Org\Sms\SmsBao.class.php 第 88 行.

[ 2016-01-13T12:05:47+08:00 ] 127.0.0.1 /two/ThinkPHP/index.php/Home/User/getPhone.html
INFO: [ app_begin ] --START--
INFO: Run Behavior\ReadHtmlCacheBehavior [ RunTime:0.001755s ]
INFO: [ app_begin ] --END-- [ RunTime:0.003292s ]
NOTIC: [8] Use of undefined constant CURLOPT_TIMEOUT - assumed 'CURLOPT_TIMEOUT' D:\wamp\www\two\ThinkPHP\ThinkPHP\Library\Org\Sms\SmsBao.class.php 第 81 行.
NOTIC: [8] Use of undefined constant CURLOPT_RETURNTRANSFER - assumed 'CURLOPT_RETURNTRANSFER' D:\wamp\www\two\ThinkPHP\ThinkPHP\Library\Org\Sms\SmsBao.class.php 第 82 行.
NOTIC: [8] Use of undefined constant CURLOPT_SSL_VERIFYPEER - assumed 'CURLOPT_SSL_VERIFYPEER' D:\wamp\www\two\ThinkPHP\ThinkPHP\Library\Org\Sms\SmsBao.class.php 第 83 行.
NOTIC: [8] Use of undefined constant CURLOPT_SSL_VERIFYHOST - assumed 'CURLOPT_SSL_VERIFYHOST' D:\wamp\www\two\ThinkPHP\ThinkPHP\Library\Org\Sms\SmsBao.class.php 第 84 行.
NOTIC: [8] Use of undefined constant CURLOPT_URL - assumed 'CURLOPT_URL' D:\wamp\www\two\ThinkPHP\ThinkPHP\Library\Org\Sms\SmsBao.class.php 第 88 行.

[ 2016-01-13T12:08:55+08:00 ] 127.0.0.1 /two/ThinkPHP/index.php/Home/User/requireCity.html
INFO: [ app_begin ] --START--
INFO: Run Behavior\ReadHtmlCacheBehavior [ RunTime:0.004200s ]
INFO: [ app_begin ] --END-- [ RunTime:0.007557s ]
SQL: DESCRIBE truck_area [ RunTime:0.010713s ]
SQL: SELECT * FROM `truck_area` WHERE ( upid=0 )  [ RunTime:0.001444s ]

[ 2016-01-13T12:09:11+08:00 ] 127.0.0.1 /two/ThinkPHP/index.php/Home/User/valUserName.html
INFO: [ app_begin ] --START--
INFO: Run Behavior\ReadHtmlCacheBehavior [ RunTime:0.001556s ]
INFO: [ app_begin ] --END-- [ RunTime:0.002921s ]
SQL: DESCRIBE truck_user [ RunTime:0.038807s ]
SQL: SELECT * FROM `truck_user` WHERE `username` = '123456' AND `cate` = 2 LIMIT 1   [ RunTime:0.001300s ]

[ 2016-01-13T12:49:09+08:00 ] 127.0.0.1 /two/ThinkPHP/index.php/Home/User/valUserName.html
INFO: [ app_begin ] --START--
INFO: Run Behavior\ReadHtmlCacheBehavior [ RunTime:0.002630s ]
INFO: [ app_begin ] --END-- [ RunTime:0.004260s ]
SQL: DESCRIBE truck_user [ RunTime:0.010234s ]
SQL: SELECT * FROM `truck_user` WHERE `username` = '123456' AND `cate` = 2 LIMIT 1   [ RunTime:0.002485s ]

[ 2016-01-13T12:49:10+08:00 ] 127.0.0.1 /two/ThinkPHP/index.php/Home/User/requireCity.html
INFO: [ app_begin ] --START--
INFO: Run Behavior\ReadHtmlCacheBehavior [ RunTime:0.002216s ]
INFO: [ app_begin ] --END-- [ RunTime:0.005155s ]
SQL: DESCRIBE truck_area [ RunTime:0.008242s ]
SQL: SELECT * FROM `truck_area` WHERE ( upid=0 )  [ RunTime:0.001599s ]

[ 2016-01-13T12:49:19+08:00 ] 127.0.0.1 /two/ThinkPHP/index.php/Home/User/valUserName.html
INFO: [ app_begin ] --START--
INFO: Run Behavior\ReadHtmlCacheBehavior [ RunTime:0.002982s ]
INFO: [ app_begin ] --END-- [ RunTime:0.005361s ]
SQL: DESCRIBE truck_user [ RunTime:0.008710s ]
SQL: SELECT * FROM `truck_user` WHERE `username` = '123456' AND `cate` = 2 LIMIT 1   [ RunTime:0.001510s ]

[ 2016-01-13T12:49:33+08:00 ] 127.0.0.1 /two/ThinkPHP/index.php/Home/User/valCode1.html
INFO: [ app_begin ] --START--
INFO: Run Behavior\ReadHtmlCacheBehavior [ RunTime:0.003602s ]
INFO: [ app_begin ] --END-- [ RunTime:0.005999s ]
INFO: [ app_end ] --START--
INFO: Run Behavior\ShowPageTraceBehavior [ RunTime:0.001741s ]
INFO: [ app_end ] --END-- [ RunTime:0.002088s ]

[ 2016-01-13T12:49:37+08:00 ] 127.0.0.1 /two/ThinkPHP/index.php/Home/User/getPhone.html
INFO: [ app_begin ] --START--
INFO: Run Behavior\ReadHtmlCacheBehavior [ RunTime:0.001597s ]
INFO: [ app_begin ] --END-- [ RunTime:0.002916s ]
NOTIC: [8] Use of undefined constant CURLOPT_TIMEOUT - assumed 'CURLOPT_TIMEOUT' D:\wamp\www\two\ThinkPHP\ThinkPHP\Library\Org\Sms\SmsBao.class.php 第 81 行.
NOTIC: [8] Use of undefined constant CURLOPT_RETURNTRANSFER - assumed 'CURLOPT_RETURNTRANSFER' D:\wamp\www\two\ThinkPHP\ThinkPHP\Library\Org\Sms\SmsBao.class.php 第 82 行.
NOTIC: [8] Use of undefined constant CURLOPT_SSL_VERIFYPEER - assumed 'CURLOPT_SSL_VERIFYPEER' D:\wamp\www\two\ThinkPHP\ThinkPHP\Library\Org\Sms\SmsBao.class.php 第 83 行.
NOTIC: [8] Use of undefined constant CURLOPT_SSL_VERIFYHOST - assumed 'CURLOPT_SSL_VERIFYHOST' D:\wamp\www\two\ThinkPHP\ThinkPHP\Library\Org\Sms\SmsBao.class.php 第 84 行.
NOTIC: [8] Use of undefined constant CURLOPT_URL - assumed 'CURLOPT_URL' D:\wamp\www\two\ThinkPHP\ThinkPHP\Library\Org\Sms\SmsBao.class.php 第 88 行.

[ 2016-01-13T12:51:23+08:00 ] 127.0.0.1 /two/ThinkPHP/index.php/Home/User/requireCity.html
INFO: [ app_begin ] --START--
INFO: Run Behavior\ReadHtmlCacheBehavior [ RunTime:0.002397s ]
INFO: [ app_begin ] --END-- [ RunTime:0.004312s ]
SQL: DESCRIBE truck_area [ RunTime:0.010344s ]
SQL: SELECT * FROM `truck_area` WHERE ( upid=0 )  [ RunTime:0.001817s ]

[ 2016-01-13T12:51:30+08:00 ] 127.0.0.1 /two/ThinkPHP/index.php/Home/User/valUserName.html
INFO: [ app_begin ] --START--
INFO: Run Behavior\ReadHtmlCacheBehavior [ RunTime:0.004090s ]
INFO: [ app_begin ] --END-- [ RunTime:0.008128s ]
SQL: DESCRIBE truck_user [ RunTime:0.009002s ]
SQL: SELECT * FROM `truck_user` WHERE `username` = '123456' AND `cate` = 2 LIMIT 1   [ RunTime:0.001779s ]

[ 2016-01-13T12:51:40+08:00 ] 127.0.0.1 /two/ThinkPHP/index.php/Home/User/valCode1.html
INFO: [ app_begin ] --START--
INFO: Run Behavior\ReadHtmlCacheBehavior [ RunTime:0.002822s ]
INFO: [ app_begin ] --END-- [ RunTime:0.004375s ]
INFO: [ app_end ] --START--
INFO: Run Behavior\ShowPageTraceBehavior [ RunTime:0.002433s ]
INFO: [ app_end ] --END-- [ RunTime:0.002711s ]

[ 2016-01-13T12:51:44+08:00 ] 127.0.0.1 /two/ThinkPHP/index.php/Home/User/getPhone.html
INFO: [ app_begin ] --START--
INFO: Run Behavior\ReadHtmlCacheBehavior [ RunTime:0.001686s ]
INFO: [ app_begin ] --END-- [ RunTime:0.003251s ]
NOTIC: [8] Use of undefined constant CURLOPT_TIMEOUT - assumed 'CURLOPT_TIMEOUT' D:\wamp\www\two\ThinkPHP\ThinkPHP\Library\Org\Sms\SmsBao.class.php 第 81 行.
NOTIC: [8] Use of undefined constant CURLOPT_RETURNTRANSFER - assumed 'CURLOPT_RETURNTRANSFER' D:\wamp\www\two\ThinkPHP\ThinkPHP\Library\Org\Sms\SmsBao.class.php 第 82 行.
NOTIC: [8] Use of undefined constant CURLOPT_SSL_VERIFYPEER - assumed 'CURLOPT_SSL_VERIFYPEER' D:\wamp\www\two\ThinkPHP\ThinkPHP\Library\Org\Sms\SmsBao.class.php 第 83 行.
NOTIC: [8] Use of undefined constant CURLOPT_SSL_VERIFYHOST - assumed 'CURLOPT_SSL_VERIFYHOST' D:\wamp\www\two\ThinkPHP\ThinkPHP\Library\Org\Sms\SmsBao.class.php 第 84 行.
NOTIC: [8] Use of undefined constant CURLOPT_URL - assumed 'CURLOPT_URL' D:\wamp\www\two\ThinkPHP\ThinkPHP\Library\Org\Sms\SmsBao.class.php 第 88 行.

[ 2016-01-13T12:53:53+08:00 ] 127.0.0.1 /two/ThinkPHP/index.php/Home/User/requireCity.html
INFO: [ app_begin ] --START--
INFO: Run Behavior\ReadHtmlCacheBehavior [ RunTime:0.001904s ]
INFO: [ app_begin ] --END-- [ RunTime:0.003257s ]
SQL: DESCRIBE truck_area [ RunTime:0.008258s ]
SQL: SELECT * FROM `truck_area` WHERE ( upid=0 )  [ RunTime:0.001770s ]

[ 2016-01-13T12:53:57+08:00 ] 127.0.0.1 /two/ThinkPHP/index.php/Home/User/valUserName.html
INFO: [ app_begin ] --START--
INFO: Run Behavior\ReadHtmlCacheBehavior [ RunTime:0.002661s ]
INFO: [ app_begin ] --END-- [ RunTime:0.004688s ]
SQL: DESCRIBE truck_user [ RunTime:0.007572s ]
SQL: SELECT * FROM `truck_user` WHERE `username` = '12345' AND `cate` = 2 LIMIT 1   [ RunTime:0.001499s ]

[ 2016-01-13T12:54:07+08:00 ] 127.0.0.1 /two/ThinkPHP/index.php/Home/User/valCode1.html
INFO: [ app_begin ] --START--
INFO: Run Behavior\ReadHtmlCacheBehavior [ RunTime:0.002099s ]
INFO: [ app_begin ] --END-- [ RunTime:0.003929s ]
INFO: [ app_end ] --START--
INFO: Run Behavior\ShowPageTraceBehavior [ RunTime:0.002084s ]
INFO: [ app_end ] --END-- [ RunTime:0.002333s ]

[ 2016-01-13T12:54:13+08:00 ] 127.0.0.1 /two/ThinkPHP/index.php/Home/User/getPhone.html
INFO: [ app_begin ] --START--
INFO: Run Behavior\ReadHtmlCacheBehavior [ RunTime:0.001654s ]
INFO: [ app_begin ] --END-- [ RunTime:0.003092s ]
NOTIC: [8] Use of undefined constant CURLOPT_TIMEOUT - assumed 'CURLOPT_TIMEOUT' D:\wamp\www\two\ThinkPHP\ThinkPHP\Library\Org\Sms\SmsBao.class.php 第 81 行.
NOTIC: [8] Use of undefined constant CURLOPT_RETURNTRANSFER - assumed 'CURLOPT_RETURNTRANSFER' D:\wamp\www\two\ThinkPHP\ThinkPHP\Library\Org\Sms\SmsBao.class.php 第 82 行.
NOTIC: [8] Use of undefined constant CURLOPT_SSL_VERIFYPEER - assumed 'CURLOPT_SSL_VERIFYPEER' D:\wamp\www\two\ThinkPHP\ThinkPHP\Library\Org\Sms\SmsBao.class.php 第 83 行.
NOTIC: [8] Use of undefined constant CURLOPT_SSL_VERIFYHOST - assumed 'CURLOPT_SSL_VERIFYHOST' D:\wamp\www\two\ThinkPHP\ThinkPHP\Library\Org\Sms\SmsBao.class.php 第 84 行.
NOTIC: [8] Use of undefined constant CURLOPT_URL - assumed 'CURLOPT_URL' D:\wamp\www\two\ThinkPHP\ThinkPHP\Library\Org\Sms\SmsBao.class.php 第 88 行.

[ 2016-01-13T12:54:43+08:00 ] 127.0.0.1 /two/ThinkPHP/index.php/Home/User/requireCity.html
INFO: [ app_begin ] --START--
INFO: Run Behavior\ReadHtmlCacheBehavior [ RunTime:0.002324s ]
INFO: [ app_begin ] --END-- [ RunTime:0.004326s ]
SQL: DESCRIBE truck_area [ RunTime:0.007157s ]
SQL: SELECT * FROM `truck_area` WHERE ( upid=0 )  [ RunTime:0.001437s ]

[ 2016-01-13T12:54:47+08:00 ] 127.0.0.1 /two/ThinkPHP/index.php/Home/User/valUserName.html
INFO: [ app_begin ] --START--
INFO: Run Behavior\ReadHtmlCacheBehavior [ RunTime:0.005253s ]
INFO: [ app_begin ] --END-- [ RunTime:0.008158s ]
SQL: DESCRIBE truck_user [ RunTime:0.015385s ]
SQL: SELECT * FROM `truck_user` WHERE `username` = '123456' AND `cate` = 2 LIMIT 1   [ RunTime:0.002393s ]

[ 2016-01-13T12:54:58+08:00 ] 127.0.0.1 /two/ThinkPHP/index.php/Home/User/valCode1.html
INFO: [ app_begin ] --START--
INFO: Run Behavior\ReadHtmlCacheBehavior [ RunTime:0.002863s ]
INFO: [ app_begin ] --END-- [ RunTime:0.004884s ]
INFO: [ app_end ] --START--
INFO: Run Behavior\ShowPageTraceBehavior [ RunTime:0.002303s ]
INFO: [ app_end ] --END-- [ RunTime:0.002572s ]

[ 2016-01-13T12:55:07+08:00 ] 127.0.0.1 /two/ThinkPHP/index.php/Home/User/getPhone.html
INFO: [ app_begin ] --START--
INFO: Run Behavior\ReadHtmlCacheBehavior [ RunTime:0.003137s ]
INFO: [ app_begin ] --END-- [ RunTime:0.004534s ]
NOTIC: [8] Use of undefined constant CURLOPT_TIMEOUT - assumed 'CURLOPT_TIMEOUT' D:\wamp\www\two\ThinkPHP\ThinkPHP\Library\Org\Sms\SmsBao.class.php 第 81 行.
NOTIC: [8] Use of undefined constant CURLOPT_RETURNTRANSFER - assumed 'CURLOPT_RETURNTRANSFER' D:\wamp\www\two\ThinkPHP\ThinkPHP\Library\Org\Sms\SmsBao.class.php 第 82 行.
NOTIC: [8] Use of undefined constant CURLOPT_SSL_VERIFYPEER - assumed 'CURLOPT_SSL_VERIFYPEER' D:\wamp\www\two\ThinkPHP\ThinkPHP\Library\Org\Sms\SmsBao.class.php 第 83 行.
NOTIC: [8] Use of undefined constant CURLOPT_SSL_VERIFYHOST - assumed 'CURLOPT_SSL_VERIFYHOST' D:\wamp\www\two\ThinkPHP\ThinkPHP\Library\Org\Sms\SmsBao.class.php 第 84 行.
NOTIC: [8] Use of undefined constant CURLOPT_URL - assumed 'CURLOPT_URL' D:\wamp\www\two\ThinkPHP\ThinkPHP\Library\Org\Sms\SmsBao.class.php 第 88 行.

[ 2016-01-13T12:56:58+08:00 ] 127.0.0.1 /two/ThinkPHP/index.php/Home/User/requireCity.html
INFO: [ app_begin ] --START--
INFO: Run Behavior\ReadHtmlCacheBehavior [ RunTime:0.003147s ]
INFO: [ app_begin ] --END-- [ RunTime:0.005603s ]
SQL: DESCRIBE truck_area [ RunTime:0.006727s ]
SQL: SELECT * FROM `truck_area` WHERE ( upid=0 )  [ RunTime:0.001122s ]

[ 2016-01-13T12:57:02+08:00 ] 127.0.0.1 /two/ThinkPHP/index.php/Home/User/valUserName.html
INFO: [ app_begin ] --START--
INFO: Run Behavior\ReadHtmlCacheBehavior [ RunTime:0.001841s ]
INFO: [ app_begin ] --END-- [ RunTime:0.003222s ]
SQL: DESCRIBE truck_user [ RunTime:0.035814s ]
SQL: SELECT * FROM `truck_user` WHERE `username` = '123456' AND `cate` = 2 LIMIT 1   [ RunTime:0.001085s ]

[ 2016-01-13T12:57:13+08:00 ] 127.0.0.1 /two/ThinkPHP/index.php/Home/User/valCode1.html
INFO: [ app_begin ] --START--
INFO: Run Behavior\ReadHtmlCacheBehavior [ RunTime:0.002275s ]
INFO: [ app_begin ] --END-- [ RunTime:0.003734s ]
INFO: [ app_end ] --START--
INFO: Run Behavior\ShowPageTraceBehavior [ RunTime:0.001908s ]
INFO: [ app_end ] --END-- [ RunTime:0.002151s ]

[ 2016-01-13T12:57:18+08:00 ] 127.0.0.1 /two/ThinkPHP/index.php/Home/User/getPhone.html
INFO: [ app_begin ] --START--
INFO: Run Behavior\ReadHtmlCacheBehavior [ RunTime:0.001829s ]
INFO: [ app_begin ] --END-- [ RunTime:0.003328s ]
NOTIC: [8] Use of undefined constant CURLOPT_TIMEOUT - assumed 'CURLOPT_TIMEOUT' D:\wamp\www\two\ThinkPHP\ThinkPHP\Library\Org\Sms\SmsBao.class.php 第 81 行.
NOTIC: [8] Use of undefined constant CURLOPT_RETURNTRANSFER - assumed 'CURLOPT_RETURNTRANSFER' D:\wamp\www\two\ThinkPHP\ThinkPHP\Library\Org\Sms\SmsBao.class.php 第 82 行.
NOTIC: [8] Use of undefined constant CURLOPT_SSL_VERIFYPEER - assumed 'CURLOPT_SSL_VERIFYPEER' D:\wamp\www\two\ThinkPHP\ThinkPHP\Library\Org\Sms\SmsBao.class.php 第 83 行.
NOTIC: [8] Use of undefined constant CURLOPT_SSL_VERIFYHOST - assumed 'CURLOPT_SSL_VERIFYHOST' D:\wamp\www\two\ThinkPHP\ThinkPHP\Library\Org\Sms\SmsBao.class.php 第 84 行.
NOTIC: [8] Use of undefined constant CURLOPT_URL - assumed 'CURLOPT_URL' D:\wamp\www\two\ThinkPHP\ThinkPHP\Library\Org\Sms\SmsBao.class.php 第 88 行.

[ 2016-01-13T13:02:56+08:00 ] 127.0.0.1 /two/ThinkPHP/index.php/Home/User/requireCity.html
INFO: [ app_begin ] --START--
INFO: Run Behavior\ReadHtmlCacheBehavior [ RunTime:0.003892s ]
INFO: [ app_begin ] --END-- [ RunTime:0.005705s ]
SQL: DESCRIBE truck_area [ RunTime:0.008899s ]
SQL: SELECT * FROM `truck_area` WHERE ( upid=0 )  [ RunTime:0.001469s ]

[ 2016-01-13T13:03:00+08:00 ] 127.0.0.1 /two/ThinkPHP/index.php/Home/User/valUserName.html
INFO: [ app_begin ] --START--
INFO: Run Behavior\ReadHtmlCacheBehavior [ RunTime:0.002440s ]
INFO: [ app_begin ] --END-- [ RunTime:0.004196s ]
SQL: DESCRIBE truck_user [ RunTime:0.010412s ]
SQL: SELECT * FROM `truck_user` WHERE `username` = '1223456' AND `cate` = 2 LIMIT 1   [ RunTime:0.001237s ]

[ 2016-01-13T13:03:12+08:00 ] 127.0.0.1 /two/ThinkPHP/index.php/Home/User/valCode1.html
INFO: [ app_begin ] --START--
INFO: Run Behavior\ReadHtmlCacheBehavior [ RunTime:0.001887s ]
INFO: [ app_begin ] --END-- [ RunTime:0.003296s ]
INFO: [ app_end ] --START--
INFO: Run Behavior\ShowPageTraceBehavior [ RunTime:0.001779s ]
INFO: [ app_end ] --END-- [ RunTime:0.002077s ]

[ 2016-01-13T13:03:17+08:00 ] 127.0.0.1 /two/ThinkPHP/index.php/Home/User/getPhone.html
INFO: [ app_begin ] --START--
INFO: Run Behavior\ReadHtmlCacheBehavior [ RunTime:0.003184s ]
INFO: [ app_begin ] --END-- [ RunTime:0.006927s ]
NOTIC: [8] Use of undefined constant CURLOPT_TIMEOUT - assumed 'CURLOPT_TIMEOUT' D:\wamp\www\two\ThinkPHP\ThinkPHP\Library\Org\Sms\SmsBao.class.php 第 81 行.
NOTIC: [8] Use of undefined constant CURLOPT_RETURNTRANSFER - assumed 'CURLOPT_RETURNTRANSFER' D:\wamp\www\two\ThinkPHP\ThinkPHP\Library\Org\Sms\SmsBao.class.php 第 82 行.
NOTIC: [8] Use of undefined constant CURLOPT_SSL_VERIFYPEER - assumed 'CURLOPT_SSL_VERIFYPEER' D:\wamp\www\two\ThinkPHP\ThinkPHP\Library\Org\Sms\SmsBao.class.php 第 83 行.
NOTIC: [8] Use of undefined constant CURLOPT_SSL_VERIFYHOST - assumed 'CURLOPT_SSL_VERIFYHOST' D:\wamp\www\two\ThinkPHP\ThinkPHP\Library\Org\Sms\SmsBao.class.php 第 84 行.
NOTIC: [8] Use of undefined constant CURLOPT_URL - assumed 'CURLOPT_URL' D:\wamp\www\two\ThinkPHP\ThinkPHP\Library\Org\Sms\SmsBao.class.php 第 88 行.

[ 2016-01-13T13:36:32+08:00 ] 127.0.0.1 /two/ThinkPHP/index.php/Home/User/requireCity.html
INFO: [ app_begin ] --START--
INFO: Run Behavior\ReadHtmlCacheBehavior [ RunTime:0.003486s ]
INFO: [ app_begin ] --END-- [ RunTime:0.007738s ]
SQL: DESCRIBE truck_area [ RunTime:0.017534s ]
SQL: SELECT * FROM `truck_area` WHERE ( upid=0 )  [ RunTime:0.001194s ]

[ 2016-01-13T13:36:36+08:00 ] 127.0.0.1 /two/ThinkPHP/index.php/Home/User/valUserName.html
INFO: [ app_begin ] --START--
INFO: Run Behavior\ReadHtmlCacheBehavior [ RunTime:0.001726s ]
INFO: [ app_begin ] --END-- [ RunTime:0.003058s ]
SQL: DESCRIBE truck_user [ RunTime:0.052034s ]
SQL: SELECT * FROM `truck_user` WHERE `username` = '123456' AND `cate` = 2 LIMIT 1   [ RunTime:0.001143s ]

[ 2016-01-13T13:36:54+08:00 ] 127.0.0.1 /two/ThinkPHP/index.php/Home/User/valCode1.html
INFO: [ app_begin ] --START--
INFO: Run Behavior\ReadHtmlCacheBehavior [ RunTime:0.001796s ]
INFO: [ app_begin ] --END-- [ RunTime:0.003267s ]
INFO: [ app_end ] --START--
INFO: Run Behavior\ShowPageTraceBehavior [ RunTime:0.002069s ]
INFO: [ app_end ] --END-- [ RunTime:0.002326s ]

[ 2016-01-13T13:37:06+08:00 ] 127.0.0.1 /two/ThinkPHP/index.php/Home/User/getPhone.html
INFO: [ app_begin ] --START--
INFO: Run Behavior\ReadHtmlCacheBehavior [ RunTime:0.001776s ]
INFO: [ app_begin ] --END-- [ RunTime:0.003559s ]
NOTIC: [8] Use of undefined constant CURLOPT_TIMEOUT - assumed 'CURLOPT_TIMEOUT' D:\wamp\www\two\ThinkPHP\ThinkPHP\Library\Org\Sms\SmsBao.class.php 第 81 行.
NOTIC: [8] Use of undefined constant CURLOPT_RETURNTRANSFER - assumed 'CURLOPT_RETURNTRANSFER' D:\wamp\www\two\ThinkPHP\ThinkPHP\Library\Org\Sms\SmsBao.class.php 第 82 行.
NOTIC: [8] Use of undefined constant CURLOPT_SSL_VERIFYPEER - assumed 'CURLOPT_SSL_VERIFYPEER' D:\wamp\www\two\ThinkPHP\ThinkPHP\Library\Org\Sms\SmsBao.class.php 第 83 行.
NOTIC: [8] Use of undefined constant CURLOPT_SSL_VERIFYHOST - assumed 'CURLOPT_SSL_VERIFYHOST' D:\wamp\www\two\ThinkPHP\ThinkPHP\Library\Org\Sms\SmsBao.class.php 第 84 行.
NOTIC: [8] Use of undefined constant CURLOPT_URL - assumed 'CURLOPT_URL' D:\wamp\www\two\ThinkPHP\ThinkPHP\Library\Org\Sms\SmsBao.class.php 第 88 行.

[ 2016-01-13T13:43:47+08:00 ] 127.0.0.1 /two/ThinkPHP/index.php/Home/User/requireCity.html
INFO: [ app_begin ] --START--
INFO: Run Behavior\ReadHtmlCacheBehavior [ RunTime:0.002613s ]
INFO: [ app_begin ] --END-- [ RunTime:0.005136s ]
SQL: DESCRIBE truck_area [ RunTime:0.008768s ]
SQL: SELECT * FROM `truck_area` WHERE ( upid=0 )  [ RunTime:0.001086s ]

[ 2016-01-13T13:43:55+08:00 ] 127.0.0.1 /two/ThinkPHP/index.php/Home/User/valUserName.html
INFO: [ app_begin ] --START--
INFO: Run Behavior\ReadHtmlCacheBehavior [ RunTime:0.003685s ]
INFO: [ app_begin ] --END-- [ RunTime:0.005329s ]
SQL: DESCRIBE truck_user [ RunTime:0.051936s ]
SQL: SELECT * FROM `truck_user` WHERE `username` = 'asdf' AND `cate` = 2 LIMIT 1   [ RunTime:0.001004s ]

[ 2016-01-13T13:44:11+08:00 ] 127.0.0.1 /two/ThinkPHP/index.php/Home/User/valCode1.html
INFO: [ app_begin ] --START--
INFO: Run Behavior\ReadHtmlCacheBehavior [ RunTime:0.003767s ]
INFO: [ app_begin ] --END-- [ RunTime:0.005373s ]
INFO: [ app_end ] --START--
INFO: Run Behavior\ShowPageTraceBehavior [ RunTime:0.003670s ]
INFO: [ app_end ] --END-- [ RunTime:0.004113s ]

[ 2016-01-13T13:44:19+08:00 ] 127.0.0.1 /two/ThinkPHP/index.php/Home/User/getPhone.html
INFO: [ app_begin ] --START--
INFO: Run Behavior\ReadHtmlCacheBehavior [ RunTime:0.004262s ]
INFO: [ app_begin ] --END-- [ RunTime:0.006888s ]
NOTIC: [8] Use of undefined constant CURLOPT_TIMEOUT - assumed 'CURLOPT_TIMEOUT' D:\wamp\www\two\ThinkPHP\ThinkPHP\Library\Org\Sms\SmsBao.class.php 第 81 行.
NOTIC: [8] Use of undefined constant CURLOPT_RETURNTRANSFER - assumed 'CURLOPT_RETURNTRANSFER' D:\wamp\www\two\ThinkPHP\ThinkPHP\Library\Org\Sms\SmsBao.class.php 第 82 行.
NOTIC: [8] Use of undefined constant CURLOPT_SSL_VERIFYPEER - assumed 'CURLOPT_SSL_VERIFYPEER' D:\wamp\www\two\ThinkPHP\ThinkPHP\Library\Org\Sms\SmsBao.class.php 第 83 行.
NOTIC: [8] Use of undefined constant CURLOPT_SSL_VERIFYHOST - assumed 'CURLOPT_SSL_VERIFYHOST' D:\wamp\www\two\ThinkPHP\ThinkPHP\Library\Org\Sms\SmsBao.class.php 第 84 行.
NOTIC: [8] Use of undefined constant CURLOPT_URL - assumed 'CURLOPT_URL' D:\wamp\www\two\ThinkPHP\ThinkPHP\Library\Org\Sms\SmsBao.class.php 第 88 行.

[ 2016-01-13T13:54:34+08:00 ] 127.0.0.1 /two/ThinkPHP/index.php/Home/User/requireCity.html
INFO: [ app_begin ] --START--
INFO: Run Behavior\ReadHtmlCacheBehavior [ RunTime:0.002905s ]
INFO: [ app_begin ] --END-- [ RunTime:0.005566s ]
SQL: DESCRIBE truck_area [ RunTime:0.008847s ]
SQL: SELECT * FROM `truck_area` WHERE ( upid=0 )  [ RunTime:0.001390s ]

[ 2016-01-13T13:54:41+08:00 ] 127.0.0.1 /two/ThinkPHP/index.php/Home/User/valUserName.html
INFO: [ app_begin ] --START--
INFO: Run Behavior\ReadHtmlCacheBehavior [ RunTime:0.001977s ]
INFO: [ app_begin ] --END-- [ RunTime:0.003346s ]
SQL: DESCRIBE truck_user [ RunTime:0.009341s ]
SQL: SELECT * FROM `truck_user` WHERE `username` = '123456' AND `cate` = 2 LIMIT 1   [ RunTime:0.001234s ]

[ 2016-01-13T13:54:52+08:00 ] 127.0.0.1 /two/ThinkPHP/index.php/Home/User/requireCity.html
INFO: [ app_begin ] --START--
INFO: Run Behavior\ReadHtmlCacheBehavior [ RunTime:0.001941s ]
INFO: [ app_begin ] --END-- [ RunTime:0.003386s ]
SQL: DESCRIBE truck_area [ RunTime:0.007543s ]
SQL: SELECT * FROM `truck_area` WHERE ( upid=1 )  [ RunTime:0.001160s ]

[ 2016-01-13T13:54:54+08:00 ] 127.0.0.1 /two/ThinkPHP/index.php/Home/User/requireCity.html
INFO: [ app_begin ] --START--
INFO: Run Behavior\ReadHtmlCacheBehavior [ RunTime:0.001910s ]
INFO: [ app_begin ] --END-- [ RunTime:0.003342s ]
SQL: DESCRIBE truck_area [ RunTime:0.008214s ]
SQL: SELECT * FROM `truck_area` WHERE ( upid=37 )  [ RunTime:0.001041s ]

[ 2016-01-13T13:54:55+08:00 ] 127.0.0.1 /two/ThinkPHP/index.php/Home/User/requireCity.html
INFO: [ app_begin ] --START--
INFO: Run Behavior\ReadHtmlCacheBehavior [ RunTime:0.002122s ]
INFO: [ app_begin ] --END-- [ RunTime:0.003525s ]
SQL: DESCRIBE truck_area [ RunTime:0.007381s ]
SQL: SELECT * FROM `truck_area` WHERE ( upid=568 )  [ RunTime:0.000795s ]

[ 2016-01-13T13:55:00+08:00 ] 127.0.0.1 /two/ThinkPHP/index.php/Home/User/valCode1.html
INFO: [ app_begin ] --START--
INFO: Run Behavior\ReadHtmlCacheBehavior [ RunTime:0.001833s ]
INFO: [ app_begin ] --END-- [ RunTime:0.003244s ]
INFO: [ app_end ] --START--
INFO: Run Behavior\ShowPageTraceBehavior [ RunTime:0.001929s ]
INFO: [ app_end ] --END-- [ RunTime:0.002187s ]

