[ 2016-01-15T00:09:25+08:00 ] 127.0.0.1 /two/ThinkPHP/index.php/Home/User/checkPhone.html
INFO: [ app_begin ] --START--
INFO: Run Behavior\ReadHtmlCacheBehavior [ RunTime:0.002008s ]
INFO: [ app_begin ] --END-- [ RunTime:0.003520s ]
SQL: DESCRIBE truck_user [ RunTime:0.008215s ]
SQL: SELECT * FROM `truck_user` WHERE `phone` = '15172764834' LIMIT 1   [ RunTime:0.001058s ]

[ 2016-01-15T00:09:32+08:00 ] 127.0.0.1 /two/ThinkPHP/index.php/Home/User/getPhone.html
INFO: [ app_begin ] --START--
INFO: Run Behavior\ReadHtmlCacheBehavior [ RunTime:0.001759s ]
INFO: [ app_begin ] --END-- [ RunTime:0.003202s ]

[ 2016-01-15T00:10:24+08:00 ] 127.0.0.1 /two/ThinkPHP/index.php/Home/User/yzMessage.html
INFO: [ app_begin ] --START--
INFO: Run Behavior\ReadHtmlCacheBehavior [ RunTime:0.001664s ]
INFO: [ app_begin ] --END-- [ RunTime:0.003066s ]
INFO: [ app_end ] --START--
INFO: Run Behavior\ShowPageTraceBehavior [ RunTime:0.002240s ]
INFO: [ app_end ] --END-- [ RunTime:0.002493s ]

[ 2016-01-15T00:12:32+08:00 ] 127.0.0.1 /two/ThinkPHP/index.php/Home/User/yzMessage.html
INFO: [ app_begin ] --START--
INFO: Run Behavior\ReadHtmlCacheBehavior [ RunTime:0.002132s ]
INFO: [ app_begin ] --END-- [ RunTime:0.003633s ]
INFO: [ app_end ] --START--
INFO: Run Behavior\ShowPageTraceBehavior [ RunTime:0.003803s ]
INFO: [ app_end ] --END-- [ RunTime:0.004565s ]

[ 2016-01-15T00:12:41+08:00 ] 127.0.0.1 /two/ThinkPHP/index.php/Home/User/yzMessage.html
INFO: [ app_begin ] --START--
INFO: Run Behavior\ReadHtmlCacheBehavior [ RunTime:0.002257s ]
INFO: [ app_begin ] --END-- [ RunTime:0.003568s ]
INFO: [ app_end ] --START--
INFO: Run Behavior\ShowPageTraceBehavior [ RunTime:0.001919s ]
INFO: [ app_end ] --END-- [ RunTime:0.002165s ]

[ 2016-01-15T00:12:58+08:00 ] 127.0.0.1 /two/ThinkPHP/index.php/Home/User/yzMessage.html
INFO: [ app_begin ] --START--
INFO: Run Behavior\ReadHtmlCacheBehavior [ RunTime:0.001764s ]
INFO: [ app_begin ] --END-- [ RunTime:0.003098s ]
INFO: [ app_end ] --START--
INFO: Run Behavior\ShowPageTraceBehavior [ RunTime:0.001954s ]
INFO: [ app_end ] --END-- [ RunTime:0.002186s ]

[ 2016-01-15T00:17:47+08:00 ] 127.0.0.1 /two/ThinkPHP/index.php/Home/User/checkPhone.html
INFO: [ app_begin ] --START--
INFO: Run Behavior\ReadHtmlCacheBehavior [ RunTime:0.002881s ]
INFO: [ app_begin ] --END-- [ RunTime:0.004557s ]
SQL: DESCRIBE truck_user [ RunTime:0.008443s ]
SQL: SELECT * FROM `truck_user` WHERE `phone` = '15172764834' LIMIT 1   [ RunTime:0.000965s ]

[ 2016-01-15T00:18:19+08:00 ] 127.0.0.1 /two/ThinkPHP/index.php/Home/User/yzMessage.html
INFO: [ app_begin ] --START--
INFO: Run Behavior\ReadHtmlCacheBehavior [ RunTime:0.001821s ]
INFO: [ app_begin ] --END-- [ RunTime:0.003161s ]
INFO: [ app_end ] --START--
INFO: Run Behavior\ShowPageTraceBehavior [ RunTime:0.003029s ]
INFO: [ app_end ] --END-- [ RunTime:0.003339s ]

[ 2016-01-15T00:18:43+08:00 ] 127.0.0.1 /two/ThinkPHP/index.php/Home/User/yzMessage.html
INFO: [ app_begin ] --START--
INFO: Run Behavior\ReadHtmlCacheBehavior [ RunTime:0.001782s ]
INFO: [ app_begin ] --END-- [ RunTime:0.003342s ]
INFO: [ app_end ] --START--
INFO: Run Behavior\ShowPageTraceBehavior [ RunTime:0.001782s ]
INFO: [ app_end ] --END-- [ RunTime:0.002071s ]

[ 2016-01-15T00:18:54+08:00 ] 127.0.0.1 /two/ThinkPHP/index.php/Home/User/yzMessage.html
INFO: [ app_begin ] --START--
INFO: Run Behavior\ReadHtmlCacheBehavior [ RunTime:0.002007s ]
INFO: [ app_begin ] --END-- [ RunTime:0.003591s ]
INFO: [ app_end ] --START--
INFO: Run Behavior\ShowPageTraceBehavior [ RunTime:0.001865s ]
INFO: [ app_end ] --END-- [ RunTime:0.002112s ]

[ 2016-01-15T00:18:58+08:00 ] 127.0.0.1 /two/ThinkPHP/index.php/Home/User/checkPhone.html
INFO: [ app_begin ] --START--
INFO: Run Behavior\ReadHtmlCacheBehavior [ RunTime:0.002684s ]
INFO: [ app_begin ] --END-- [ RunTime:0.005366s ]
SQL: DESCRIBE truck_user [ RunTime:0.008387s ]
SQL: SELECT * FROM `truck_user` WHERE `phone` = '15613553728' LIMIT 1   [ RunTime:0.001095s ]

[ 2016-01-15T00:19:01+08:00 ] 127.0.0.1 /two/ThinkPHP/index.php/Home/User/getPhone.html
INFO: [ app_begin ] --START--
INFO: Run Behavior\ReadHtmlCacheBehavior [ RunTime:0.001875s ]
INFO: [ app_begin ] --END-- [ RunTime:0.003275s ]

[ 2016-01-15T00:19:30+08:00 ] 127.0.0.1 /two/ThinkPHP/index.php/Home/User/yzMessage.html
INFO: [ app_begin ] --START--
INFO: Run Behavior\ReadHtmlCacheBehavior [ RunTime:0.001707s ]
INFO: [ app_begin ] --END-- [ RunTime:0.002947s ]
INFO: [ app_end ] --START--
INFO: Run Behavior\ShowPageTraceBehavior [ RunTime:0.001974s ]
INFO: [ app_end ] --END-- [ RunTime:0.002208s ]

[ 2016-01-15T00:19:37+08:00 ] 127.0.0.1 /two/ThinkPHP/index.php/Home/User/yzMessage.html
INFO: [ app_begin ] --START--
INFO: Run Behavior\ReadHtmlCacheBehavior [ RunTime:0.002869s ]
INFO: [ app_begin ] --END-- [ RunTime:0.005552s ]
INFO: [ app_end ] --START--
INFO: Run Behavior\ShowPageTraceBehavior [ RunTime:0.003341s ]
INFO: [ app_end ] --END-- [ RunTime:0.003640s ]

[ 2016-01-15T00:19:49+08:00 ] 127.0.0.1 /two/ThinkPHP/index.php/Home/User/yzMessage.html
INFO: [ app_begin ] --START--
INFO: Run Behavior\ReadHtmlCacheBehavior [ RunTime:0.001765s ]
INFO: [ app_begin ] --END-- [ RunTime:0.003059s ]
INFO: [ app_end ] --START--
INFO: Run Behavior\ShowPageTraceBehavior [ RunTime:0.002135s ]
INFO: [ app_end ] --END-- [ RunTime:0.002373s ]

[ 2016-01-15T00:20:47+08:00 ] 127.0.0.1 /two/ThinkPHP/index.php/Home/User/yzMessage.html
INFO: [ app_begin ] --START--
INFO: Run Behavior\ReadHtmlCacheBehavior [ RunTime:0.001701s ]
INFO: [ app_begin ] --END-- [ RunTime:0.003007s ]
INFO: [ app_end ] --START--
INFO: Run Behavior\ShowPageTraceBehavior [ RunTime:0.001846s ]
INFO: [ app_end ] --END-- [ RunTime:0.002079s ]

[ 2016-01-15T00:21:00+08:00 ] 127.0.0.1 /two/ThinkPHP/index.php/Home/User/yzMessage.html
INFO: [ app_begin ] --START--
INFO: Run Behavior\ReadHtmlCacheBehavior [ RunTime:0.001946s ]
INFO: [ app_begin ] --END-- [ RunTime:0.003297s ]
INFO: [ app_end ] --START--
INFO: Run Behavior\ShowPageTraceBehavior [ RunTime:0.001765s ]
INFO: [ app_end ] --END-- [ RunTime:0.002072s ]

[ 2016-01-15T00:21:03+08:00 ] 127.0.0.1 /two/ThinkPHP/index.php/Home/User/yzMessage.html
INFO: [ app_begin ] --START--
INFO: Run Behavior\ReadHtmlCacheBehavior [ RunTime:0.001701s ]
INFO: [ app_begin ] --END-- [ RunTime:0.003012s ]
INFO: [ app_end ] --START--
INFO: Run Behavior\ShowPageTraceBehavior [ RunTime:0.001834s ]
INFO: [ app_end ] --END-- [ RunTime:0.002077s ]

[ 2016-01-15T00:21:45+08:00 ] 127.0.0.1 /two/ThinkPHP/index.php/Home/User/checkPhone.html
INFO: [ app_begin ] --START--
INFO: Run Behavior\ReadHtmlCacheBehavior [ RunTime:0.002172s ]
INFO: [ app_begin ] --END-- [ RunTime:0.006304s ]
SQL: DESCRIBE truck_user [ RunTime:0.008152s ]
SQL: SELECT * FROM `truck_user` WHERE `phone` = '15613553728' LIMIT 1   [ RunTime:0.001028s ]

[ 2016-01-15T00:21:57+08:00 ] 127.0.0.1 /two/ThinkPHP/index.php/Home/User/yzMessage.html
INFO: [ app_begin ] --START--
INFO: Run Behavior\ReadHtmlCacheBehavior [ RunTime:0.001716s ]
INFO: [ app_begin ] --END-- [ RunTime:0.003119s ]
INFO: [ app_end ] --START--
INFO: Run Behavior\ShowPageTraceBehavior [ RunTime:0.002561s ]
INFO: [ app_end ] --END-- [ RunTime:0.002822s ]

[ 2016-01-15T00:22:05+08:00 ] 127.0.0.1 /two/ThinkPHP/index.php/Home/User/yzMessage.html
INFO: [ app_begin ] --START--
INFO: Run Behavior\ReadHtmlCacheBehavior [ RunTime:0.001961s ]
INFO: [ app_begin ] --END-- [ RunTime:0.003537s ]
INFO: [ app_end ] --START--
INFO: Run Behavior\ShowPageTraceBehavior [ RunTime:0.001818s ]
INFO: [ app_end ] --END-- [ RunTime:0.002055s ]

[ 2016-01-15T10:11:55+08:00 ] 127.0.0.1 /two/ThinkPHP/index.php/Home/User/checkPhone.html
INFO: [ app_begin ] --START--
INFO: Run Behavior\ReadHtmlCacheBehavior [ RunTime:0.001990s ]
INFO: [ app_begin ] --END-- [ RunTime:0.004446s ]
SQL: DESCRIBE truck_user [ RunTime:0.008374s ]
SQL: SELECT * FROM `truck_user` WHERE `phone` = '15172764834' LIMIT 1   [ RunTime:0.001046s ]

[ 2016-01-15T10:12:00+08:00 ] 127.0.0.1 /two/ThinkPHP/index.php/Home/User/yzMessage.html
INFO: [ app_begin ] --START--
INFO: Run Behavior\ReadHtmlCacheBehavior [ RunTime:0.001729s ]
INFO: [ app_begin ] --END-- [ RunTime:0.003284s ]
INFO: [ app_end ] --START--
INFO: Run Behavior\ShowPageTraceBehavior [ RunTime:0.002303s ]
INFO: [ app_end ] --END-- [ RunTime:0.002559s ]

[ 2016-01-15T10:12:02+08:00 ] 127.0.0.1 /two/ThinkPHP/index.php/Home/User/getPhone.html
INFO: [ app_begin ] --START--
INFO: Run Behavior\ReadHtmlCacheBehavior [ RunTime:0.001715s ]
INFO: [ app_begin ] --END-- [ RunTime:0.003032s ]

[ 2016-01-15T10:13:09+08:00 ] 127.0.0.1 /two/ThinkPHP/index.php/Home/User/yzMessage.html
INFO: [ app_begin ] --START--
INFO: Run Behavior\ReadHtmlCacheBehavior [ RunTime:0.003110s ]
INFO: [ app_begin ] --END-- [ RunTime:0.004501s ]
INFO: [ app_end ] --START--
INFO: Run Behavior\ShowPageTraceBehavior [ RunTime:0.002117s ]
INFO: [ app_end ] --END-- [ RunTime:0.002379s ]

[ 2016-01-15T10:22:32+08:00 ] 127.0.0.1 /two/ThinkPHP/index.php/Home/User/requireCity.html
INFO: [ app_begin ] --START--
INFO: Run Behavior\ReadHtmlCacheBehavior [ RunTime:0.002705s ]
INFO: [ app_begin ] --END-- [ RunTime:0.004186s ]
SQL: DESCRIBE truck_area [ RunTime:0.007826s ]
SQL: SELECT * FROM `truck_area` WHERE ( upid=0 )  [ RunTime:0.001399s ]

[ 2016-01-15T10:22:41+08:00 ] 127.0.0.1 /two/ThinkPHP/index.php/Home/User/forget
ERR: 非法操作:forget

[ 2016-01-15T10:23:02+08:00 ] 127.0.0.1 /two/ThinkPHP/index.php/Home/User/checkPhone.html
INFO: [ app_begin ] --START--
INFO: Run Behavior\ReadHtmlCacheBehavior [ RunTime:0.003001s ]
INFO: [ app_begin ] --END-- [ RunTime:0.004587s ]
SQL: DESCRIBE truck_user [ RunTime:0.007945s ]
SQL: SELECT * FROM `truck_user` WHERE `phone` = '15613553728' LIMIT 1   [ RunTime:0.000982s ]

[ 2016-01-15T10:23:07+08:00 ] 127.0.0.1 /two/ThinkPHP/index.php/Home/User/getPhone.html
INFO: [ app_begin ] --START--
INFO: Run Behavior\ReadHtmlCacheBehavior [ RunTime:0.001746s ]
INFO: [ app_begin ] --END-- [ RunTime:0.003200s ]

[ 2016-01-15T10:23:33+08:00 ] 127.0.0.1 /two/ThinkPHP/index.php/Home/User/yzMessage.html
INFO: [ app_begin ] --START--
INFO: Run Behavior\ReadHtmlCacheBehavior [ RunTime:0.001724s ]
INFO: [ app_begin ] --END-- [ RunTime:0.003325s ]
INFO: [ app_end ] --START--
INFO: Run Behavior\ShowPageTraceBehavior [ RunTime:0.001954s ]
INFO: [ app_end ] --END-- [ RunTime:0.002190s ]

[ 2016-01-15T10:27:50+08:00 ] 127.0.0.1 /two/ThinkPHP/index.php/Home/User/checkPhone.html
INFO: [ app_begin ] --START--
INFO: Run Behavior\ReadHtmlCacheBehavior [ RunTime:0.002463s ]
INFO: [ app_begin ] --END-- [ RunTime:0.003978s ]
SQL: DESCRIBE truck_user [ RunTime:0.008377s ]
SQL: SELECT * FROM `truck_user` WHERE `phone` = '15613553728' LIMIT 1   [ RunTime:0.001084s ]

[ 2016-01-15T10:28:12+08:00 ] 127.0.0.1 /two/ThinkPHP/index.php/Home/User/yzMessage.html
INFO: [ app_begin ] --START--
INFO: Run Behavior\ReadHtmlCacheBehavior [ RunTime:0.001910s ]
INFO: [ app_begin ] --END-- [ RunTime:0.003321s ]
INFO: [ app_end ] --START--
INFO: Run Behavior\ShowPageTraceBehavior [ RunTime:0.002155s ]
INFO: [ app_end ] --END-- [ RunTime:0.002482s ]

[ 2016-01-15T10:28:23+08:00 ] 127.0.0.1 /two/ThinkPHP/index.php/Home/User/yzMessage.html
INFO: [ app_begin ] --START--
INFO: Run Behavior\ReadHtmlCacheBehavior [ RunTime:0.003085s ]
INFO: [ app_begin ] --END-- [ RunTime:0.004623s ]
INFO: [ app_end ] --START--
INFO: Run Behavior\ShowPageTraceBehavior [ RunTime:0.002452s ]
INFO: [ app_end ] --END-- [ RunTime:0.002705s ]

[ 2016-01-15T10:28:23+08:00 ] 127.0.0.1 /two/ThinkPHP/index.php/Home/User/getPhone.html
INFO: [ app_begin ] --START--
INFO: Run Behavior\ReadHtmlCacheBehavior [ RunTime:0.001621s ]
INFO: [ app_begin ] --END-- [ RunTime:0.002911s ]

[ 2016-01-15T10:28:42+08:00 ] 127.0.0.1 /two/ThinkPHP/index.php/Home/User/yzMessage.html
INFO: [ app_begin ] --START--
INFO: Run Behavior\ReadHtmlCacheBehavior [ RunTime:0.002587s ]
INFO: [ app_begin ] --END-- [ RunTime:0.004011s ]
INFO: [ app_end ] --START--
INFO: Run Behavior\ShowPageTraceBehavior [ RunTime:0.001837s ]
INFO: [ app_end ] --END-- [ RunTime:0.002090s ]

[ 2016-01-15T10:32:26+08:00 ] 127.0.0.1 /two/ThinkPHP/index.php/Home/User/checkPhone.html
INFO: [ app_begin ] --START--
INFO: Run Behavior\ReadHtmlCacheBehavior [ RunTime:0.002488s ]
INFO: [ app_begin ] --END-- [ RunTime:0.003980s ]
SQL: DESCRIBE truck_user [ RunTime:0.008997s ]
SQL: SELECT * FROM `truck_user` WHERE `phone` = '15613553728' LIMIT 1   [ RunTime:0.001100s ]

[ 2016-01-15T10:32:30+08:00 ] 127.0.0.1 /two/ThinkPHP/index.php/Home/User/yzMessage.html
INFO: [ app_begin ] --START--
INFO: Run Behavior\ReadHtmlCacheBehavior [ RunTime:0.001784s ]
INFO: [ app_begin ] --END-- [ RunTime:0.003177s ]
INFO: [ app_end ] --START--
INFO: Run Behavior\ShowPageTraceBehavior [ RunTime:0.001958s ]
INFO: [ app_end ] --END-- [ RunTime:0.002221s ]

[ 2016-01-15T10:32:40+08:00 ] 127.0.0.1 /two/ThinkPHP/index.php/Home/User/yzMessage.html
INFO: [ app_begin ] --START--
INFO: Run Behavior\ReadHtmlCacheBehavior [ RunTime:0.001734s ]
INFO: [ app_begin ] --END-- [ RunTime:0.003114s ]
INFO: [ app_end ] --START--
INFO: Run Behavior\ShowPageTraceBehavior [ RunTime:0.002627s ]
INFO: [ app_end ] --END-- [ RunTime:0.002881s ]

[ 2016-01-15T10:35:22+08:00 ] 127.0.0.1 /two/ThinkPHP/index.php/Home/User/checkPhone.html
INFO: [ app_begin ] --START--
INFO: Run Behavior\ReadHtmlCacheBehavior [ RunTime:0.001752s ]
INFO: [ app_begin ] --END-- [ RunTime:0.003110s ]
SQL: DESCRIBE truck_user [ RunTime:0.008021s ]
SQL: SELECT * FROM `truck_user` WHERE `phone` = '15613553728' LIMIT 1   [ RunTime:0.001044s ]

[ 2016-01-15T10:35:57+08:00 ] 127.0.0.1 /two/ThinkPHP/index.php/Home/User/yzMessage.html
INFO: [ app_begin ] --START--
INFO: Run Behavior\ReadHtmlCacheBehavior [ RunTime:0.002010s ]
INFO: [ app_begin ] --END-- [ RunTime:0.003508s ]
INFO: [ app_end ] --START--
INFO: Run Behavior\ShowPageTraceBehavior [ RunTime:0.002027s ]
INFO: [ app_end ] --END-- [ RunTime:0.002277s ]

[ 2016-01-15T10:36:31+08:00 ] 127.0.0.1 /two/ThinkPHP/index.php/Home/User/yzMessage.html
INFO: [ app_begin ] --START--
INFO: Run Behavior\ReadHtmlCacheBehavior [ RunTime:0.002002s ]
INFO: [ app_begin ] --END-- [ RunTime:0.003331s ]
INFO: [ app_end ] --START--
INFO: Run Behavior\ShowPageTraceBehavior [ RunTime:0.001998s ]
INFO: [ app_end ] --END-- [ RunTime:0.002242s ]

[ 2016-01-15T10:36:36+08:00 ] 127.0.0.1 /two/ThinkPHP/index.php/Home/User/checkPhone.html
INFO: [ app_begin ] --START--
INFO: Run Behavior\ReadHtmlCacheBehavior [ RunTime:0.001755s ]
INFO: [ app_begin ] --END-- [ RunTime:0.003110s ]
SQL: DESCRIBE truck_user [ RunTime:0.008127s ]
SQL: SELECT * FROM `truck_user` WHERE `phone` = '15172764834' LIMIT 1   [ RunTime:0.000894s ]

[ 2016-01-15T10:36:38+08:00 ] 127.0.0.1 /two/ThinkPHP/index.php/Home/User/yzMessage.html
INFO: [ app_begin ] --START--
INFO: Run Behavior\ReadHtmlCacheBehavior [ RunTime:0.001746s ]
INFO: [ app_begin ] --END-- [ RunTime:0.003107s ]
INFO: [ app_end ] --START--
INFO: Run Behavior\ShowPageTraceBehavior [ RunTime:0.001862s ]
INFO: [ app_end ] --END-- [ RunTime:0.002105s ]

[ 2016-01-15T10:36:38+08:00 ] 127.0.0.1 /two/ThinkPHP/index.php/Home/User/getPhone.html
INFO: [ app_begin ] --START--
INFO: Run Behavior\ReadHtmlCacheBehavior [ RunTime:0.001953s ]
INFO: [ app_begin ] --END-- [ RunTime:0.003308s ]

[ 2016-01-15T10:37:00+08:00 ] 127.0.0.1 /two/ThinkPHP/index.php/Home/User/yzMessage.html
INFO: [ app_begin ] --START--
INFO: Run Behavior\ReadHtmlCacheBehavior [ RunTime:0.002015s ]
INFO: [ app_begin ] --END-- [ RunTime:0.003428s ]
INFO: [ app_end ] --START--
INFO: Run Behavior\ShowPageTraceBehavior [ RunTime:0.002232s ]
INFO: [ app_end ] --END-- [ RunTime:0.002507s ]

[ 2016-01-15T10:38:49+08:00 ] 127.0.0.1 /two/ThinkPHP/index.php/Home/User/checkPhone.html
INFO: [ app_begin ] --START--
INFO: Run Behavior\ReadHtmlCacheBehavior [ RunTime:0.002016s ]
INFO: [ app_begin ] --END-- [ RunTime:0.003403s ]
SQL: DESCRIBE truck_user [ RunTime:0.009454s ]
SQL: SELECT * FROM `truck_user` WHERE `phone` = '15172764834' LIMIT 1   [ RunTime:0.000976s ]

[ 2016-01-15T10:39:08+08:00 ] 127.0.0.1 /two/ThinkPHP/index.php/Home/User/yzMessage.html
INFO: [ app_begin ] --START--
INFO: Run Behavior\ReadHtmlCacheBehavior [ RunTime:0.001830s ]
INFO: [ app_begin ] --END-- [ RunTime:0.003138s ]
INFO: [ app_end ] --START--
INFO: Run Behavior\ShowPageTraceBehavior [ RunTime:0.001999s ]
INFO: [ app_end ] --END-- [ RunTime:0.002267s ]

[ 2016-01-15T10:41:25+08:00 ] 127.0.0.1 /two/ThinkPHP/index.php/Home/User/checkPhone.html
INFO: [ app_begin ] --START--
INFO: Run Behavior\ReadHtmlCacheBehavior [ RunTime:0.001627s ]
INFO: [ app_begin ] --END-- [ RunTime:0.002956s ]
SQL: DESCRIBE truck_user [ RunTime:0.008799s ]
SQL: SELECT * FROM `truck_user` WHERE `phone` = '15172764834' LIMIT 1   [ RunTime:0.001017s ]

[ 2016-01-15T10:41:38+08:00 ] 127.0.0.1 /two/ThinkPHP/index.php/Home/User/yzMessage.html
INFO: [ app_begin ] --START--
INFO: Run Behavior\ReadHtmlCacheBehavior [ RunTime:0.001744s ]
INFO: [ app_begin ] --END-- [ RunTime:0.003155s ]
INFO: [ app_end ] --START--
INFO: Run Behavior\ShowPageTraceBehavior [ RunTime:0.001996s ]
INFO: [ app_end ] --END-- [ RunTime:0.002276s ]

[ 2016-01-15T10:43:37+08:00 ] 127.0.0.1 /two/ThinkPHP/index.php/Home/User/checkPhone.html
INFO: [ app_begin ] --START--
INFO: Run Behavior\ReadHtmlCacheBehavior [ RunTime:0.001987s ]
INFO: [ app_begin ] --END-- [ RunTime:0.003405s ]
SQL: DESCRIBE truck_user [ RunTime:0.008725s ]
SQL: SELECT * FROM `truck_user` WHERE `phone` = '15172764834' LIMIT 1   [ RunTime:0.001339s ]

[ 2016-01-15T10:43:51+08:00 ] 127.0.0.1 /two/ThinkPHP/index.php/Home/User/yzMessage.html
INFO: [ app_begin ] --START--
INFO: Run Behavior\ReadHtmlCacheBehavior [ RunTime:0.001921s ]
INFO: [ app_begin ] --END-- [ RunTime:0.003278s ]
INFO: [ app_end ] --START--
INFO: Run Behavior\ShowPageTraceBehavior [ RunTime:0.002243s ]
INFO: [ app_end ] --END-- [ RunTime:0.002498s ]

[ 2016-01-15T10:43:54+08:00 ] 127.0.0.1 /two/ThinkPHP/index.php/Home/User/getPhone.html
INFO: [ app_begin ] --START--
INFO: Run Behavior\ReadHtmlCacheBehavior [ RunTime:0.001707s ]
INFO: [ app_begin ] --END-- [ RunTime:0.003024s ]

[ 2016-01-15T10:44:08+08:00 ] 127.0.0.1 /two/ThinkPHP/index.php/Home/User/yzMessage.html
INFO: [ app_begin ] --START--
INFO: Run Behavior\ReadHtmlCacheBehavior [ RunTime:0.001748s ]
INFO: [ app_begin ] --END-- [ RunTime:0.003563s ]
INFO: [ app_end ] --START--
INFO: Run Behavior\ShowPageTraceBehavior [ RunTime:0.001828s ]
INFO: [ app_end ] --END-- [ RunTime:0.002237s ]

[ 2016-01-15T10:46:06+08:00 ] 127.0.0.1 /two/ThinkPHP/index.php/Home/User/checkPhone.html
INFO: [ app_begin ] --START--
INFO: Run Behavior\ReadHtmlCacheBehavior [ RunTime:0.001935s ]
INFO: [ app_begin ] --END-- [ RunTime:0.003309s ]
SQL: DESCRIBE truck_user [ RunTime:0.008811s ]
SQL: SELECT * FROM `truck_user` WHERE `phone` = '15172764834' LIMIT 1   [ RunTime:0.001384s ]

[ 2016-01-15T10:46:17+08:00 ] 127.0.0.1 /two/ThinkPHP/index.php/Home/User/yzMessage.html
INFO: [ app_begin ] --START--
INFO: Run Behavior\ReadHtmlCacheBehavior [ RunTime:0.002755s ]
INFO: [ app_begin ] --END-- [ RunTime:0.005164s ]
INFO: [ app_end ] --START--
INFO: Run Behavior\ShowPageTraceBehavior [ RunTime:0.002235s ]
INFO: [ app_end ] --END-- [ RunTime:0.002512s ]

[ 2016-01-15T10:47:14+08:00 ] 127.0.0.1 /two/ThinkPHP/index.php/Home/User/checkPhone.html
INFO: [ app_begin ] --START--
INFO: Run Behavior\ReadHtmlCacheBehavior [ RunTime:0.001938s ]
INFO: [ app_begin ] --END-- [ RunTime:0.003298s ]
SQL: DESCRIBE truck_user [ RunTime:0.007634s ]
SQL: SELECT * FROM `truck_user` WHERE `phone` = '15172764834' LIMIT 1   [ RunTime:0.001406s ]

[ 2016-01-15T10:47:28+08:00 ] 127.0.0.1 /two/ThinkPHP/index.php/Home/User/yzMessage.html
INFO: [ app_begin ] --START--
INFO: Run Behavior\ReadHtmlCacheBehavior [ RunTime:0.001735s ]
INFO: [ app_begin ] --END-- [ RunTime:0.003103s ]
INFO: [ app_end ] --START--
INFO: Run Behavior\ShowPageTraceBehavior [ RunTime:0.002153s ]
INFO: [ app_end ] --END-- [ RunTime:0.002423s ]

[ 2016-01-15T10:48:06+08:00 ] 127.0.0.1 /two/ThinkPHP/index.php/Home/User/checkPhone.html
INFO: [ app_begin ] --START--
INFO: Run Behavior\ReadHtmlCacheBehavior [ RunTime:0.001795s ]
INFO: [ app_begin ] --END-- [ RunTime:0.003314s ]
SQL: DESCRIBE truck_user [ RunTime:0.009258s ]
SQL: SELECT * FROM `truck_user` WHERE `phone` = '15172764834' LIMIT 1   [ RunTime:0.001049s ]

[ 2016-01-15T10:48:16+08:00 ] 127.0.0.1 /two/ThinkPHP/index.php/Home/User/yzMessage.html
INFO: [ app_begin ] --START--
INFO: Run Behavior\ReadHtmlCacheBehavior [ RunTime:0.001759s ]
INFO: [ app_begin ] --END-- [ RunTime:0.003102s ]
INFO: [ app_end ] --START--
INFO: Run Behavior\ShowPageTraceBehavior [ RunTime:0.002525s ]
INFO: [ app_end ] --END-- [ RunTime:0.002790s ]

[ 2016-01-15T11:17:18+08:00 ] 127.0.0.1 /two/ThinkPHP/index.php/Home/User/requireCity.html
INFO: [ app_begin ] --START--
INFO: Run Behavior\ReadHtmlCacheBehavior [ RunTime:0.003406s ]
INFO: [ app_begin ] --END-- [ RunTime:0.005702s ]
SQL: DESCRIBE truck_area [ RunTime:0.008303s ]
SQL: SELECT * FROM `truck_area` WHERE ( upid=0 )  [ RunTime:0.001470s ]

[ 2016-01-15T11:18:16+08:00 ] 127.0.0.1 /two/ThinkPHP/index.php/Home/User/valUserName.html
INFO: [ app_begin ] --START--
INFO: Run Behavior\ReadHtmlCacheBehavior [ RunTime:0.004308s ]
INFO: [ app_begin ] --END-- [ RunTime:0.006441s ]
SQL: DESCRIBE truck_user [ RunTime:0.017580s ]
SQL: SELECT * FROM `truck_user` WHERE `username` = '刘小兴' AND `cate` = 2 LIMIT 1   [ RunTime:0.001947s ]

[ 2016-01-15T11:18:17+08:00 ] 127.0.0.1 /two/ThinkPHP/index.php/Home/User/valUserName.html
INFO: [ app_begin ] --START--
INFO: Run Behavior\ReadHtmlCacheBehavior [ RunTime:0.001770s ]
INFO: [ app_begin ] --END-- [ RunTime:0.003153s ]
SQL: DESCRIBE truck_user [ RunTime:0.008182s ]
SQL: SELECT * FROM `truck_user` WHERE `username` = '刘小兴' AND `cate` = 2 LIMIT 1   [ RunTime:0.000988s ]

[ 2016-01-15T11:18:32+08:00 ] 127.0.0.1 /two/ThinkPHP/index.php/Home/User/requireCity.html
INFO: [ app_begin ] --START--
INFO: Run Behavior\ReadHtmlCacheBehavior [ RunTime:0.002275s ]
INFO: [ app_begin ] --END-- [ RunTime:0.003687s ]
SQL: DESCRIBE truck_area [ RunTime:0.007686s ]
SQL: SELECT * FROM `truck_area` WHERE ( upid=16 )  [ RunTime:0.026539s ]

[ 2016-01-15T11:18:37+08:00 ] 127.0.0.1 /two/ThinkPHP/index.php/Home/User/requireCity.html
INFO: [ app_begin ] --START--
INFO: Run Behavior\ReadHtmlCacheBehavior [ RunTime:0.003783s ]
INFO: [ app_begin ] --END-- [ RunTime:0.005793s ]
SQL: DESCRIBE truck_area [ RunTime:0.007782s ]
SQL: SELECT * FROM `truck_area` WHERE ( upid=251 )  [ RunTime:0.031106s ]

[ 2016-01-15T11:18:42+08:00 ] 127.0.0.1 /two/ThinkPHP/index.php/Home/User/requireCity.html
INFO: [ app_begin ] --START--
INFO: Run Behavior\ReadHtmlCacheBehavior [ RunTime:0.001658s ]
INFO: [ app_begin ] --END-- [ RunTime:0.003090s ]
SQL: DESCRIBE truck_area [ RunTime:0.009447s ]
SQL: SELECT * FROM `truck_area` WHERE ( upid=2753 )  [ RunTime:0.046194s ]

[ 2016-01-15T11:18:46+08:00 ] 127.0.0.1 /two/ThinkPHP/index.php/Home/User/valCode1.html
INFO: [ app_begin ] --START--
INFO: Run Behavior\ReadHtmlCacheBehavior [ RunTime:0.001752s ]
INFO: [ app_begin ] --END-- [ RunTime:0.003345s ]
INFO: [ app_end ] --START--
INFO: Run Behavior\ShowPageTraceBehavior [ RunTime:0.002050s ]
INFO: [ app_end ] --END-- [ RunTime:0.002293s ]

[ 2016-01-15T11:19:15+08:00 ] 127.0.0.1 /two/ThinkPHP/index.php/Home/User/getPhone.html
INFO: [ app_begin ] --START--
INFO: Run Behavior\ReadHtmlCacheBehavior [ RunTime:0.001704s ]
INFO: [ app_begin ] --END-- [ RunTime:0.003367s ]

[ 2016-01-15T11:19:52+08:00 ] 127.0.0.1 /two/ThinkPHP/index.php/Home/User/yzMessage.html
INFO: [ app_begin ] --START--
INFO: Run Behavior\ReadHtmlCacheBehavior [ RunTime:0.002520s ]
INFO: [ app_begin ] --END-- [ RunTime:0.003911s ]
INFO: [ app_end ] --START--
INFO: Run Behavior\ShowPageTraceBehavior [ RunTime:0.001718s ]
INFO: [ app_end ] --END-- [ RunTime:0.001953s ]

[ 2016-01-15T11:20:17+08:00 ] 127.0.0.1 /two/ThinkPHP/index.php/Home/User/checkPhone.html
INFO: [ app_begin ] --START--
INFO: Run Behavior\ReadHtmlCacheBehavior [ RunTime:0.001916s ]
INFO: [ app_begin ] --END-- [ RunTime:0.003316s ]
SQL: DESCRIBE truck_user [ RunTime:0.007983s ]
SQL: SELECT * FROM `truck_user` WHERE `phone` = '15930507607' LIMIT 1   [ RunTime:0.026650s ]

[ 2016-01-15T11:20:20+08:00 ] 127.0.0.1 /two/ThinkPHP/index.php/Home/User/getPhone.html
INFO: [ app_begin ] --START--
INFO: Run Behavior\ReadHtmlCacheBehavior [ RunTime:0.001806s ]
INFO: [ app_begin ] --END-- [ RunTime:0.003076s ]

[ 2016-01-15T11:20:48+08:00 ] 127.0.0.1 /two/ThinkPHP/index.php/Home/User/yzMessage.html
INFO: [ app_begin ] --START--
INFO: Run Behavior\ReadHtmlCacheBehavior [ RunTime:0.001867s ]
INFO: [ app_begin ] --END-- [ RunTime:0.003232s ]
INFO: [ app_end ] --START--
INFO: Run Behavior\ShowPageTraceBehavior [ RunTime:0.001945s ]
INFO: [ app_end ] --END-- [ RunTime:0.002244s ]

[ 2016-01-15T11:21:59+08:00 ] 127.0.0.1 /two/ThinkPHP/index.php/Home/User/checkPhone.html
INFO: [ app_begin ] --START--
INFO: Run Behavior\ReadHtmlCacheBehavior [ RunTime:0.001746s ]
INFO: [ app_begin ] --END-- [ RunTime:0.003091s ]
SQL: DESCRIBE truck_user [ RunTime:0.008072s ]
SQL: SELECT * FROM `truck_user` WHERE `phone` = '15930507607' LIMIT 1   [ RunTime:0.001114s ]

[ 2016-01-15T11:22:06+08:00 ] 127.0.0.1 /two/ThinkPHP/index.php/Home/User/yzMessage.html
INFO: [ app_begin ] --START--
INFO: Run Behavior\ReadHtmlCacheBehavior [ RunTime:0.001851s ]
INFO: [ app_begin ] --END-- [ RunTime:0.003182s ]
INFO: [ app_end ] --START--
INFO: Run Behavior\ShowPageTraceBehavior [ RunTime:0.002639s ]
INFO: [ app_end ] --END-- [ RunTime:0.003439s ]

[ 2016-01-15T11:23:03+08:00 ] 127.0.0.1 /two/ThinkPHP/index.php/Home/User/checkPhone.html
INFO: [ app_begin ] --START--
INFO: Run Behavior\ReadHtmlCacheBehavior [ RunTime:0.001964s ]
INFO: [ app_begin ] --END-- [ RunTime:0.003358s ]
SQL: DESCRIBE truck_user [ RunTime:0.008014s ]
SQL: SELECT * FROM `truck_user` WHERE `phone` = '15930507607' LIMIT 1   [ RunTime:0.000909s ]

[ 2016-01-15T11:23:11+08:00 ] 127.0.0.1 /two/ThinkPHP/index.php/Home/User/yzMessage.html
INFO: [ app_begin ] --START--
INFO: Run Behavior\ReadHtmlCacheBehavior [ RunTime:0.002059s ]
INFO: [ app_begin ] --END-- [ RunTime:0.003489s ]
INFO: [ app_end ] --START--
INFO: Run Behavior\ShowPageTraceBehavior [ RunTime:0.002018s ]
INFO: [ app_end ] --END-- [ RunTime:0.002265s ]

[ 2016-01-15T11:24:35+08:00 ] 127.0.0.1 /two/ThinkPHP/index.php/Home/User/checkPhone.html
INFO: [ app_begin ] --START--
INFO: Run Behavior\ReadHtmlCacheBehavior [ RunTime:0.002036s ]
INFO: [ app_begin ] --END-- [ RunTime:0.003472s ]
SQL: DESCRIBE truck_user [ RunTime:0.007936s ]
SQL: SELECT * FROM `truck_user` WHERE `phone` = '15930507607' LIMIT 1   [ RunTime:0.001040s ]

[ 2016-01-15T11:24:42+08:00 ] 127.0.0.1 /two/ThinkPHP/index.php/Home/User/yzMessage.html
INFO: [ app_begin ] --START--
INFO: Run Behavior\ReadHtmlCacheBehavior [ RunTime:0.001812s ]
INFO: [ app_begin ] --END-- [ RunTime:0.003141s ]
INFO: [ app_end ] --START--
INFO: Run Behavior\ShowPageTraceBehavior [ RunTime:0.001957s ]
INFO: [ app_end ] --END-- [ RunTime:0.002203s ]

[ 2016-01-15T11:25:55+08:00 ] 127.0.0.1 /two/ThinkPHP/index.php/Home/User/checkPhone.html
INFO: [ app_begin ] --START--
INFO: Run Behavior\ReadHtmlCacheBehavior [ RunTime:0.001991s ]
INFO: [ app_begin ] --END-- [ RunTime:0.003462s ]
SQL: DESCRIBE truck_user [ RunTime:0.008047s ]
SQL: SELECT * FROM `truck_user` WHERE `phone` = '15930507607' LIMIT 1   [ RunTime:0.000989s ]

[ 2016-01-15T11:26:02+08:00 ] 127.0.0.1 /two/ThinkPHP/index.php/Home/User/yzMessage.html
INFO: [ app_begin ] --START--
INFO: Run Behavior\ReadHtmlCacheBehavior [ RunTime:0.001590s ]
INFO: [ app_begin ] --END-- [ RunTime:0.002852s ]
INFO: [ app_end ] --START--
INFO: Run Behavior\ShowPageTraceBehavior [ RunTime:0.001918s ]
INFO: [ app_end ] --END-- [ RunTime:0.002160s ]

[ 2016-01-15T11:32:35+08:00 ] 127.0.0.1 /two/ThinkPHP/index.php/Home/User/requireCity.html
INFO: [ app_begin ] --START--
INFO: Run Behavior\ReadHtmlCacheBehavior [ RunTime:0.002023s ]
INFO: [ app_begin ] --END-- [ RunTime:0.003420s ]
SQL: DESCRIBE truck_area [ RunTime:0.009772s ]
SQL: SELECT * FROM `truck_area` WHERE ( upid=0 )  [ RunTime:0.001444s ]

[ 2016-01-15T11:32:53+08:00 ] 127.0.0.1 /two/ThinkPHP/index.php/Home/User/valUserName.html
INFO: [ app_begin ] --START--
INFO: Run Behavior\ReadHtmlCacheBehavior [ RunTime:0.001999s ]
INFO: [ app_begin ] --END-- [ RunTime:0.003436s ]
SQL: DESCRIBE truck_user [ RunTime:0.008174s ]
SQL: SELECT * FROM `truck_user` WHERE `username` = '范冰冰' AND `cate` = 2 LIMIT 1   [ RunTime:0.001306s ]

[ 2016-01-15T11:33:28+08:00 ] 127.0.0.1 /two/ThinkPHP/index.php/Home/User/requireCity.html
INFO: [ app_begin ] --START--
INFO: Run Behavior\ReadHtmlCacheBehavior [ RunTime:0.002571s ]
INFO: [ app_begin ] --END-- [ RunTime:0.004109s ]
SQL: DESCRIBE truck_area [ RunTime:0.008293s ]
SQL: SELECT * FROM `truck_area` WHERE ( upid=0 )  [ RunTime:0.001308s ]

[ 2016-01-15T11:33:38+08:00 ] 127.0.0.1 /two/ThinkPHP/index.php/Home/User/valUserName.html
INFO: [ app_begin ] --START--
INFO: Run Behavior\ReadHtmlCacheBehavior [ RunTime:0.001945s ]
INFO: [ app_begin ] --END-- [ RunTime:0.003297s ]
SQL: DESCRIBE truck_user [ RunTime:0.007938s ]
SQL: SELECT * FROM `truck_user` WHERE `username` = '范冰冰' AND `cate` = 2 LIMIT 1   [ RunTime:0.000928s ]

[ 2016-01-15T11:33:46+08:00 ] 127.0.0.1 /two/ThinkPHP/index.php/Home/User/requireCity.html
INFO: [ app_begin ] --START--
INFO: Run Behavior\ReadHtmlCacheBehavior [ RunTime:0.001759s ]
INFO: [ app_begin ] --END-- [ RunTime:0.003738s ]
SQL: DESCRIBE truck_area [ RunTime:0.007467s ]
SQL: SELECT * FROM `truck_area` WHERE ( upid=2 )  [ RunTime:0.001103s ]

[ 2016-01-15T11:33:49+08:00 ] 127.0.0.1 /two/ThinkPHP/index.php/Home/User/requireCity.html
INFO: [ app_begin ] --START--
INFO: Run Behavior\ReadHtmlCacheBehavior [ RunTime:0.003535s ]
INFO: [ app_begin ] --END-- [ RunTime:0.005352s ]
SQL: DESCRIBE truck_area [ RunTime:0.008492s ]
SQL: SELECT * FROM `truck_area` WHERE ( upid=15 )  [ RunTime:0.016379s ]

[ 2016-01-15T11:33:54+08:00 ] 127.0.0.1 /two/ThinkPHP/index.php/Home/User/requireCity.html
INFO: [ app_begin ] --START--
INFO: Run Behavior\ReadHtmlCacheBehavior [ RunTime:0.002013s ]
INFO: [ app_begin ] --END-- [ RunTime:0.004342s ]
SQL: DESCRIBE truck_area [ RunTime:0.008936s ]
SQL: SELECT * FROM `truck_area` WHERE ( upid=224 )  [ RunTime:0.028386s ]

[ 2016-01-15T11:33:56+08:00 ] 127.0.0.1 /two/ThinkPHP/index.php/Home/User/requireCity.html
INFO: [ app_begin ] --START--
INFO: Run Behavior\ReadHtmlCacheBehavior [ RunTime:0.002399s ]
INFO: [ app_begin ] --END-- [ RunTime:0.004125s ]
SQL: DESCRIBE truck_area [ RunTime:0.007752s ]
SQL: SELECT * FROM `truck_area` WHERE ( upid=2523 )  [ RunTime:0.054705s ]

[ 2016-01-15T11:33:58+08:00 ] 127.0.0.1 /two/ThinkPHP/index.php/Home/User/requireCity.html
INFO: [ app_begin ] --START--
INFO: Run Behavior\ReadHtmlCacheBehavior [ RunTime:0.002322s ]
INFO: [ app_begin ] --END-- [ RunTime:0.004064s ]
SQL: DESCRIBE truck_area [ RunTime:0.008397s ]
SQL: SELECT * FROM `truck_area` WHERE ( upid=2524 )  [ RunTime:0.000872s ]

[ 2016-01-15T11:34:03+08:00 ] 127.0.0.1 /two/ThinkPHP/index.php/Home/User/valCode1.html
INFO: [ app_begin ] --START--
INFO: Run Behavior\ReadHtmlCacheBehavior [ RunTime:0.001735s ]
INFO: [ app_begin ] --END-- [ RunTime:0.003255s ]
INFO: [ app_end ] --START--
INFO: Run Behavior\ShowPageTraceBehavior [ RunTime:0.001901s ]
INFO: [ app_end ] --END-- [ RunTime:0.002147s ]

[ 2016-01-15T11:34:09+08:00 ] 127.0.0.1 /two/ThinkPHP/index.php/Home/User/checkPhone.html
INFO: [ app_begin ] --START--
INFO: Run Behavior\ReadHtmlCacheBehavior [ RunTime:0.001732s ]
INFO: [ app_begin ] --END-- [ RunTime:0.003100s ]
SQL: DESCRIBE truck_user [ RunTime:0.008232s ]
SQL: SELECT * FROM `truck_user` WHERE `phone` = '15613553728' LIMIT 1   [ RunTime:0.000925s ]

[ 2016-01-15T11:37:24+08:00 ] 127.0.0.1 /two/ThinkPHP/index.php/Home/User/requireCity.html
INFO: [ app_begin ] --START--
INFO: Run Behavior\ReadHtmlCacheBehavior [ RunTime:0.002002s ]
INFO: [ app_begin ] --END-- [ RunTime:0.003692s ]
SQL: DESCRIBE truck_area [ RunTime:0.008763s ]
SQL: SELECT * FROM `truck_area` WHERE ( upid=0 )  [ RunTime:0.001116s ]

[ 2016-01-15T11:37:31+08:00 ] 127.0.0.1 /two/ThinkPHP/index.php/Home/User/valUserName.html
INFO: [ app_begin ] --START--
INFO: Run Behavior\ReadHtmlCacheBehavior [ RunTime:0.002130s ]
INFO: [ app_begin ] --END-- [ RunTime:0.003552s ]
SQL: DESCRIBE truck_user [ RunTime:0.007911s ]
SQL: SELECT * FROM `truck_user` WHERE `username` = '范冰冰' AND `cate` = 2 LIMIT 1   [ RunTime:0.001199s ]

[ 2016-01-15T11:37:38+08:00 ] 127.0.0.1 /two/ThinkPHP/index.php/Home/User/requireCity.html
INFO: [ app_begin ] --START--
INFO: Run Behavior\ReadHtmlCacheBehavior [ RunTime:0.001755s ]
INFO: [ app_begin ] --END-- [ RunTime:0.003195s ]
SQL: DESCRIBE truck_area [ RunTime:0.008570s ]
SQL: SELECT * FROM `truck_area` WHERE ( upid=2 )  [ RunTime:0.001128s ]

[ 2016-01-15T11:37:39+08:00 ] 127.0.0.1 /two/ThinkPHP/index.php/Home/User/requireCity.html
INFO: [ app_begin ] --START--
INFO: Run Behavior\ReadHtmlCacheBehavior [ RunTime:0.002079s ]
INFO: [ app_begin ] --END-- [ RunTime:0.003399s ]
SQL: DESCRIBE truck_area [ RunTime:0.009312s ]
SQL: SELECT * FROM `truck_area` WHERE ( upid=55 )  [ RunTime:0.049778s ]

[ 2016-01-15T11:37:40+08:00 ] 127.0.0.1 /two/ThinkPHP/index.php/Home/User/requireCity.html
INFO: [ app_begin ] --START--
INFO: Run Behavior\ReadHtmlCacheBehavior [ RunTime:0.001791s ]
INFO: [ app_begin ] --END-- [ RunTime:0.003117s ]
SQL: DESCRIBE truck_area [ RunTime:0.008678s ]
SQL: SELECT * FROM `truck_area` WHERE ( upid=883 )  [ RunTime:0.001055s ]

[ 2016-01-15T11:37:44+08:00 ] 127.0.0.1 /two/ThinkPHP/index.php/Home/User/valCode1.html
INFO: [ app_begin ] --START--
INFO: Run Behavior\ReadHtmlCacheBehavior [ RunTime:0.001733s ]
INFO: [ app_begin ] --END-- [ RunTime:0.003111s ]
INFO: [ app_end ] --START--
INFO: Run Behavior\ShowPageTraceBehavior [ RunTime:0.001922s ]
INFO: [ app_end ] --END-- [ RunTime:0.002163s ]

[ 2016-01-15T11:37:49+08:00 ] 127.0.0.1 /two/ThinkPHP/index.php/Home/User/checkPhone.html
INFO: [ app_begin ] --START--
INFO: Run Behavior\ReadHtmlCacheBehavior [ RunTime:0.001755s ]
INFO: [ app_begin ] --END-- [ RunTime:0.003121s ]
SQL: DESCRIBE truck_user [ RunTime:0.008116s ]
SQL: SELECT * FROM `truck_user` WHERE `phone` = '15172764834' LIMIT 1   [ RunTime:0.001003s ]

[ 2016-01-15T11:38:21+08:00 ] 127.0.0.1 /two/ThinkPHP/index.php/Home/User/checkPhone.html
INFO: [ app_begin ] --START--
INFO: Run Behavior\ReadHtmlCacheBehavior [ RunTime:0.001766s ]
INFO: [ app_begin ] --END-- [ RunTime:0.003128s ]
SQL: DESCRIBE truck_user [ RunTime:0.008062s ]
SQL: SELECT * FROM `truck_user` WHERE `phone` = '18369662061' LIMIT 1   [ RunTime:0.000900s ]

[ 2016-01-15T11:38:23+08:00 ] 127.0.0.1 /two/ThinkPHP/index.php/Home/User/checkPhone.html
INFO: [ app_begin ] --START--
INFO: Run Behavior\ReadHtmlCacheBehavior [ RunTime:0.001886s ]
INFO: [ app_begin ] --END-- [ RunTime:0.003261s ]
SQL: DESCRIBE truck_user [ RunTime:0.007812s ]
SQL: SELECT * FROM `truck_user` WHERE `phone` = '18369662061' LIMIT 1   [ RunTime:0.000964s ]

[ 2016-01-15T11:38:24+08:00 ] 127.0.0.1 /two/ThinkPHP/index.php/Home/User/getPhone.html
INFO: [ app_begin ] --START--
INFO: Run Behavior\ReadHtmlCacheBehavior [ RunTime:0.002890s ]
INFO: [ app_begin ] --END-- [ RunTime:0.009744s ]

[ 2016-01-15T11:39:05+08:00 ] 127.0.0.1 /two/ThinkPHP/index.php/Home/User/yzMessage.html
INFO: [ app_begin ] --START--
INFO: Run Behavior\ReadHtmlCacheBehavior [ RunTime:0.003490s ]
INFO: [ app_begin ] --END-- [ RunTime:0.004902s ]
INFO: [ app_end ] --START--
INFO: Run Behavior\ShowPageTraceBehavior [ RunTime:0.001840s ]
INFO: [ app_end ] --END-- [ RunTime:0.002076s ]

[ 2016-01-15T11:43:23+08:00 ] 127.0.0.1 /two/ThinkPHP/index.php/Home/User/requireCity.html
INFO: [ app_begin ] --START--
INFO: Run Behavior\ReadHtmlCacheBehavior [ RunTime:0.006928s ]
INFO: [ app_begin ] --END-- [ RunTime:0.009694s ]
SQL: DESCRIBE truck_area [ RunTime:0.025184s ]
SQL: SELECT * FROM `truck_area` WHERE ( upid=0 )  [ RunTime:0.001701s ]

[ 2016-01-15T11:43:29+08:00 ] 127.0.0.1 /two/ThinkPHP/index.php/Home/User/valUserName.html
INFO: [ app_begin ] --START--
INFO: Run Behavior\ReadHtmlCacheBehavior [ RunTime:0.001727s ]
INFO: [ app_begin ] --END-- [ RunTime:0.003101s ]
SQL: DESCRIBE truck_user [ RunTime:0.008280s ]
SQL: SELECT * FROM `truck_user` WHERE `username` = '范冰冰' AND `cate` = 2 LIMIT 1   [ RunTime:0.001343s ]

[ 2016-01-15T11:43:36+08:00 ] 127.0.0.1 /two/ThinkPHP/index.php/Home/User/requireCity.html
INFO: [ app_begin ] --START--
INFO: Run Behavior\ReadHtmlCacheBehavior [ RunTime:0.001633s ]
INFO: [ app_begin ] --END-- [ RunTime:0.002899s ]
SQL: DESCRIBE truck_area [ RunTime:0.007732s ]
SQL: SELECT * FROM `truck_area` WHERE ( upid=19 )  [ RunTime:0.001170s ]

[ 2016-01-15T11:43:40+08:00 ] 127.0.0.1 /two/ThinkPHP/index.php/Home/User/valCode1.html
INFO: [ app_begin ] --START--
INFO: Run Behavior\ReadHtmlCacheBehavior [ RunTime:0.001752s ]
INFO: [ app_begin ] --END-- [ RunTime:0.003267s ]
INFO: [ app_end ] --START--
INFO: Run Behavior\ShowPageTraceBehavior [ RunTime:0.001903s ]
INFO: [ app_end ] --END-- [ RunTime:0.002152s ]

[ 2016-01-15T11:43:47+08:00 ] 127.0.0.1 /two/ThinkPHP/index.php/Home/User/checkPhone.html
INFO: [ app_begin ] --START--
INFO: Run Behavior\ReadHtmlCacheBehavior [ RunTime:0.002805s ]
INFO: [ app_begin ] --END-- [ RunTime:0.004796s ]
SQL: DESCRIBE truck_user [ RunTime:0.008007s ]
SQL: SELECT * FROM `truck_user` WHERE `phone` = '18369662061' LIMIT 1   [ RunTime:0.000929s ]

[ 2016-01-15T11:43:49+08:00 ] 127.0.0.1 /two/ThinkPHP/index.php/Home/User/yzMessage.html
INFO: [ app_begin ] --START--
INFO: Run Behavior\ReadHtmlCacheBehavior [ RunTime:0.001737s ]
INFO: [ app_begin ] --END-- [ RunTime:0.003073s ]
INFO: [ app_end ] --START--
INFO: Run Behavior\ShowPageTraceBehavior [ RunTime:0.001878s ]
INFO: [ app_end ] --END-- [ RunTime:0.002145s ]

[ 2016-01-15T11:43:52+08:00 ] 127.0.0.1 /two/ThinkPHP/index.php/Home/User/checkPhone.html
INFO: [ app_begin ] --START--
INFO: Run Behavior\ReadHtmlCacheBehavior [ RunTime:0.001805s ]
INFO: [ app_begin ] --END-- [ RunTime:0.003195s ]
SQL: DESCRIBE truck_user [ RunTime:0.007784s ]
SQL: SELECT * FROM `truck_user` WHERE `phone` = '18369662061' LIMIT 1   [ RunTime:0.000895s ]

[ 2016-01-15T11:43:59+08:00 ] 127.0.0.1 /two/ThinkPHP/index.php/Home/User/yzMessage.html
INFO: [ app_begin ] --START--
INFO: Run Behavior\ReadHtmlCacheBehavior [ RunTime:0.001731s ]
INFO: [ app_begin ] --END-- [ RunTime:0.003212s ]
INFO: [ app_end ] --START--
INFO: Run Behavior\ShowPageTraceBehavior [ RunTime:0.001938s ]
INFO: [ app_end ] --END-- [ RunTime:0.002179s ]

[ 2016-01-15T11:46:13+08:00 ] 127.0.0.1 /two/ThinkPHP/index.php/Home/User/requireCity.html
INFO: [ app_begin ] --START--
INFO: Run Behavior\ReadHtmlCacheBehavior [ RunTime:0.002682s ]
INFO: [ app_begin ] --END-- [ RunTime:0.005402s ]
SQL: DESCRIBE truck_area [ RunTime:0.007067s ]
SQL: SELECT * FROM `truck_area` WHERE ( upid=0 )  [ RunTime:0.001122s ]

[ 2016-01-15T11:46:21+08:00 ] 127.0.0.1 /two/ThinkPHP/index.php/Home/User/valUserName.html
INFO: [ app_begin ] --START--
INFO: Run Behavior\ReadHtmlCacheBehavior [ RunTime:0.001830s ]
INFO: [ app_begin ] --END-- [ RunTime:0.003225s ]
SQL: DESCRIBE truck_user [ RunTime:0.007818s ]
SQL: SELECT * FROM `truck_user` WHERE `username` = '范彬彬' AND `cate` = 2 LIMIT 1   [ RunTime:0.001009s ]

[ 2016-01-15T11:46:28+08:00 ] 127.0.0.1 /two/ThinkPHP/index.php/Home/User/requireCity.html
INFO: [ app_begin ] --START--
INFO: Run Behavior\ReadHtmlCacheBehavior [ RunTime:0.001625s ]
INFO: [ app_begin ] --END-- [ RunTime:0.002929s ]
SQL: DESCRIBE truck_area [ RunTime:0.007637s ]
SQL: SELECT * FROM `truck_area` WHERE ( upid=18 )  [ RunTime:0.001144s ]

[ 2016-01-15T11:46:29+08:00 ] 127.0.0.1 /two/ThinkPHP/index.php/Home/User/requireCity.html
INFO: [ app_begin ] --START--
INFO: Run Behavior\ReadHtmlCacheBehavior [ RunTime:0.001925s ]
INFO: [ app_begin ] --END-- [ RunTime:0.003333s ]
SQL: DESCRIBE truck_area [ RunTime:0.017262s ]
SQL: SELECT * FROM `truck_area` WHERE ( upid=286 )  [ RunTime:0.033403s ]

[ 2016-01-15T11:46:35+08:00 ] 127.0.0.1 /two/ThinkPHP/index.php/Home/User/valCode1.html
INFO: [ app_begin ] --START--
INFO: Run Behavior\ReadHtmlCacheBehavior [ RunTime:0.001892s ]
INFO: [ app_begin ] --END-- [ RunTime:0.003239s ]
INFO: [ app_end ] --START--
INFO: Run Behavior\ShowPageTraceBehavior [ RunTime:0.001870s ]
INFO: [ app_end ] --END-- [ RunTime:0.002127s ]

[ 2016-01-15T11:46:40+08:00 ] 127.0.0.1 /two/ThinkPHP/index.php/Home/User/checkPhone.html
INFO: [ app_begin ] --START--
INFO: Run Behavior\ReadHtmlCacheBehavior [ RunTime:0.001703s ]
INFO: [ app_begin ] --END-- [ RunTime:0.003276s ]
SQL: DESCRIBE truck_user [ RunTime:0.008944s ]
SQL: SELECT * FROM `truck_user` WHERE `phone` = '18369662061' LIMIT 1   [ RunTime:0.001130s ]

[ 2016-01-15T11:46:41+08:00 ] 127.0.0.1 /two/ThinkPHP/index.php/Home/User/yzMessage.html
INFO: [ app_begin ] --START--
INFO: Run Behavior\ReadHtmlCacheBehavior [ RunTime:0.001756s ]
INFO: [ app_begin ] --END-- [ RunTime:0.003353s ]
INFO: [ app_end ] --START--
INFO: Run Behavior\ShowPageTraceBehavior [ RunTime:0.002146s ]
INFO: [ app_end ] --END-- [ RunTime:0.002424s ]

[ 2016-01-15T11:46:51+08:00 ] 127.0.0.1 /two/ThinkPHP/index.php/Home/User/yzMessage.html
INFO: [ app_begin ] --START--
INFO: Run Behavior\ReadHtmlCacheBehavior [ RunTime:0.001818s ]
INFO: [ app_begin ] --END-- [ RunTime:0.003210s ]
INFO: [ app_end ] --START--
INFO: Run Behavior\ShowPageTraceBehavior [ RunTime:0.001849s ]
INFO: [ app_end ] --END-- [ RunTime:0.002107s ]

[ 2016-01-15T11:47:30+08:00 ] 127.0.0.1 /two/ThinkPHP/index.php/Home/User/checkPhone.html
INFO: [ app_begin ] --START--
INFO: Run Behavior\ReadHtmlCacheBehavior [ RunTime:0.001880s ]
INFO: [ app_begin ] --END-- [ RunTime:0.003222s ]
SQL: DESCRIBE truck_user [ RunTime:0.008032s ]
SQL: SELECT * FROM `truck_user` WHERE `phone` = '18369662061' LIMIT 1   [ RunTime:0.001055s ]

[ 2016-01-15T11:47:33+08:00 ] 127.0.0.1 /two/ThinkPHP/index.php/Home/User/checkPhone.html
INFO: [ app_begin ] --START--
INFO: Run Behavior\ReadHtmlCacheBehavior [ RunTime:0.002292s ]
INFO: [ app_begin ] --END-- [ RunTime:0.003810s ]
SQL: DESCRIBE truck_user [ RunTime:0.007941s ]
SQL: SELECT * FROM `truck_user` WHERE `phone` = '18369662061' LIMIT 1   [ RunTime:0.000896s ]

[ 2016-01-15T11:47:36+08:00 ] 127.0.0.1 /two/ThinkPHP/index.php/Home/User/checkPhone.html
INFO: [ app_begin ] --START--
INFO: Run Behavior\ReadHtmlCacheBehavior [ RunTime:0.002617s ]
INFO: [ app_begin ] --END-- [ RunTime:0.004812s ]
SQL: DESCRIBE truck_user [ RunTime:0.011588s ]
SQL: SELECT * FROM `truck_user` WHERE `phone` = '18369662061' LIMIT 1   [ RunTime:0.001004s ]

[ 2016-01-15T11:47:44+08:00 ] 127.0.0.1 /two/ThinkPHP/index.php/Home/User/checkPhone.html
INFO: [ app_begin ] --START--
INFO: Run Behavior\ReadHtmlCacheBehavior [ RunTime:0.002047s ]
INFO: [ app_begin ] --END-- [ RunTime:0.005540s ]
SQL: DESCRIBE truck_user [ RunTime:0.007919s ]
SQL: SELECT * FROM `truck_user` WHERE `phone` = '18369662061' LIMIT 1   [ RunTime:0.000915s ]

[ 2016-01-15T11:48:53+08:00 ] 127.0.0.1 /two/ThinkPHP/index.php/Home/User/requireCity.html
INFO: [ app_begin ] --START--
INFO: Run Behavior\ReadHtmlCacheBehavior [ RunTime:0.001922s ]
INFO: [ app_begin ] --END-- [ RunTime:0.003292s ]
SQL: DESCRIBE truck_area [ RunTime:0.007757s ]
SQL: SELECT * FROM `truck_area` WHERE ( upid=0 )  [ RunTime:0.001335s ]

[ 2016-01-15T11:49:01+08:00 ] 127.0.0.1 /two/ThinkPHP/index.php/Home/User/valUserName.html
INFO: [ app_begin ] --START--
INFO: Run Behavior\ReadHtmlCacheBehavior [ RunTime:0.002316s ]
INFO: [ app_begin ] --END-- [ RunTime:0.003661s ]
SQL: DESCRIBE truck_user [ RunTime:0.010663s ]
SQL: SELECT * FROM `truck_user` WHERE `username` = '范彬彬' AND `cate` = 2 LIMIT 1   [ RunTime:0.001092s ]

[ 2016-01-15T11:49:10+08:00 ] 127.0.0.1 /two/ThinkPHP/index.php/Home/User/requireCity.html
INFO: [ app_begin ] --START--
INFO: Run Behavior\ReadHtmlCacheBehavior [ RunTime:0.001756s ]
INFO: [ app_begin ] --END-- [ RunTime:0.003283s ]
SQL: DESCRIBE truck_area [ RunTime:0.014588s ]
SQL: SELECT * FROM `truck_area` WHERE ( upid=2 )  [ RunTime:0.001173s ]

[ 2016-01-15T11:49:13+08:00 ] 127.0.0.1 /two/ThinkPHP/index.php/Home/User/valCode1.html
INFO: [ app_begin ] --START--
INFO: Run Behavior\ReadHtmlCacheBehavior [ RunTime:0.002076s ]
INFO: [ app_begin ] --END-- [ RunTime:0.003536s ]
INFO: [ app_end ] --START--
INFO: Run Behavior\ShowPageTraceBehavior [ RunTime:0.004505s ]
INFO: [ app_end ] --END-- [ RunTime:0.004782s ]

[ 2016-01-15T11:49:23+08:00 ] 127.0.0.1 /two/ThinkPHP/index.php/Home/User/checkPhone.html
INFO: [ app_begin ] --START--
INFO: Run Behavior\ReadHtmlCacheBehavior [ RunTime:0.001603s ]
INFO: [ app_begin ] --END-- [ RunTime:0.002995s ]
SQL: DESCRIBE truck_user [ RunTime:0.010434s ]
SQL: SELECT * FROM `truck_user` WHERE `phone` = '15172764834' LIMIT 1   [ RunTime:0.002199s ]

[ 2016-01-15T11:49:29+08:00 ] 127.0.0.1 /two/ThinkPHP/index.php/Home/User/checkPhone.html
INFO: [ app_begin ] --START--
INFO: Run Behavior\ReadHtmlCacheBehavior [ RunTime:0.001625s ]
INFO: [ app_begin ] --END-- [ RunTime:0.002971s ]
SQL: DESCRIBE truck_user [ RunTime:0.008107s ]
SQL: SELECT * FROM `truck_user` WHERE `phone` = '18369662061' LIMIT 1   [ RunTime:0.000980s ]

[ 2016-01-15T11:49:30+08:00 ] 127.0.0.1 /two/ThinkPHP/index.php/Home/User/checkPhone.html
INFO: [ app_begin ] --START--
INFO: Run Behavior\ReadHtmlCacheBehavior [ RunTime:0.001723s ]
INFO: [ app_begin ] --END-- [ RunTime:0.003144s ]
SQL: DESCRIBE truck_user [ RunTime:0.010386s ]
SQL: SELECT * FROM `truck_user` WHERE `phone` = '18369662061' LIMIT 1   [ RunTime:0.001082s ]

[ 2016-01-15T11:49:31+08:00 ] 127.0.0.1 /two/ThinkPHP/index.php/Home/User/checkPhone.html
INFO: [ app_begin ] --START--
INFO: Run Behavior\ReadHtmlCacheBehavior [ RunTime:0.001846s ]
INFO: [ app_begin ] --END-- [ RunTime:0.004652s ]
SQL: DESCRIBE truck_user [ RunTime:0.009505s ]
SQL: SELECT * FROM `truck_user` WHERE `phone` = '18369662061' LIMIT 1   [ RunTime:0.001061s ]

[ 2016-01-15T11:49:42+08:00 ] 127.0.0.1 /two/ThinkPHP/index.php/Home/User/checkPhone.html
INFO: [ app_begin ] --START--
INFO: Run Behavior\ReadHtmlCacheBehavior [ RunTime:0.001898s ]
INFO: [ app_begin ] --END-- [ RunTime:0.003353s ]
SQL: DESCRIBE truck_user [ RunTime:0.009625s ]
SQL: SELECT * FROM `truck_user` WHERE `phone` = '18369662061' LIMIT 1   [ RunTime:0.001146s ]

[ 2016-01-15T11:50:03+08:00 ] 127.0.0.1 /two/ThinkPHP/index.php/Home/User/checkPhone.html
INFO: [ app_begin ] --START--
INFO: Run Behavior\ReadHtmlCacheBehavior [ RunTime:0.001875s ]
INFO: [ app_begin ] --END-- [ RunTime:0.003529s ]
SQL: DESCRIBE truck_user [ RunTime:0.008323s ]
SQL: SELECT * FROM `truck_user` WHERE `phone` = '18369662061' LIMIT 1   [ RunTime:0.001034s ]

[ 2016-01-15T11:50:15+08:00 ] 127.0.0.1 /two/ThinkPHP/index.php/Home/User/checkPhone.html
INFO: [ app_begin ] --START--
INFO: Run Behavior\ReadHtmlCacheBehavior [ RunTime:0.001953s ]
INFO: [ app_begin ] --END-- [ RunTime:0.003323s ]
SQL: DESCRIBE truck_user [ RunTime:0.008223s ]
SQL: SELECT * FROM `truck_user` WHERE `phone` = '18369662061' LIMIT 1   [ RunTime:0.000902s ]

[ 2016-01-15T11:50:16+08:00 ] 127.0.0.1 /two/ThinkPHP/index.php/Home/User/requireCity.html
INFO: [ app_begin ] --START--
INFO: Run Behavior\ReadHtmlCacheBehavior [ RunTime:0.002066s ]
INFO: [ app_begin ] --END-- [ RunTime:0.003670s ]
SQL: DESCRIBE truck_area [ RunTime:0.007240s ]
SQL: SELECT * FROM `truck_area` WHERE ( upid=0 )  [ RunTime:0.001380s ]

[ 2016-01-15T11:50:24+08:00 ] 127.0.0.1 /two/ThinkPHP/index.php/Home/User/valUserName.html
INFO: [ app_begin ] --START--
INFO: Run Behavior\ReadHtmlCacheBehavior [ RunTime:0.003311s ]
INFO: [ app_begin ] --END-- [ RunTime:0.004713s ]
SQL: DESCRIBE truck_user [ RunTime:0.009722s ]
SQL: SELECT * FROM `truck_user` WHERE `username` = '范彬彬' AND `cate` = 2 LIMIT 1   [ RunTime:0.000993s ]

[ 2016-01-15T11:50:31+08:00 ] 127.0.0.1 /two/ThinkPHP/index.php/Home/User/requireCity.html
INFO: [ app_begin ] --START--
INFO: Run Behavior\ReadHtmlCacheBehavior [ RunTime:0.002729s ]
INFO: [ app_begin ] --END-- [ RunTime:0.004897s ]
SQL: DESCRIBE truck_area [ RunTime:0.009912s ]
SQL: SELECT * FROM `truck_area` WHERE ( upid=1 )  [ RunTime:0.001696s ]

[ 2016-01-15T11:50:32+08:00 ] 127.0.0.1 /two/ThinkPHP/index.php/Home/User/requireCity.html
INFO: [ app_begin ] --START--
INFO: Run Behavior\ReadHtmlCacheBehavior [ RunTime:0.001782s ]
INFO: [ app_begin ] --END-- [ RunTime:0.003058s ]
SQL: DESCRIBE truck_area [ RunTime:0.010016s ]
SQL: SELECT * FROM `truck_area` WHERE ( upid=37 )  [ RunTime:0.001229s ]

[ 2016-01-15T11:50:33+08:00 ] 127.0.0.1 /two/ThinkPHP/index.php/Home/User/requireCity.html
INFO: [ app_begin ] --START--
INFO: Run Behavior\ReadHtmlCacheBehavior [ RunTime:0.004267s ]
INFO: [ app_begin ] --END-- [ RunTime:0.005568s ]
SQL: DESCRIBE truck_area [ RunTime:0.008546s ]
SQL: SELECT * FROM `truck_area` WHERE ( upid=567 )  [ RunTime:0.001001s ]

[ 2016-01-15T11:50:36+08:00 ] 127.0.0.1 /two/ThinkPHP/index.php/Home/User/valCode1.html
INFO: [ app_begin ] --START--
INFO: Run Behavior\ReadHtmlCacheBehavior [ RunTime:0.001582s ]
INFO: [ app_begin ] --END-- [ RunTime:0.002819s ]
INFO: [ app_end ] --START--
INFO: Run Behavior\ShowPageTraceBehavior [ RunTime:0.002470s ]
INFO: [ app_end ] --END-- [ RunTime:0.002932s ]

[ 2016-01-15T11:50:42+08:00 ] 127.0.0.1 /two/ThinkPHP/index.php/Home/User/checkPhone.html
INFO: [ app_begin ] --START--
INFO: Run Behavior\ReadHtmlCacheBehavior [ RunTime:0.001771s ]
INFO: [ app_begin ] --END-- [ RunTime:0.003045s ]
SQL: DESCRIBE truck_user [ RunTime:0.010195s ]
SQL: SELECT * FROM `truck_user` WHERE `phone` = '15172764834' LIMIT 1   [ RunTime:0.001135s ]

[ 2016-01-15T11:50:46+08:00 ] 127.0.0.1 /two/ThinkPHP/index.php/Home/User/checkPhone.html
INFO: [ app_begin ] --START--
INFO: Run Behavior\ReadHtmlCacheBehavior [ RunTime:0.002322s ]
INFO: [ app_begin ] --END-- [ RunTime:0.003682s ]
SQL: DESCRIBE truck_user [ RunTime:0.008952s ]
SQL: SELECT * FROM `truck_user` WHERE `phone` = '18369662061' LIMIT 1   [ RunTime:0.000955s ]

[ 2016-01-15T11:50:54+08:00 ] 127.0.0.1 /two/ThinkPHP/index.php/Home/User/yzMessage.html
INFO: [ app_begin ] --START--
INFO: Run Behavior\ReadHtmlCacheBehavior [ RunTime:0.001446s ]
INFO: [ app_begin ] --END-- [ RunTime:0.002470s ]
INFO: [ app_end ] --START--
INFO: Run Behavior\ShowPageTraceBehavior [ RunTime:0.001288s ]
INFO: [ app_end ] --END-- [ RunTime:0.001480s ]

[ 2016-01-15T11:51:42+08:00 ] 127.0.0.1 /two/ThinkPHP/index.php/Home/User/checkPhone.html
INFO: [ app_begin ] --START--
INFO: Run Behavior\ReadHtmlCacheBehavior [ RunTime:0.001992s ]
INFO: [ app_begin ] --END-- [ RunTime:0.003539s ]
SQL: DESCRIBE truck_user [ RunTime:0.009168s ]
SQL: SELECT * FROM `truck_user` WHERE `phone` = '18369662061' LIMIT 1   [ RunTime:0.006676s ]

[ 2016-01-15T11:51:46+08:00 ] 127.0.0.1 /two/ThinkPHP/index.php/Home/User/getPhone.html
INFO: [ app_begin ] --START--
INFO: Run Behavior\ReadHtmlCacheBehavior [ RunTime:0.001761s ]
INFO: [ app_begin ] --END-- [ RunTime:0.003114s ]

[ 2016-01-15T11:52:11+08:00 ] 127.0.0.1 /two/ThinkPHP/index.php/Home/User/yzMessage.html
INFO: [ app_begin ] --START--
INFO: Run Behavior\ReadHtmlCacheBehavior [ RunTime:0.001906s ]
INFO: [ app_begin ] --END-- [ RunTime:0.003414s ]
INFO: [ app_end ] --START--
INFO: Run Behavior\ShowPageTraceBehavior [ RunTime:0.003989s ]
INFO: [ app_end ] --END-- [ RunTime:0.004360s ]

[ 2016-01-15T11:53:46+08:00 ] 127.0.0.1 /two/ThinkPHP/index.php/Home/User/checkPhone.html
INFO: [ app_begin ] --START--
INFO: Run Behavior\ReadHtmlCacheBehavior [ RunTime:0.001636s ]
INFO: [ app_begin ] --END-- [ RunTime:0.002973s ]
SQL: DESCRIBE truck_user [ RunTime:0.009366s ]
SQL: SELECT * FROM `truck_user` WHERE `phone` = '18369662061' LIMIT 1   [ RunTime:0.001086s ]

[ 2016-01-15T11:53:54+08:00 ] 127.0.0.1 /two/ThinkPHP/index.php/Home/User/yzMessage.html
INFO: [ app_begin ] --START--
INFO: Run Behavior\ReadHtmlCacheBehavior [ RunTime:0.002101s ]
INFO: [ app_begin ] --END-- [ RunTime:0.003508s ]
INFO: [ app_end ] --START--
INFO: Run Behavior\ShowPageTraceBehavior [ RunTime:0.002076s ]
INFO: [ app_end ] --END-- [ RunTime:0.002347s ]

[ 2016-01-15T11:54:46+08:00 ] 127.0.0.1 /two/ThinkPHP/index.php/Home/User/requireCity.html
INFO: [ app_begin ] --START--
INFO: Run Behavior\ReadHtmlCacheBehavior [ RunTime:0.001381s ]
INFO: [ app_begin ] --END-- [ RunTime:0.002448s ]
SQL: DESCRIBE truck_area [ RunTime:0.006401s ]
SQL: SELECT * FROM `truck_area` WHERE ( upid=0 )  [ RunTime:0.000912s ]

[ 2016-01-15T11:55:12+08:00 ] 127.0.0.1 /two/ThinkPHP/index.php/Home/User/checkPhone.html
INFO: [ app_begin ] --START--
INFO: Run Behavior\ReadHtmlCacheBehavior [ RunTime:0.001744s ]
INFO: [ app_begin ] --END-- [ RunTime:0.003715s ]
SQL: DESCRIBE truck_user [ RunTime:0.009014s ]
SQL: SELECT * FROM `truck_user` WHERE `phone` = '18369662061' LIMIT 1   [ RunTime:0.000950s ]

[ 2016-01-15T11:55:21+08:00 ] 127.0.0.1 /two/ThinkPHP/index.php/Home/User/yzMessage.html
INFO: [ app_begin ] --START--
INFO: Run Behavior\ReadHtmlCacheBehavior [ RunTime:0.002088s ]
INFO: [ app_begin ] --END-- [ RunTime:0.003476s ]
INFO: [ app_end ] --START--
INFO: Run Behavior\ShowPageTraceBehavior [ RunTime:0.002142s ]
INFO: [ app_end ] --END-- [ RunTime:0.002414s ]

[ 2016-01-15T14:40:50+08:00 ] 127.0.0.1 /two/ThinkPHP/index.php/Home/User/checkPhone.html
INFO: [ app_begin ] --START--
INFO: Run Behavior\ReadHtmlCacheBehavior [ RunTime:0.002680s ]
INFO: [ app_begin ] --END-- [ RunTime:0.004479s ]
SQL: DESCRIBE truck_user [ RunTime:0.009229s ]
SQL: SELECT * FROM `truck_user` WHERE `phone` = '15172764834' LIMIT 1   [ RunTime:0.001473s ]

[ 2016-01-15T17:27:51+08:00 ] 127.0.0.1 /two/ThinkPHP/index.php/Home/User/requireCity.html
INFO: [ app_begin ] --START--
INFO: Run Behavior\ReadHtmlCacheBehavior [ RunTime:0.001921s ]
INFO: [ app_begin ] --END-- [ RunTime:0.003515s ]
SQL: DESCRIBE truck_area [ RunTime:0.007402s ]
SQL: SELECT * FROM `truck_area` WHERE ( upid=0 )  [ RunTime:0.017052s ]

[ 2016-01-15T17:28:07+08:00 ] 127.0.0.1 /two/ThinkPHP/index.php/Home/User/valUserName.html
INFO: [ app_begin ] --START--
INFO: Run Behavior\ReadHtmlCacheBehavior [ RunTime:0.001821s ]
INFO: [ app_begin ] --END-- [ RunTime:0.003145s ]
SQL: DESCRIBE truck_user [ RunTime:0.007630s ]
SQL: SELECT * FROM `truck_user` WHERE `username` = '赵丽颖' AND `cate` = 2 LIMIT 1   [ RunTime:0.001003s ]

[ 2016-01-15T17:28:32+08:00 ] 127.0.0.1 /two/ThinkPHP/index.php/Home/User/valUserName.html
INFO: [ app_begin ] --START--
INFO: Run Behavior\ReadHtmlCacheBehavior [ RunTime:0.001740s ]
INFO: [ app_begin ] --END-- [ RunTime:0.003085s ]
SQL: DESCRIBE truck_user [ RunTime:0.007988s ]
SQL: SELECT * FROM `truck_user` WHERE `username` = '崔璐璐' AND `cate` = 2 LIMIT 1   [ RunTime:0.000958s ]

[ 2016-01-15T17:28:41+08:00 ] 127.0.0.1 /two/ThinkPHP/index.php/Home/User/requireCity.html
INFO: [ app_begin ] --START--
INFO: Run Behavior\ReadHtmlCacheBehavior [ RunTime:0.002878s ]
INFO: [ app_begin ] --END-- [ RunTime:0.005427s ]
SQL: DESCRIBE truck_area [ RunTime:0.007519s ]
SQL: SELECT * FROM `truck_area` WHERE ( upid=10 )  [ RunTime:0.001074s ]

[ 2016-01-15T17:28:43+08:00 ] 127.0.0.1 /two/ThinkPHP/index.php/Home/User/requireCity.html
INFO: [ app_begin ] --START--
INFO: Run Behavior\ReadHtmlCacheBehavior [ RunTime:0.001767s ]
INFO: [ app_begin ] --END-- [ RunTime:0.003526s ]
SQL: DESCRIBE truck_area [ RunTime:0.009896s ]
SQL: SELECT * FROM `truck_area` WHERE ( upid=173 )  [ RunTime:0.020812s ]

[ 2016-01-15T17:28:44+08:00 ] 127.0.0.1 /two/ThinkPHP/index.php/Home/User/requireCity.html
INFO: [ app_begin ] --START--
INFO: Run Behavior\ReadHtmlCacheBehavior [ RunTime:0.001755s ]
INFO: [ app_begin ] --END-- [ RunTime:0.003046s ]
SQL: DESCRIBE truck_area [ RunTime:0.011118s ]
SQL: SELECT * FROM `truck_area` WHERE ( upid=2123 )  [ RunTime:0.040363s ]

[ 2016-01-15T17:28:53+08:00 ] 127.0.0.1 /two/ThinkPHP/index.php/Home/User/valCode1.html
INFO: [ app_begin ] --START--
INFO: Run Behavior\ReadHtmlCacheBehavior [ RunTime:0.001718s ]
INFO: [ app_begin ] --END-- [ RunTime:0.003073s ]
INFO: [ app_end ] --START--
INFO: Run Behavior\ShowPageTraceBehavior [ RunTime:0.002019s ]
INFO: [ app_end ] --END-- [ RunTime:0.002275s ]

[ 2016-01-15T17:29:08+08:00 ] 127.0.0.1 /two/ThinkPHP/index.php/Home/User/checkPhone.html
INFO: [ app_begin ] --START--
INFO: Run Behavior\ReadHtmlCacheBehavior [ RunTime:0.001761s ]
INFO: [ app_begin ] --END-- [ RunTime:0.003309s ]
SQL: DESCRIBE truck_user [ RunTime:0.008451s ]
SQL: SELECT * FROM `truck_user` WHERE `phone` = '15689352012' LIMIT 1   [ RunTime:0.000995s ]

[ 2016-01-15T17:29:10+08:00 ] 127.0.0.1 /two/ThinkPHP/index.php/Home/User/getPhone.html
INFO: [ app_begin ] --START--
INFO: Run Behavior\ReadHtmlCacheBehavior [ RunTime:0.001604s ]
INFO: [ app_begin ] --END-- [ RunTime:0.002840s ]

[ 2016-01-15T17:30:14+08:00 ] 127.0.0.1 /two/ThinkPHP/index.php/Home/User/yzMessage.html
INFO: [ app_begin ] --START--
INFO: Run Behavior\ReadHtmlCacheBehavior [ RunTime:0.002087s ]
INFO: [ app_begin ] --END-- [ RunTime:0.003508s ]
INFO: [ app_end ] --START--
INFO: Run Behavior\ShowPageTraceBehavior [ RunTime:0.001829s ]
INFO: [ app_end ] --END-- [ RunTime:0.002225s ]

[ 2016-01-15T17:31:17+08:00 ] 127.0.0.1 /two/ThinkPHP/index.php/Home/User/checkPhone.html
INFO: [ app_begin ] --START--
INFO: Run Behavior\ReadHtmlCacheBehavior [ RunTime:0.001736s ]
INFO: [ app_begin ] --END-- [ RunTime:0.003131s ]
SQL: DESCRIBE truck_user [ RunTime:0.010199s ]
SQL: SELECT * FROM `truck_user` WHERE `phone` = '15172764834' LIMIT 1   [ RunTime:0.000964s ]

[ 2016-01-15T17:31:21+08:00 ] 127.0.0.1 /two/ThinkPHP/index.php/Home/User/checkPhone.html
INFO: [ app_begin ] --START--
INFO: Run Behavior\ReadHtmlCacheBehavior [ RunTime:0.001865s ]
INFO: [ app_begin ] --END-- [ RunTime:0.003184s ]
SQL: DESCRIBE truck_user [ RunTime:0.008318s ]
SQL: SELECT * FROM `truck_user` WHERE `phone` = '15172764830' LIMIT 1   [ RunTime:0.000993s ]

[ 2016-01-15T17:31:22+08:00 ] 127.0.0.1 /two/ThinkPHP/index.php/Home/User/checkPhone.html
INFO: [ app_begin ] --START--
INFO: Run Behavior\ReadHtmlCacheBehavior [ RunTime:0.001886s ]
INFO: [ app_begin ] --END-- [ RunTime:0.003202s ]
SQL: DESCRIBE truck_user [ RunTime:0.007777s ]
SQL: SELECT * FROM `truck_user` WHERE `phone` = '15172764830' LIMIT 1   [ RunTime:0.000962s ]

[ 2016-01-15T17:31:38+08:00 ] 127.0.0.1 /two/ThinkPHP/index.php/Home/User/checkPhone.html
INFO: [ app_begin ] --START--
INFO: Run Behavior\ReadHtmlCacheBehavior [ RunTime:0.001797s ]
INFO: [ app_begin ] --END-- [ RunTime:0.003131s ]
SQL: DESCRIBE truck_user [ RunTime:0.008144s ]
SQL: SELECT * FROM `truck_user` WHERE `phone` = '18744055563' LIMIT 1   [ RunTime:0.000871s ]

[ 2016-01-15T17:33:05+08:00 ] 127.0.0.1 /two/ThinkPHP/index.php/Home/User/checkPhone.html
INFO: [ app_begin ] --START--
INFO: Run Behavior\ReadHtmlCacheBehavior [ RunTime:0.002004s ]
INFO: [ app_begin ] --END-- [ RunTime:0.003502s ]
SQL: DESCRIBE truck_user [ RunTime:0.007958s ]
SQL: SELECT * FROM `truck_user` WHERE `phone` = '18740556756' LIMIT 1   [ RunTime:0.000988s ]

[ 2016-01-15T17:33:10+08:00 ] 127.0.0.1 /two/ThinkPHP/index.php/Home/User/checkPhone.html
INFO: [ app_begin ] --START--
INFO: Run Behavior\ReadHtmlCacheBehavior [ RunTime:0.002373s ]
INFO: [ app_begin ] --END-- [ RunTime:0.003734s ]
SQL: DESCRIBE truck_user [ RunTime:0.007180s ]
SQL: SELECT * FROM `truck_user` WHERE `phone` = '18740556756' LIMIT 1   [ RunTime:0.000685s ]

[ 2016-01-15T17:33:52+08:00 ] 127.0.0.1 /two/ThinkPHP/index.php/Home/User/checkPhone.html
INFO: [ app_begin ] --START--
INFO: Run Behavior\ReadHtmlCacheBehavior [ RunTime:0.001753s ]
INFO: [ app_begin ] --END-- [ RunTime:0.003443s ]
SQL: DESCRIBE truck_user [ RunTime:0.008210s ]
SQL: SELECT * FROM `truck_user` WHERE `phone` = '15172764834' LIMIT 1   [ RunTime:0.001000s ]

[ 2016-01-15T17:35:45+08:00 ] 127.0.0.1 /two/ThinkPHP/index.php/Home/User/checkPhone.html
INFO: [ app_begin ] --START--
INFO: Run Behavior\ReadHtmlCacheBehavior [ RunTime:0.002560s ]
INFO: [ app_begin ] --END-- [ RunTime:0.004174s ]
SQL: DESCRIBE truck_user [ RunTime:0.009118s ]
SQL: SELECT * FROM `truck_user` WHERE `phone` = '18744055567' LIMIT 1   [ RunTime:0.001351s ]

[ 2016-01-15T17:35:48+08:00 ] 127.0.0.1 /two/ThinkPHP/index.php/Home/User/checkPhone.html
INFO: [ app_begin ] --START--
INFO: Run Behavior\ReadHtmlCacheBehavior [ RunTime:0.001797s ]
INFO: [ app_begin ] --END-- [ RunTime:0.003139s ]
SQL: DESCRIBE truck_user [ RunTime:0.009379s ]
SQL: SELECT * FROM `truck_user` WHERE `phone` = '18744055567' LIMIT 1   [ RunTime:0.001231s ]

[ 2016-01-15T17:36:07+08:00 ] 127.0.0.1 /two/ThinkPHP/index.php/Home/User/checkPhone.html
INFO: [ app_begin ] --START--
INFO: Run Behavior\ReadHtmlCacheBehavior [ RunTime:0.002213s ]
INFO: [ app_begin ] --END-- [ RunTime:0.004743s ]
SQL: DESCRIBE truck_user [ RunTime:0.008283s ]
SQL: SELECT * FROM `truck_user` WHERE `phone` = '18744055567' LIMIT 1   [ RunTime:0.000973s ]

[ 2016-01-15T17:36:14+08:00 ] 127.0.0.1 /two/ThinkPHP/index.php/Home/User/checkPhone.html
INFO: [ app_begin ] --START--
INFO: Run Behavior\ReadHtmlCacheBehavior [ RunTime:0.001629s ]
INFO: [ app_begin ] --END-- [ RunTime:0.003004s ]
SQL: DESCRIBE truck_user [ RunTime:0.008334s ]
SQL: SELECT * FROM `truck_user` WHERE `phone` = '18744055567' LIMIT 1   [ RunTime:0.000918s ]

[ 2016-01-15T17:36:59+08:00 ] 127.0.0.1 /two/ThinkPHP/index.php/Home/User/checkPhone.html
INFO: [ app_begin ] --START--
INFO: Run Behavior\ReadHtmlCacheBehavior [ RunTime:0.002480s ]
INFO: [ app_begin ] --END-- [ RunTime:0.003821s ]
SQL: DESCRIBE truck_user [ RunTime:0.007551s ]
SQL: SELECT * FROM `truck_user` WHERE `phone` = '18744055563' LIMIT 1   [ RunTime:0.000904s ]

[ 2016-01-15T17:38:21+08:00 ] 127.0.0.1 /two/ThinkPHP/index.php/Home/User/checkPhone.html
INFO: [ app_begin ] --START--
INFO: Run Behavior\ReadHtmlCacheBehavior [ RunTime:0.001869s ]
INFO: [ app_begin ] --END-- [ RunTime:0.006572s ]
SQL: DESCRIBE truck_user [ RunTime:0.007972s ]
SQL: SELECT * FROM `truck_user` WHERE `phone` = '18744055563' LIMIT 1   [ RunTime:0.001524s ]

[ 2016-01-15T17:38:52+08:00 ] 127.0.0.1 /two/ThinkPHP/index.php/Home/User/checkPhone.html
INFO: [ app_begin ] --START--
INFO: Run Behavior\ReadHtmlCacheBehavior [ RunTime:0.001764s ]
INFO: [ app_begin ] --END-- [ RunTime:0.003125s ]
SQL: DESCRIBE truck_user [ RunTime:0.007871s ]
SQL: SELECT * FROM `truck_user` WHERE `phone` = '15613553728' LIMIT 1   [ RunTime:0.000967s ]

[ 2016-01-15T17:41:12+08:00 ] 127.0.0.1 /two/ThinkPHP/index.php/Home/User/checkPhone.html
INFO: [ app_begin ] --START--
INFO: Run Behavior\ReadHtmlCacheBehavior [ RunTime:0.002276s ]
INFO: [ app_begin ] --END-- [ RunTime:0.003771s ]
SQL: DESCRIBE truck_user [ RunTime:0.011179s ]
SQL: SELECT * FROM `truck_user` WHERE `phone` = '15172764834' LIMIT 1   [ RunTime:0.000996s ]

[ 2016-01-15T17:41:34+08:00 ] 127.0.0.1 /two/ThinkPHP/index.php/Home/User/checkPhone.html
INFO: [ app_begin ] --START--
INFO: Run Behavior\ReadHtmlCacheBehavior [ RunTime:0.001658s ]
INFO: [ app_begin ] --END-- [ RunTime:0.003243s ]
SQL: DESCRIBE truck_user [ RunTime:0.007914s ]
SQL: SELECT * FROM `truck_user` WHERE `phone` = '15172764834' LIMIT 1   [ RunTime:0.000928s ]

[ 2016-01-15T17:41:54+08:00 ] 127.0.0.1 /two/ThinkPHP/index.php/Home/User/checkPhone.html
INFO: [ app_begin ] --START--
INFO: Run Behavior\ReadHtmlCacheBehavior [ RunTime:0.001916s ]
INFO: [ app_begin ] --END-- [ RunTime:0.003226s ]
SQL: DESCRIBE truck_user [ RunTime:0.008406s ]
SQL: SELECT * FROM `truck_user` WHERE `phone` = '18744055565' LIMIT 1   [ RunTime:0.001165s ]

[ 2016-01-15T17:43:07+08:00 ] 127.0.0.1 /two/ThinkPHP/index.php/Home/User/checkPhone.html
INFO: [ app_begin ] --START--
INFO: Run Behavior\ReadHtmlCacheBehavior [ RunTime:0.001965s ]
INFO: [ app_begin ] --END-- [ RunTime:0.003296s ]
SQL: DESCRIBE truck_user [ RunTime:0.008662s ]
SQL: SELECT * FROM `truck_user` WHERE `phone` = '18744055565' LIMIT 1   [ RunTime:0.000946s ]

[ 2016-01-15T18:31:21+08:00 ] 127.0.0.1 /two/ThinkPHP/index.php/Home/User/checkPhone.html
INFO: [ app_begin ] --START--
INFO: Run Behavior\ReadHtmlCacheBehavior [ RunTime:0.001972s ]
INFO: [ app_begin ] --END-- [ RunTime:0.003504s ]
SQL: DESCRIBE truck_user [ RunTime:0.008071s ]
SQL: SELECT * FROM `truck_user` WHERE `phone` = '15172764834' LIMIT 1   [ RunTime:0.001330s ]

[ 2016-01-15T18:43:24+08:00 ] 127.0.0.1 /two/ThinkPHP/index.php/Home/User/checkPhone.html
INFO: [ app_begin ] --START--
INFO: Run Behavior\ReadHtmlCacheBehavior [ RunTime:0.001969s ]
INFO: [ app_begin ] --END-- [ RunTime:0.003864s ]
SQL: DESCRIBE truck_user [ RunTime:0.008491s ]
SQL: SELECT * FROM `truck_user` WHERE `phone` = '15172764834' LIMIT 1   [ RunTime:0.000905s ]

[ 2016-01-15T18:43:59+08:00 ] 127.0.0.1 /two/ThinkPHP/index.php/Home/User/checkPhone.html
INFO: [ app_begin ] --START--
INFO: Run Behavior\ReadHtmlCacheBehavior [ RunTime:0.002663s ]
INFO: [ app_begin ] --END-- [ RunTime:0.004154s ]
SQL: DESCRIBE truck_user [ RunTime:0.008296s ]
SQL: SELECT * FROM `truck_user` WHERE `phone` = '18744055563' LIMIT 1   [ RunTime:0.001018s ]

[ 2016-01-15T22:14:04+08:00 ] 127.0.0.1 /two/ThinkPHP/index.php/Home/Index/js/index/tuplunbo.js
ERR: 非法操作:js

[ 2016-01-15T22:20:19+08:00 ] 127.0.0.1 /two/ThinkPHP/index.php/Home/Index/js/index/tuplunbo.js
ERR: 非法操作:js

[ 2016-01-15T22:21:17+08:00 ] 127.0.0.1 /two/ThinkPHP/index.php/Home/Index/js/index/tuplunbo.js
ERR: 非法操作:js

[ 2016-01-15T22:21:18+08:00 ] 127.0.0.1 /two/ThinkPHP/index.php/Home/Index/js/index/tuplunbo.js
ERR: 非法操作:js

[ 2016-01-15T22:21:24+08:00 ] 127.0.0.1 /two/ThinkPHP/index.php/Home/Index/js/index/tuplunbo.js
ERR: 非法操作:js

[ 2016-01-15T22:22:16+08:00 ] 127.0.0.1 /two/ThinkPHP/index.php/Home/Index/js/index/tuplunbo.js
ERR: 非法操作:js

[ 2016-01-15T22:22:18+08:00 ] 127.0.0.1 /two/ThinkPHP/index.php/Home/Index/js/index/tuplunbo.js
ERR: 非法操作:js

[ 2016-01-15T22:22:19+08:00 ] 127.0.0.1 /two/ThinkPHP/index.php/Home/Index/js/index/tuplunbo.js
ERR: 非法操作:js

[ 2016-01-15T22:22:19+08:00 ] 127.0.0.1 /two/ThinkPHP/index.php/Home/Index/js/index/tuplunbo.js
ERR: 非法操作:js

[ 2016-01-15T22:22:20+08:00 ] 127.0.0.1 /two/ThinkPHP/index.php/Home/Index/js/index/tuplunbo.js
ERR: 非法操作:js

[ 2016-01-15T22:22:20+08:00 ] 127.0.0.1 /two/ThinkPHP/index.php/Home/Index/js/index/tuplunbo.js
ERR: 非法操作:js

[ 2016-01-15T22:22:20+08:00 ] 127.0.0.1 /two/ThinkPHP/index.php/Home/Index/js/index/tuplunbo.js
ERR: 非法操作:js

[ 2016-01-15T22:22:21+08:00 ] 127.0.0.1 /two/ThinkPHP/index.php/Home/Index/js/index/tuplunbo.js
ERR: 非法操作:js

[ 2016-01-15T22:22:21+08:00 ] 127.0.0.1 /two/ThinkPHP/index.php/Home/Index/js/index/tuplunbo.js
ERR: 非法操作:js

[ 2016-01-15T22:22:22+08:00 ] 127.0.0.1 /two/ThinkPHP/index.php/Home/Index/js/index/tuplunbo.js
ERR: 非法操作:js

[ 2016-01-15T22:22:22+08:00 ] 127.0.0.1 /two/ThinkPHP/index.php/Home/Index/js/index/tuplunbo.js
ERR: 非法操作:js

[ 2016-01-15T22:23:31+08:00 ] 127.0.0.1 /two/ThinkPHP/index.php/Home/Index/js/index/tuplunbo.js
ERR: 非法操作:js

[ 2016-01-15T22:24:53+08:00 ] 127.0.0.1 /two/ThinkPHP/index.php/Home/Index/js/index/tuplunbo.js
ERR: 非法操作:js

[ 2016-01-15T22:24:55+08:00 ] 127.0.0.1 /two/ThinkPHP/index.php/Home/Index/js/index/tuplunbo.js
ERR: 非法操作:js

[ 2016-01-15T22:24:57+08:00 ] 127.0.0.1 /two/ThinkPHP/index.php/Home/Index/js/index/tuplunbo.js
ERR: 非法操作:js

[ 2016-01-15T22:25:30+08:00 ] 127.0.0.1 /two/ThinkPHP/index.php/Home/Index/js/index/tuplunbo.js
ERR: 非法操作:js

[ 2016-01-15T22:25:32+08:00 ] 127.0.0.1 /two/ThinkPHP/index.php/Home/Index/js/index/tuplunbo.js
ERR: 非法操作:js

[ 2016-01-15T22:26:43+08:00 ] 127.0.0.1 /two/ThinkPHP/index.php/Home/Index/js/index/tuplunbo.js
ERR: 非法操作:js

[ 2016-01-15T22:26:44+08:00 ] 127.0.0.1 /two/ThinkPHP/index.php/Home/Index/js/index/tuplunbo.js
ERR: 非法操作:js

[ 2016-01-15T22:30:04+08:00 ] 127.0.0.1 /two/ThinkPHP/index.php/Home/Index/js/index/tuplunbo.js
ERR: 非法操作:js

[ 2016-01-15T22:42:56+08:00 ] 127.0.0.1 /two/ThinkPHP/index.php/Home/Index/js/index/tuplunbo.js
ERR: 非法操作:js

[ 2016-01-15T22:43:31+08:00 ] 127.0.0.1 /two/ThinkPHP/index.php/Home/Index/js/index/tuplunbo.js
ERR: 非法操作:js

[ 2016-01-15T23:01:24+08:00 ] 127.0.0.1 /two/ThinkPHP/index.php/Home/Index/js/index/tuplunbo.js
ERR: 非法操作:js

[ 2016-01-15T23:01:26+08:00 ] 127.0.0.1 /two/ThinkPHP/index.php/Home/Index/js/index/tuplunbo.js
ERR: 非法操作:js

[ 2016-01-15T23:01:54+08:00 ] 127.0.0.1 /two/ThinkPHP/index.php/Home/Index/js/index/tuplunbo.js
ERR: 非法操作:js

[ 2016-01-15T23:02:07+08:00 ] 127.0.0.1 /two/ThinkPHP/index.php/Home/Index/js/index/tuplunbo.js
ERR: 非法操作:js

[ 2016-01-15T23:02:58+08:00 ] 127.0.0.1 /two/ThinkPHP/index.php/Home/Index/js/index/tuplunbo.js
ERR: 非法操作:js

[ 2016-01-15T23:03:03+08:00 ] 127.0.0.1 /two/ThinkPHP/index.php/Home/Index/js/index/tuplunbo.js
ERR: 非法操作:js

[ 2016-01-15T23:03:54+08:00 ] 127.0.0.1 /two/ThinkPHP/index.php/Home/Index/js/index/tuplunbo.js
ERR: 非法操作:js

