[ 2016-02-23T11:09:41+08:00 ] 127.0.0.1 /threeall/truckhome/index.php/Home/Saddress/area.html?upid=0
INFO: [ app_begin ] --START--
INFO: Run Behavior\ReadHtmlCacheBehavior [ RunTime:0.000000s ]
INFO: [ app_begin ] --END-- [ RunTime:0.000000s ]
SQL: DESCRIBE truck_sarea [ RunTime:0.046875s ]
SQL: SELECT * FROM `truck_sarea` WHERE ( upid=0 )  [ RunTime:0.046875s ]

[ 2016-02-23T11:10:08+08:00 ] 127.0.0.1 /threeall/truckhome/index.php/Home/Saddress/sessid.html
INFO: [ app_begin ] --START--
INFO: Run Behavior\ReadHtmlCacheBehavior [ RunTime:0.000000s ]
INFO: [ app_begin ] --END-- [ RunTime:0.000000s ]
SQL: DESCRIBE truck_scart [ RunTime:0.000000s ]
SQL: SELECT * FROM `truck_scart` INNER JOIN truck_sproduct ON truck_scart.pid = truck_sproduct.id  WHERE truck_scart.uid = '1' AND truck_scart.pid IN ('80')  [ RunTime:0.000000s ]
INFO: [ app_end ] --START--
INFO: Run Behavior\ShowPageTraceBehavior [ RunTime:0.000000s ]
INFO: [ app_end ] --END-- [ RunTime:0.000000s ]

[ 2016-02-23T11:10:08+08:00 ] 127.0.0.1 /threeall/truckhome/index.php/Home/Saddress/area.html?upid=0
INFO: [ app_begin ] --START--
INFO: Run Behavior\ReadHtmlCacheBehavior [ RunTime:0.000000s ]
INFO: [ app_begin ] --END-- [ RunTime:0.000000s ]
SQL: DESCRIBE truck_sarea [ RunTime:0.000000s ]
SQL: SELECT * FROM `truck_sarea` WHERE ( upid=0 )  [ RunTime:0.000000s ]

[ 2016-02-23T11:10:13+08:00 ] 127.0.0.1 /threeall/truckhome/index.php/Home/Sorder/aid.html
INFO: [ app_begin ] --START--
INFO: Run Behavior\ReadHtmlCacheBehavior [ RunTime:0.000000s ]
INFO: [ app_begin ] --END-- [ RunTime:0.000000s ]
INFO: [ app_end ] --START--
INFO: Run Behavior\ShowPageTraceBehavior [ RunTime:0.000000s ]
INFO: [ app_end ] --END-- [ RunTime:0.000000s ]

[ 2016-02-23T11:10:16+08:00 ] 127.0.0.1 /threeall/truckhome/index.php/Home/Saddress/area.html?upid=0
INFO: [ app_begin ] --START--
INFO: Run Behavior\ReadHtmlCacheBehavior [ RunTime:0.000000s ]
INFO: [ app_begin ] --END-- [ RunTime:0.000000s ]
SQL: DESCRIBE truck_sarea [ RunTime:0.015625s ]
SQL: SELECT * FROM `truck_sarea` WHERE ( upid=0 )  [ RunTime:0.000000s ]

[ 2016-02-23T11:10:35+08:00 ] 127.0.0.1 /threeall/truckhome/index.php/Home/Sorder/aid.html
INFO: [ app_begin ] --START--
INFO: Run Behavior\ReadHtmlCacheBehavior [ RunTime:0.000000s ]
INFO: [ app_begin ] --END-- [ RunTime:0.015625s ]
INFO: [ app_end ] --START--
INFO: Run Behavior\ShowPageTraceBehavior [ RunTime:0.000000s ]
INFO: [ app_end ] --END-- [ RunTime:0.000000s ]

[ 2016-02-23T11:10:59+08:00 ] 127.0.0.1 /threeall/truckhome/index.php/Home/Scart/increase.html
INFO: [ app_begin ] --START--
INFO: Run Behavior\ReadHtmlCacheBehavior [ RunTime:0.000000s ]
INFO: [ app_begin ] --END-- [ RunTime:0.000000s ]
SQL: DESCRIBE truck_scart [ RunTime:0.000000s ]
SQL: UPDATE `truck_scart` SET `number`=number+1 WHERE `uid` = 1 AND `pid` = 80 [ RunTime:0.000000s ]
INFO: [ app_end ] --START--
INFO: Run Behavior\ShowPageTraceBehavior [ RunTime:0.000000s ]
INFO: [ app_end ] --END-- [ RunTime:0.000000s ]

[ 2016-02-23T11:10:59+08:00 ] 127.0.0.1 /threeall/truckhome/index.php/Home/Scart/increase.html
INFO: [ app_begin ] --START--
INFO: Run Behavior\ReadHtmlCacheBehavior [ RunTime:0.015625s ]
INFO: [ app_begin ] --END-- [ RunTime:0.015625s ]
SQL: DESCRIBE truck_scart [ RunTime:0.000000s ]
SQL: UPDATE `truck_scart` SET `number`=number+1 WHERE `uid` = 1 AND `pid` = 80 [ RunTime:0.046875s ]
INFO: [ app_end ] --START--
INFO: Run Behavior\ShowPageTraceBehavior [ RunTime:0.000000s ]
INFO: [ app_end ] --END-- [ RunTime:0.000000s ]

[ 2016-02-23T11:11:00+08:00 ] 127.0.0.1 /threeall/truckhome/index.php/Home/Scart/increase.html
INFO: [ app_begin ] --START--
INFO: Run Behavior\ReadHtmlCacheBehavior [ RunTime:0.000000s ]
INFO: [ app_begin ] --END-- [ RunTime:0.000000s ]
SQL: DESCRIBE truck_scart [ RunTime:0.000000s ]
SQL: UPDATE `truck_scart` SET `number`=number+1 WHERE `uid` = 1 AND `pid` = 80 [ RunTime:0.031250s ]
INFO: [ app_end ] --START--
INFO: Run Behavior\ShowPageTraceBehavior [ RunTime:0.000000s ]
INFO: [ app_end ] --END-- [ RunTime:0.000000s ]

[ 2016-02-23T11:27:48+08:00 ] 127.0.0.1 /threeall/truckhome/index.php/Home/Scart/decrease.html
INFO: [ app_begin ] --START--
INFO: Run Behavior\ReadHtmlCacheBehavior [ RunTime:0.000000s ]
INFO: [ app_begin ] --END-- [ RunTime:0.000000s ]
SQL: DESCRIBE truck_scart [ RunTime:0.015625s ]
SQL: UPDATE `truck_scart` SET `number`=number-1 WHERE `uid` = 1 AND `pid` = 80 [ RunTime:0.062500s ]
INFO: [ app_end ] --START--
INFO: Run Behavior\ShowPageTraceBehavior [ RunTime:0.000000s ]
INFO: [ app_end ] --END-- [ RunTime:0.000000s ]

[ 2016-02-23T11:27:50+08:00 ] 127.0.0.1 /threeall/truckhome/index.php/Home/Scart/decrease.html
INFO: [ app_begin ] --START--
INFO: Run Behavior\ReadHtmlCacheBehavior [ RunTime:0.000000s ]
INFO: [ app_begin ] --END-- [ RunTime:0.000000s ]
SQL: DESCRIBE truck_scart [ RunTime:0.000000s ]
SQL: UPDATE `truck_scart` SET `number`=number-1 WHERE `uid` = 1 AND `pid` = 80 [ RunTime:0.000000s ]
INFO: [ app_end ] --START--
INFO: Run Behavior\ShowPageTraceBehavior [ RunTime:0.000000s ]
INFO: [ app_end ] --END-- [ RunTime:0.000000s ]

[ 2016-02-23T11:27:50+08:00 ] 127.0.0.1 /threeall/truckhome/index.php/Home/Scart/decrease.html
INFO: [ app_begin ] --START--
INFO: Run Behavior\ReadHtmlCacheBehavior [ RunTime:0.015625s ]
INFO: [ app_begin ] --END-- [ RunTime:0.015625s ]
SQL: DESCRIBE truck_scart [ RunTime:0.000000s ]
SQL: UPDATE `truck_scart` SET `number`=number-1 WHERE `uid` = 1 AND `pid` = 80 [ RunTime:0.015625s ]
INFO: [ app_end ] --START--
INFO: Run Behavior\ShowPageTraceBehavior [ RunTime:0.000000s ]
INFO: [ app_end ] --END-- [ RunTime:0.000000s ]

[ 2016-02-23T11:27:51+08:00 ] 127.0.0.1 /threeall/truckhome/index.php/Home/Scart/decrease.html
INFO: [ app_begin ] --START--
INFO: Run Behavior\ReadHtmlCacheBehavior [ RunTime:0.000000s ]
INFO: [ app_begin ] --END-- [ RunTime:0.000000s ]
SQL: DESCRIBE truck_scart [ RunTime:0.015625s ]
SQL: UPDATE `truck_scart` SET `number`=number-1 WHERE `uid` = 1 AND `pid` = 80 [ RunTime:0.000000s ]
INFO: [ app_end ] --START--
INFO: Run Behavior\ShowPageTraceBehavior [ RunTime:0.000000s ]
INFO: [ app_end ] --END-- [ RunTime:0.000000s ]

[ 2016-02-23T11:27:52+08:00 ] 127.0.0.1 /threeall/truckhome/index.php/Home/Scart/increase.html
INFO: [ app_begin ] --START--
INFO: Run Behavior\ReadHtmlCacheBehavior [ RunTime:0.000000s ]
INFO: [ app_begin ] --END-- [ RunTime:0.000000s ]
SQL: DESCRIBE truck_scart [ RunTime:0.000000s ]
SQL: UPDATE `truck_scart` SET `number`=number+1 WHERE `uid` = 1 AND `pid` = 80 [ RunTime:0.000000s ]
INFO: [ app_end ] --START--
INFO: Run Behavior\ShowPageTraceBehavior [ RunTime:0.015625s ]
INFO: [ app_end ] --END-- [ RunTime:0.015625s ]

[ 2016-02-23T11:27:53+08:00 ] 127.0.0.1 /threeall/truckhome/index.php/Home/Scart/increase.html
INFO: [ app_begin ] --START--
INFO: Run Behavior\ReadHtmlCacheBehavior [ RunTime:0.000000s ]
INFO: [ app_begin ] --END-- [ RunTime:0.000000s ]
SQL: DESCRIBE truck_scart [ RunTime:0.015625s ]
SQL: UPDATE `truck_scart` SET `number`=number+1 WHERE `uid` = 1 AND `pid` = 80 [ RunTime:0.000000s ]
INFO: [ app_end ] --START--
INFO: Run Behavior\ShowPageTraceBehavior [ RunTime:0.000000s ]
INFO: [ app_end ] --END-- [ RunTime:0.000000s ]

[ 2016-02-23T11:27:53+08:00 ] 127.0.0.1 /threeall/truckhome/index.php/Home/Scart/increase.html
INFO: [ app_begin ] --START--
INFO: Run Behavior\ReadHtmlCacheBehavior [ RunTime:0.000000s ]
INFO: [ app_begin ] --END-- [ RunTime:0.000000s ]
SQL: DESCRIBE truck_scart [ RunTime:0.015625s ]
SQL: UPDATE `truck_scart` SET `number`=number+1 WHERE `uid` = 1 AND `pid` = 80 [ RunTime:0.000000s ]
INFO: [ app_end ] --START--
INFO: Run Behavior\ShowPageTraceBehavior [ RunTime:0.000000s ]
INFO: [ app_end ] --END-- [ RunTime:0.000000s ]

[ 2016-02-23T11:27:56+08:00 ] 127.0.0.1 /threeall/truckhome/index.php/Home/Scart/increase.html
INFO: [ app_begin ] --START--
INFO: Run Behavior\ReadHtmlCacheBehavior [ RunTime:0.000000s ]
INFO: [ app_begin ] --END-- [ RunTime:0.000000s ]
SQL: DESCRIBE truck_scart [ RunTime:0.000000s ]
SQL: UPDATE `truck_scart` SET `number`=number+1 WHERE `uid` = 1 AND `pid` = 80 [ RunTime:0.000000s ]
INFO: [ app_end ] --START--
INFO: Run Behavior\ShowPageTraceBehavior [ RunTime:0.000000s ]
INFO: [ app_end ] --END-- [ RunTime:0.000000s ]

[ 2016-02-23T11:27:57+08:00 ] 127.0.0.1 /threeall/truckhome/index.php/Home/Scart/increase.html
INFO: [ app_begin ] --START--
INFO: Run Behavior\ReadHtmlCacheBehavior [ RunTime:0.000000s ]
INFO: [ app_begin ] --END-- [ RunTime:0.015625s ]
SQL: DESCRIBE truck_scart [ RunTime:0.000000s ]
SQL: UPDATE `truck_scart` SET `number`=number+1 WHERE `uid` = 1 AND `pid` = 80 [ RunTime:0.000000s ]
INFO: [ app_end ] --START--
INFO: Run Behavior\ShowPageTraceBehavior [ RunTime:0.000000s ]
INFO: [ app_end ] --END-- [ RunTime:0.000000s ]

[ 2016-02-23T11:27:57+08:00 ] 127.0.0.1 /threeall/truckhome/index.php/Home/Scart/increase.html
INFO: [ app_begin ] --START--
INFO: Run Behavior\ReadHtmlCacheBehavior [ RunTime:0.000000s ]
INFO: [ app_begin ] --END-- [ RunTime:0.015625s ]
SQL: DESCRIBE truck_scart [ RunTime:0.000000s ]
SQL: UPDATE `truck_scart` SET `number`=number+1 WHERE `uid` = 1 AND `pid` = 80 [ RunTime:0.000000s ]
INFO: [ app_end ] --START--
INFO: Run Behavior\ShowPageTraceBehavior [ RunTime:0.000000s ]
INFO: [ app_end ] --END-- [ RunTime:0.000000s ]

[ 2016-02-23T11:27:58+08:00 ] 127.0.0.1 /threeall/truckhome/index.php/Home/Scart/increase.html
INFO: [ app_begin ] --START--
INFO: Run Behavior\ReadHtmlCacheBehavior [ RunTime:0.000000s ]
INFO: [ app_begin ] --END-- [ RunTime:0.000000s ]
SQL: DESCRIBE truck_scart [ RunTime:0.000000s ]
SQL: UPDATE `truck_scart` SET `number`=number+1 WHERE `uid` = 1 AND `pid` = 80 [ RunTime:0.000000s ]
INFO: [ app_end ] --START--
INFO: Run Behavior\ShowPageTraceBehavior [ RunTime:0.000000s ]
INFO: [ app_end ] --END-- [ RunTime:0.000000s ]

