[ 2016-01-12T19:52:03+08:00 ] 127.0.0.1 /two/ThinkPHP/Home/User/registe
ERR: 非法操作:registe

[ 2016-01-12T19:52:13+08:00 ] 127.0.0.1 /two/ThinkPHP/Home/User/seccode.php?update=36085&_t=1451805546
ERR: 非法操作:seccode.php

[ 2016-01-12T19:55:25+08:00 ] 127.0.0.1 /two/ThinkPHP/Home/User/seccode.php?update=36085&_t=1451805546
ERR: 非法操作:seccode.php

[ 2016-01-12T20:23:47+08:00 ] 127.0.0.1 /two/ThinkPHP/Home/User/seccode.php?update=36085&_t=1451805546
ERR: 非法操作:seccode.php

[ 2016-01-12T20:39:11+08:00 ] 127.0.0.1 /two/ThinkPHP/Home/User/seccode.php?update=36085&_t=1451805546
ERR: 非法操作:seccode.php

[ 2016-01-12T20:39:18+08:00 ] 127.0.0.1 /two/ThinkPHP/Home/User/seccode.php?update=36085&_t=1451805546
ERR: 非法操作:seccode.php

[ 2016-01-12T20:39:33+08:00 ] 127.0.0.1 /two/ThinkPHP/Home/User/seccode.php?update=36085&_t=1451805546
ERR: 非法操作:seccode.php

[ 2016-01-12T20:41:22+08:00 ] 127.0.0.1 /two/ThinkPHP/Home/User/seccode.php?update=36085&_t=1451805546
ERR: 非法操作:seccode.php

[ 2016-01-12T20:41:54+08:00 ] 127.0.0.1 /two/ThinkPHP/Home/User/seccode.php?update=36085&_t=1451805546
ERR: 非法操作:seccode.php

[ 2016-01-12T20:41:54+08:00 ] 127.0.0.1 /two/ThinkPHP/Home/User/seccode.php?update=36085&_t=1451805546
ERR: 非法操作:seccode.php

[ 2016-01-12T20:42:57+08:00 ] 127.0.0.1 /two/ThinkPHP/Home/User/seccode.php?update=36085&_t=1451805546
ERR: 非法操作:seccode.php

[ 2016-01-12T20:45:13+08:00 ] 127.0.0.1 /two/ThinkPHP/Home/User/seccode.php?update=36085&_t=1451805546
ERR: 非法操作:seccode.php

[ 2016-01-12T20:45:14+08:00 ] 127.0.0.1 /two/ThinkPHP/Home/User/seccode.php?update=36085&_t=1451805546
ERR: 非法操作:seccode.php

[ 2016-01-12T20:45:15+08:00 ] 127.0.0.1 /two/ThinkPHP/Home/User/seccode.php?update=36085&_t=1451805546
ERR: 非法操作:seccode.php

[ 2016-01-12T20:45:23+08:00 ] 127.0.0.1 /two/ThinkPHP/Home/User/seccode.php?update=36085&_t=1451805546
ERR: 非法操作:seccode.php

[ 2016-01-12T20:48:15+08:00 ] 127.0.0.1 /two/ThinkPHP/Home/User/seccode.php?update=36085&_t=1451805546
ERR: 非法操作:seccode.php

[ 2016-01-12T20:48:51+08:00 ] 127.0.0.1 /two/ThinkPHP/Home/User/seccode.php?update=36085&_t=1451805546
ERR: 非法操作:seccode.php

[ 2016-01-12T20:49:00+08:00 ] 127.0.0.1 /two/ThinkPHP/Home/User/seccode.php?update=36085&_t=1451805546
ERR: 非法操作:seccode.php

[ 2016-01-12T21:08:43+08:00 ] 127.0.0.1 /two/ThinkPHP/Home/User/seccode.php?update=36085&_t=1451805546
ERR: 非法操作:seccode.php

[ 2016-01-12T21:08:44+08:00 ] 127.0.0.1 /two/ThinkPHP/Home/User/seccode.php?update=36085&_t=1451805546
ERR: 非法操作:seccode.php

[ 2016-01-12T21:08:45+08:00 ] 127.0.0.1 /two/ThinkPHP/Home/User/seccode.php?update=36085&_t=1451805546
ERR: 非法操作:seccode.php

[ 2016-01-12T21:08:46+08:00 ] 127.0.0.1 /two/ThinkPHP/Home/User/seccode.php?update=36085&_t=1451805546
ERR: 非法操作:seccode.php

[ 2016-01-12T21:09:37+08:00 ] 127.0.0.1 /two/ThinkPHP/Home/User/seccode.php?update=36085&_t=1451805546
ERR: 非法操作:seccode.php

[ 2016-01-12T21:10:28+08:00 ] 127.0.0.1 /two/ThinkPHP/index.php/Home/User/seccode.php?update=36085&_t=1451805546
ERR: 非法操作:seccode.php

[ 2016-01-12T21:13:28+08:00 ] 127.0.0.1 /two/ThinkPHP/index.php/Home/User/seccode.php?update=36085&_t=1451805546
ERR: 非法操作:seccode.php

[ 2016-01-12T21:14:42+08:00 ] 127.0.0.1 /two/ThinkPHP/index.php/Home/User/seccode.php?update=36085&_t=1451805546
ERR: 非法操作:seccode.php

[ 2016-01-12T21:14:56+08:00 ] 127.0.0.1 /two/ThinkPHP/index.php/Home/User/valUserName.html
INFO: [ app_begin ] --START--
INFO: Run Behavior\ReadHtmlCacheBehavior [ RunTime:0.001786s ]
INFO: [ app_begin ] --END-- [ RunTime:0.003181s ]
SQL: DESCRIBE truck_user [ RunTime:0.008025s ]
SQL: SELECT * FROM `truck_user` WHERE `username` = '1234' AND `cate` = 2 LIMIT 1   [ RunTime:0.001028s ]

[ 2016-01-12T21:15:02+08:00 ] 127.0.0.1 /two/ThinkPHP/index.php/Home/User/valUserName.html
INFO: [ app_begin ] --START--
INFO: Run Behavior\ReadHtmlCacheBehavior [ RunTime:0.001841s ]
INFO: [ app_begin ] --END-- [ RunTime:0.003530s ]
SQL: DESCRIBE truck_user [ RunTime:0.008359s ]
SQL: SELECT * FROM `truck_user` WHERE `username` = '12345' AND `cate` = 2 LIMIT 1   [ RunTime:0.001037s ]

[ 2016-01-12T21:15:17+08:00 ] 127.0.0.1 /two/ThinkPHP/index.php/Home/User/valUserName.html
INFO: [ app_begin ] --START--
INFO: Run Behavior\ReadHtmlCacheBehavior [ RunTime:0.001768s ]
INFO: [ app_begin ] --END-- [ RunTime:0.003404s ]
SQL: DESCRIBE truck_user [ RunTime:0.007815s ]
SQL: SELECT * FROM `truck_user` WHERE `username` = 'zn11' AND `cate` = 2 LIMIT 1   [ RunTime:0.000966s ]

[ 2016-01-12T21:15:27+08:00 ] 127.0.0.1 /two/ThinkPHP/index.php/Home/User/seccode.php?update=36085&_t=1451805546
ERR: 非法操作:seccode.php

[ 2016-01-12T21:15:32+08:00 ] 127.0.0.1 /two/ThinkPHP/index.php/Home/User/valUserName.html
INFO: [ app_begin ] --START--
INFO: Run Behavior\ReadHtmlCacheBehavior [ RunTime:0.002166s ]
INFO: [ app_begin ] --END-- [ RunTime:0.003777s ]
SQL: DESCRIBE truck_user [ RunTime:0.009202s ]
SQL: SELECT * FROM `truck_user` WHERE `username` = '1234' AND `cate` = 2 LIMIT 1   [ RunTime:0.000999s ]

[ 2016-01-12T21:15:39+08:00 ] 127.0.0.1 /two/ThinkPHP/index.php/Home/User/valUserName.html
INFO: [ app_begin ] --START--
INFO: Run Behavior\ReadHtmlCacheBehavior [ RunTime:0.012530s ]
INFO: [ app_begin ] --END-- [ RunTime:0.013962s ]
SQL: DESCRIBE truck_user [ RunTime:0.011815s ]
SQL: SELECT * FROM `truck_user` WHERE `username` = '1234' AND `cate` = 2 LIMIT 1   [ RunTime:0.000845s ]

[ 2016-01-12T21:18:48+08:00 ] 127.0.0.1 /two/ThinkPHP/index.php/Home/User/seccode.php?update=36085&_t=1451805546
ERR: 非法操作:seccode.php

[ 2016-01-12T21:18:52+08:00 ] 127.0.0.1 /two/ThinkPHP/index.php/Home/User/valUserName.html
INFO: [ app_begin ] --START--
INFO: Run Behavior\ReadHtmlCacheBehavior [ RunTime:0.001754s ]
INFO: [ app_begin ] --END-- [ RunTime:0.003349s ]
SQL: DESCRIBE truck_user [ RunTime:0.008318s ]
SQL: SELECT * FROM `truck_user` WHERE `username` = '1234' AND `cate` = 2 LIMIT 1   [ RunTime:0.001295s ]

[ 2016-01-12T21:19:12+08:00 ] 127.0.0.1 /two/ThinkPHP/Home/User/seccode.php?update=36085&_t=1451805546
ERR: 非法操作:seccode.php

[ 2016-01-12T21:19:22+08:00 ] 127.0.0.1 /two/ThinkPHP/index.php/Home/User/valUserName.html
INFO: [ app_begin ] --START--
INFO: Run Behavior\ReadHtmlCacheBehavior [ RunTime:0.001738s ]
INFO: [ app_begin ] --END-- [ RunTime:0.003089s ]
SQL: DESCRIBE truck_user [ RunTime:0.008325s ]
SQL: SELECT * FROM `truck_user` WHERE `username` = '1234' AND `cate` = 2 LIMIT 1   [ RunTime:0.000977s ]

[ 2016-01-12T21:19:40+08:00 ] 127.0.0.1 /two/ThinkPHP/index.php/Home/User/valUserName.html
INFO: [ app_begin ] --START--
INFO: Run Behavior\ReadHtmlCacheBehavior [ RunTime:0.002214s ]
INFO: [ app_begin ] --END-- [ RunTime:0.003823s ]
SQL: DESCRIBE truck_user [ RunTime:0.008039s ]
SQL: SELECT * FROM `truck_user` WHERE `username` = '12345' AND `cate` = 2 LIMIT 1   [ RunTime:0.000970s ]

[ 2016-01-12T21:19:53+08:00 ] 127.0.0.1 /two/ThinkPHP/index.php/Home/User/valUserName.html
INFO: [ app_begin ] --START--
INFO: Run Behavior\ReadHtmlCacheBehavior [ RunTime:0.001623s ]
INFO: [ app_begin ] --END-- [ RunTime:0.002876s ]
SQL: DESCRIBE truck_user [ RunTime:0.008009s ]
SQL: SELECT * FROM `truck_user` WHERE `username` = '1234' AND `cate` = 2 LIMIT 1   [ RunTime:0.001031s ]

[ 2016-01-12T21:20:03+08:00 ] 127.0.0.1 /two/ThinkPHP/index.php/Home/User/l
ERR: 非法操作:l

[ 2016-01-12T21:20:14+08:00 ] 127.0.0.1 /two/ThinkPHP/index.php/Home/User/seccode.php?update=36085&_t=1451805546
ERR: 非法操作:seccode.php

[ 2016-01-12T21:20:29+08:00 ] 127.0.0.1 /two/ThinkPHP/index.php/Home/User/valUserName.html
INFO: [ app_begin ] --START--
INFO: Run Behavior\ReadHtmlCacheBehavior [ RunTime:0.001666s ]
INFO: [ app_begin ] --END-- [ RunTime:0.002947s ]
SQL: DESCRIBE truck_user [ RunTime:0.009862s ]
SQL: SELECT * FROM `truck_user` WHERE `username` = '1234' AND `cate` = 2 LIMIT 1   [ RunTime:0.002310s ]

[ 2016-01-12T21:25:39+08:00 ] 127.0.0.1 /two/ThinkPHP/index.php/Home/User/seccode.php?update=36085&_t=1451805546
ERR: 非法操作:seccode.php

[ 2016-01-12T21:25:43+08:00 ] 127.0.0.1 /two/ThinkPHP/index.php/Home/User/valUserName.html
INFO: [ app_begin ] --START--
INFO: Run Behavior\ReadHtmlCacheBehavior [ RunTime:0.001950s ]
INFO: [ app_begin ] --END-- [ RunTime:0.003513s ]
SQL: DESCRIBE truck_user [ RunTime:0.008485s ]
SQL: SELECT * FROM `truck_user` WHERE `username` = '1234' AND `cate` = 2 LIMIT 1   [ RunTime:0.001044s ]

[ 2016-01-12T21:26:15+08:00 ] 127.0.0.1 /two/ThinkPHP/index.php/Home/User/valUserName.html
INFO: [ app_begin ] --START--
INFO: Run Behavior\ReadHtmlCacheBehavior [ RunTime:0.001781s ]
INFO: [ app_begin ] --END-- [ RunTime:0.003310s ]
SQL: DESCRIBE truck_user [ RunTime:0.008023s ]
SQL: SELECT * FROM `truck_user` WHERE `username` = '1234' AND `cate` = 2 LIMIT 1   [ RunTime:0.000946s ]

[ 2016-01-12T21:26:38+08:00 ] 127.0.0.1 /two/ThinkPHP/index.php/Home/User/valUserName.html
INFO: [ app_begin ] --START--
INFO: Run Behavior\ReadHtmlCacheBehavior [ RunTime:0.002352s ]
INFO: [ app_begin ] --END-- [ RunTime:0.004455s ]
SQL: DESCRIBE truck_user [ RunTime:0.008224s ]
SQL: SELECT * FROM `truck_user` WHERE `username` = '1234' AND `cate` = 2 LIMIT 1   [ RunTime:0.001013s ]

[ 2016-01-12T21:26:43+08:00 ] 127.0.0.1 /two/ThinkPHP/index.php/Home/User/valUserName.html
INFO: [ app_begin ] --START--
INFO: Run Behavior\ReadHtmlCacheBehavior [ RunTime:0.002213s ]
INFO: [ app_begin ] --END-- [ RunTime:0.004758s ]
SQL: DESCRIBE truck_user [ RunTime:0.009019s ]
SQL: SELECT * FROM `truck_user` WHERE `username` = '1234' AND `cate` = 2 LIMIT 1   [ RunTime:0.001203s ]

[ 2016-01-12T21:26:44+08:00 ] 127.0.0.1 /two/ThinkPHP/index.php/Home/User/valUserName.html
INFO: [ app_begin ] --START--
INFO: Run Behavior\ReadHtmlCacheBehavior [ RunTime:0.001830s ]
INFO: [ app_begin ] --END-- [ RunTime:0.003237s ]
SQL: DESCRIBE truck_user [ RunTime:0.008093s ]
SQL: SELECT * FROM `truck_user` WHERE `username` = '1234' AND `cate` = 2 LIMIT 1   [ RunTime:0.001643s ]

[ 2016-01-12T21:27:08+08:00 ] 127.0.0.1 /two/ThinkPHP/index.php/Home/User/valUserName.html
INFO: [ app_begin ] --START--
INFO: Run Behavior\ReadHtmlCacheBehavior [ RunTime:0.003030s ]
INFO: [ app_begin ] --END-- [ RunTime:0.004705s ]
SQL: DESCRIBE truck_user [ RunTime:0.008875s ]
SQL: SELECT * FROM `truck_user` WHERE `username` = '1234' AND `cate` = 2 LIMIT 1   [ RunTime:0.001003s ]

[ 2016-01-12T21:27:25+08:00 ] 127.0.0.1 /two/ThinkPHP/index.php/Home/User/valUserName.html
INFO: [ app_begin ] --START--
INFO: Run Behavior\ReadHtmlCacheBehavior [ RunTime:0.001773s ]
INFO: [ app_begin ] --END-- [ RunTime:0.003176s ]
SQL: DESCRIBE truck_user [ RunTime:0.007690s ]
SQL: SELECT * FROM `truck_user` WHERE `username` = '1123' AND `cate` = 2 LIMIT 1   [ RunTime:0.000928s ]

[ 2016-01-12T21:30:02+08:00 ] 127.0.0.1 /two/ThinkPHP/index.php/Home/User/seccode.php?update=36085&_t=1451805546
ERR: 非法操作:seccode.php

[ 2016-01-12T21:30:07+08:00 ] 127.0.0.1 /two/ThinkPHP/index.php/Home/User/valUserName.html
INFO: [ app_begin ] --START--
INFO: Run Behavior\ReadHtmlCacheBehavior [ RunTime:0.001790s ]
INFO: [ app_begin ] --END-- [ RunTime:0.003442s ]
SQL: DESCRIBE truck_user [ RunTime:0.008286s ]
SQL: SELECT * FROM `truck_user` WHERE `username` = '1234' AND `cate` = 2 LIMIT 1   [ RunTime:0.001045s ]

[ 2016-01-12T21:30:48+08:00 ] 127.0.0.1 /two/ThinkPHP/index.php/Home/User/seccode.php?update=36085&_t=1451805546
ERR: 非法操作:seccode.php

[ 2016-01-12T21:30:56+08:00 ] 127.0.0.1 /two/ThinkPHP/index.php/Home/User/seccode.php?update=36085&_t=1451805546
ERR: 非法操作:seccode.php

[ 2016-01-12T21:31:00+08:00 ] 127.0.0.1 /two/ThinkPHP/index.php/Home/User/valUserName.html
INFO: [ app_begin ] --START--
INFO: Run Behavior\ReadHtmlCacheBehavior [ RunTime:0.001933s ]
INFO: [ app_begin ] --END-- [ RunTime:0.003227s ]
SQL: DESCRIBE truck_user [ RunTime:0.007983s ]
SQL: SELECT * FROM `truck_user` WHERE `username` = '1234' AND `cate` = 2 LIMIT 1   [ RunTime:0.001040s ]

[ 2016-01-12T21:31:03+08:00 ] 127.0.0.1 /two/ThinkPHP/index.php/Home/User/valUserName.html
INFO: [ app_begin ] --START--
INFO: Run Behavior\ReadHtmlCacheBehavior [ RunTime:0.001676s ]
INFO: [ app_begin ] --END-- [ RunTime:0.003012s ]
SQL: DESCRIBE truck_user [ RunTime:0.009309s ]
SQL: SELECT * FROM `truck_user` WHERE `username` = '1234' AND `cate` = 2 LIMIT 1   [ RunTime:0.001770s ]

[ 2016-01-12T21:31:19+08:00 ] 127.0.0.1 /two/ThinkPHP/index.php/Home/User/valUserName.html
INFO: [ app_begin ] --START--
INFO: Run Behavior\ReadHtmlCacheBehavior [ RunTime:0.001773s ]
INFO: [ app_begin ] --END-- [ RunTime:0.003379s ]
SQL: DESCRIBE truck_user [ RunTime:0.008544s ]
SQL: SELECT * FROM `truck_user` WHERE `username` = '1234' AND `cate` = 2 LIMIT 1   [ RunTime:0.001473s ]

[ 2016-01-12T21:31:35+08:00 ] 127.0.0.1 /two/ThinkPHP/index.php/Home/User/valUserName.html
INFO: [ app_begin ] --START--
INFO: Run Behavior\ReadHtmlCacheBehavior [ RunTime:0.001765s ]
INFO: [ app_begin ] --END-- [ RunTime:0.003118s ]
SQL: DESCRIBE truck_user [ RunTime:0.007905s ]
SQL: SELECT * FROM `truck_user` WHERE `username` = '1234' AND `cate` = 2 LIMIT 1   [ RunTime:0.001018s ]

[ 2016-01-12T21:31:36+08:00 ] 127.0.0.1 /two/ThinkPHP/index.php/Home/User/seccode.php?update=36085&_t=1451805546
ERR: 非法操作:seccode.php

[ 2016-01-12T21:31:39+08:00 ] 127.0.0.1 /two/ThinkPHP/index.php/Home/User/valUserName.html
INFO: [ app_begin ] --START--
INFO: Run Behavior\ReadHtmlCacheBehavior [ RunTime:0.002457s ]
INFO: [ app_begin ] --END-- [ RunTime:0.003765s ]
SQL: DESCRIBE truck_user [ RunTime:0.008006s ]
SQL: SELECT * FROM `truck_user` WHERE `username` = '1234' AND `cate` = 2 LIMIT 1   [ RunTime:0.001023s ]

[ 2016-01-12T21:31:44+08:00 ] 127.0.0.1 /two/ThinkPHP/index.php/Home/User/valUserName.html
INFO: [ app_begin ] --START--
INFO: Run Behavior\ReadHtmlCacheBehavior [ RunTime:0.001814s ]
INFO: [ app_begin ] --END-- [ RunTime:0.003243s ]
SQL: DESCRIBE truck_user [ RunTime:0.008177s ]
SQL: SELECT * FROM `truck_user` WHERE `username` = '12345' AND `cate` = 2 LIMIT 1   [ RunTime:0.000983s ]

[ 2016-01-12T21:31:46+08:00 ] 127.0.0.1 /two/ThinkPHP/index.php/Home/User/valUserName.html
INFO: [ app_begin ] --START--
INFO: Run Behavior\ReadHtmlCacheBehavior [ RunTime:0.002324s ]
INFO: [ app_begin ] --END-- [ RunTime:0.004542s ]
SQL: DESCRIBE truck_user [ RunTime:0.007869s ]
SQL: SELECT * FROM `truck_user` WHERE `username` = '12345' AND `cate` = 2 LIMIT 1   [ RunTime:0.000911s ]

[ 2016-01-12T21:32:09+08:00 ] 127.0.0.1 /two/ThinkPHP/index.php/Home/User/seccode.php?update=36085&_t=1451805546
ERR: 非法操作:seccode.php

[ 2016-01-12T21:32:10+08:00 ] 127.0.0.1 /two/ThinkPHP/index.php/Home/User/seccode.php?update=36085&_t=1451805546
ERR: 非法操作:seccode.php

[ 2016-01-12T21:32:11+08:00 ] 127.0.0.1 /two/ThinkPHP/index.php/Home/User/seccode.php?update=36085&_t=1451805546
ERR: 非法操作:seccode.php

[ 2016-01-12T21:32:14+08:00 ] 127.0.0.1 /two/ThinkPHP/index.php/Home/User/valUserName.html
INFO: [ app_begin ] --START--
INFO: Run Behavior\ReadHtmlCacheBehavior [ RunTime:0.001756s ]
INFO: [ app_begin ] --END-- [ RunTime:0.003089s ]
SQL: DESCRIBE truck_user [ RunTime:0.008076s ]
SQL: SELECT * FROM `truck_user` WHERE `username` = '1234' AND `cate` = 2 LIMIT 1   [ RunTime:0.000972s ]

[ 2016-01-12T21:32:18+08:00 ] 127.0.0.1 /two/ThinkPHP/index.php/Home/User/valUserName.html
INFO: [ app_begin ] --START--
INFO: Run Behavior\ReadHtmlCacheBehavior [ RunTime:0.001783s ]
INFO: [ app_begin ] --END-- [ RunTime:0.003214s ]
SQL: DESCRIBE truck_user [ RunTime:0.008386s ]
SQL: SELECT * FROM `truck_user` WHERE `username` = '12345' AND `cate` = 2 LIMIT 1   [ RunTime:0.000932s ]

[ 2016-01-12T21:32:23+08:00 ] 127.0.0.1 /two/ThinkPHP/index.php/Home/User/valUserName.html
INFO: [ app_begin ] --START--
INFO: Run Behavior\ReadHtmlCacheBehavior [ RunTime:0.001719s ]
INFO: [ app_begin ] --END-- [ RunTime:0.003107s ]
SQL: DESCRIBE truck_user [ RunTime:0.007952s ]
SQL: SELECT * FROM `truck_user` WHERE `username` = '12345' AND `cate` = 2 LIMIT 1   [ RunTime:0.001174s ]

[ 2016-01-12T21:32:34+08:00 ] 127.0.0.1 /two/ThinkPHP/index.php/Home/User/valUserName.html
INFO: [ app_begin ] --START--
INFO: Run Behavior\ReadHtmlCacheBehavior [ RunTime:0.002047s ]
INFO: [ app_begin ] --END-- [ RunTime:0.003436s ]
SQL: DESCRIBE truck_user [ RunTime:0.009938s ]
SQL: SELECT * FROM `truck_user` WHERE `username` = '1234544' AND `cate` = 2 LIMIT 1   [ RunTime:0.001486s ]

[ 2016-01-12T21:32:41+08:00 ] 127.0.0.1 /two/ThinkPHP/index.php/Home/User/valUserName.html
INFO: [ app_begin ] --START--
INFO: Run Behavior\ReadHtmlCacheBehavior [ RunTime:0.001904s ]
INFO: [ app_begin ] --END-- [ RunTime:0.003510s ]
SQL: DESCRIBE truck_user [ RunTime:0.008118s ]
SQL: SELECT * FROM `truck_user` WHERE `username` = '6666' AND `cate` = 2 LIMIT 1   [ RunTime:0.000915s ]

[ 2016-01-12T21:33:13+08:00 ] 127.0.0.1 /two/ThinkPHP/index.php/Home/User/seccode.php?update=36085&_t=1451805546
ERR: 非法操作:seccode.php

[ 2016-01-12T21:33:17+08:00 ] 127.0.0.1 /two/ThinkPHP/index.php/Home/User/valUserName.html
INFO: [ app_begin ] --START--
INFO: Run Behavior\ReadHtmlCacheBehavior [ RunTime:0.002444s ]
INFO: [ app_begin ] --END-- [ RunTime:0.003970s ]
SQL: DESCRIBE truck_user [ RunTime:0.008588s ]
SQL: SELECT * FROM `truck_user` WHERE `username` = '1234' AND `cate` = 2 LIMIT 1   [ RunTime:0.001088s ]

[ 2016-01-12T21:33:19+08:00 ] 127.0.0.1 /two/ThinkPHP/index.php/Home/User/valUserName.html
INFO: [ app_begin ] --START--
INFO: Run Behavior\ReadHtmlCacheBehavior [ RunTime:0.001978s ]
INFO: [ app_begin ] --END-- [ RunTime:0.003355s ]
SQL: DESCRIBE truck_user [ RunTime:0.008027s ]
SQL: SELECT * FROM `truck_user` WHERE `username` = '12345' AND `cate` = 2 LIMIT 1   [ RunTime:0.000909s ]

[ 2016-01-12T21:33:36+08:00 ] 127.0.0.1 /two/ThinkPHP/index.php/Home/User/seccode.php?update=36085&_t=1451805546
ERR: 非法操作:seccode.php

[ 2016-01-12T21:33:40+08:00 ] 127.0.0.1 /two/ThinkPHP/index.php/Home/User/valUserName.html
INFO: [ app_begin ] --START--
INFO: Run Behavior\ReadHtmlCacheBehavior [ RunTime:0.002144s ]
INFO: [ app_begin ] --END-- [ RunTime:0.003483s ]
SQL: DESCRIBE truck_user [ RunTime:0.008201s ]
SQL: SELECT * FROM `truck_user` WHERE `username` = '1234' AND `cate` = 2 LIMIT 1   [ RunTime:0.001143s ]

[ 2016-01-12T21:33:42+08:00 ] 127.0.0.1 /two/ThinkPHP/index.php/Home/User/valUserName.html
INFO: [ app_begin ] --START--
INFO: Run Behavior\ReadHtmlCacheBehavior [ RunTime:0.001945s ]
INFO: [ app_begin ] --END-- [ RunTime:0.003518s ]
SQL: DESCRIBE truck_user [ RunTime:0.007883s ]
SQL: SELECT * FROM `truck_user` WHERE `username` = '12345' AND `cate` = 2 LIMIT 1   [ RunTime:0.000926s ]

[ 2016-01-12T21:34:07+08:00 ] 127.0.0.1 /two/ThinkPHP/index.php/Home/User/valUserName.html
INFO: [ app_begin ] --START--
INFO: Run Behavior\ReadHtmlCacheBehavior [ RunTime:0.002067s ]
INFO: [ app_begin ] --END-- [ RunTime:0.003696s ]
SQL: DESCRIBE truck_user [ RunTime:0.008910s ]
SQL: SELECT * FROM `truck_user` WHERE `username` = '1234' AND `cate` = 2 LIMIT 1   [ RunTime:0.001187s ]

[ 2016-01-12T21:34:09+08:00 ] 127.0.0.1 /two/ThinkPHP/index.php/Home/User/valUserName.html
INFO: [ app_begin ] --START--
INFO: Run Behavior\ReadHtmlCacheBehavior [ RunTime:0.001791s ]
INFO: [ app_begin ] --END-- [ RunTime:0.003220s ]
SQL: DESCRIBE truck_user [ RunTime:0.008513s ]
SQL: SELECT * FROM `truck_user` WHERE `username` = '12345' AND `cate` = 2 LIMIT 1   [ RunTime:0.000953s ]

[ 2016-01-12T21:34:38+08:00 ] 127.0.0.1 /two/ThinkPHP/index.php/Home/User/valUserName.html
INFO: [ app_begin ] --START--
INFO: Run Behavior\ReadHtmlCacheBehavior [ RunTime:0.001789s ]
INFO: [ app_begin ] --END-- [ RunTime:0.003252s ]
SQL: DESCRIBE truck_user [ RunTime:0.008242s ]
SQL: SELECT * FROM `truck_user` WHERE `username` = '12345' AND `cate` = 2 LIMIT 1   [ RunTime:0.000979s ]

[ 2016-01-12T21:34:42+08:00 ] 127.0.0.1 /two/ThinkPHP/index.php/Home/User/valUserName.html
INFO: [ app_begin ] --START--
INFO: Run Behavior\ReadHtmlCacheBehavior [ RunTime:0.002171s ]
INFO: [ app_begin ] --END-- [ RunTime:0.003588s ]
SQL: DESCRIBE truck_user [ RunTime:0.008192s ]
SQL: SELECT * FROM `truck_user` WHERE `username` = '12345' AND `cate` = 2 LIMIT 1   [ RunTime:0.000952s ]

[ 2016-01-12T21:35:23+08:00 ] 127.0.0.1 /two/ThinkPHP/index.php/Home/User/seccode.php?update=36085&_t=1451805546
ERR: 非法操作:seccode.php

[ 2016-01-12T21:35:26+08:00 ] 127.0.0.1 /two/ThinkPHP/index.php/Home/User/valUserName.html
INFO: [ app_begin ] --START--
INFO: Run Behavior\ReadHtmlCacheBehavior [ RunTime:0.002038s ]
INFO: [ app_begin ] --END-- [ RunTime:0.003404s ]
SQL: DESCRIBE truck_user [ RunTime:0.008782s ]
SQL: SELECT * FROM `truck_user` WHERE `username` = '12345' AND `cate` = 2 LIMIT 1   [ RunTime:0.000986s ]

[ 2016-01-12T21:35:42+08:00 ] 127.0.0.1 /two/ThinkPHP/index.php/Home/User/seccode.php?update=36085&_t=1451805546
ERR: 非法操作:seccode.php

[ 2016-01-12T21:35:45+08:00 ] 127.0.0.1 /two/ThinkPHP/index.php/Home/User/valUserName.html
INFO: [ app_begin ] --START--
INFO: Run Behavior\ReadHtmlCacheBehavior [ RunTime:0.001870s ]
INFO: [ app_begin ] --END-- [ RunTime:0.003207s ]
SQL: DESCRIBE truck_user [ RunTime:0.008106s ]
SQL: SELECT * FROM `truck_user` WHERE `username` = '1111' AND `cate` = 2 LIMIT 1   [ RunTime:0.000930s ]

[ 2016-01-12T21:35:48+08:00 ] 127.0.0.1 /two/ThinkPHP/index.php/Home/User/valUserName.html
INFO: [ app_begin ] --START--
INFO: Run Behavior\ReadHtmlCacheBehavior [ RunTime:0.001878s ]
INFO: [ app_begin ] --END-- [ RunTime:0.003539s ]
SQL: DESCRIBE truck_user [ RunTime:0.008100s ]
SQL: SELECT * FROM `truck_user` WHERE `username` = 'wwwww' AND `cate` = 2 LIMIT 1   [ RunTime:0.000951s ]

[ 2016-01-12T21:35:52+08:00 ] 127.0.0.1 /two/ThinkPHP/index.php/Home/User/valUserName.html
INFO: [ app_begin ] --START--
INFO: Run Behavior\ReadHtmlCacheBehavior [ RunTime:0.001755s ]
INFO: [ app_begin ] --END-- [ RunTime:0.003156s ]
SQL: DESCRIBE truck_user [ RunTime:0.007949s ]
SQL: SELECT * FROM `truck_user` WHERE `username` = 'wwwww' AND `cate` = 2 LIMIT 1   [ RunTime:0.000945s ]

[ 2016-01-12T21:36:14+08:00 ] 127.0.0.1 /two/ThinkPHP/index.php/Home/User/valUserName.html
INFO: [ app_begin ] --START--
INFO: Run Behavior\ReadHtmlCacheBehavior [ RunTime:0.002508s ]
INFO: [ app_begin ] --END-- [ RunTime:0.004267s ]
SQL: DESCRIBE truck_user [ RunTime:0.009808s ]
SQL: SELECT * FROM `truck_user` WHERE `username` = 'wwwww' AND `cate` = 2 LIMIT 1   [ RunTime:0.001329s ]

[ 2016-01-12T21:36:15+08:00 ] 127.0.0.1 /two/ThinkPHP/index.php/Home/User/seccode.php?update=36085&_t=1451805546
ERR: 非法操作:seccode.php

[ 2016-01-12T21:36:29+08:00 ] 127.0.0.1 /two/ThinkPHP/index.php/Home/User/valUserName.html
INFO: [ app_begin ] --START--
INFO: Run Behavior\ReadHtmlCacheBehavior [ RunTime:0.002003s ]
INFO: [ app_begin ] --END-- [ RunTime:0.003483s ]
SQL: DESCRIBE truck_user [ RunTime:0.008025s ]
SQL: SELECT * FROM `truck_user` WHERE `username` = '1234' AND `cate` = 2 LIMIT 1   [ RunTime:0.000935s ]

[ 2016-01-12T21:36:31+08:00 ] 127.0.0.1 /two/ThinkPHP/index.php/Home/User/valUserName.html
INFO: [ app_begin ] --START--
INFO: Run Behavior\ReadHtmlCacheBehavior [ RunTime:0.001753s ]
INFO: [ app_begin ] --END-- [ RunTime:0.003091s ]
SQL: DESCRIBE truck_user [ RunTime:0.007987s ]
SQL: SELECT * FROM `truck_user` WHERE `username` = '12345' AND `cate` = 2 LIMIT 1   [ RunTime:0.000918s ]

[ 2016-01-12T21:46:59+08:00 ] 127.0.0.1 /two/ThinkPHP/index.php/Home/User/seccode.php?update=36085&_t=1451805546
ERR: 非法操作:seccode.php

[ 2016-01-12T21:47:03+08:00 ] 127.0.0.1 /two/ThinkPHP/index.php/Home/User/valUserName.html
INFO: [ app_begin ] --START--
INFO: Run Behavior\ReadHtmlCacheBehavior [ RunTime:0.002027s ]
INFO: [ app_begin ] --END-- [ RunTime:0.003642s ]
SQL: DESCRIBE truck_user [ RunTime:0.008540s ]
SQL: SELECT * FROM `truck_user` WHERE `username` = '123456' AND `cate` = 2 LIMIT 1   [ RunTime:0.001021s ]

[ 2016-01-12T21:47:32+08:00 ] 127.0.0.1 /two/ThinkPHP/index.php/Home/User/seccode.php?update=36085&_t=1451805546
ERR: 非法操作:seccode.php

[ 2016-01-12T21:47:34+08:00 ] 127.0.0.1 /two/ThinkPHP/index.php/Home/User/seccode.php?update=36085&_t=1451805546
ERR: 非法操作:seccode.php

[ 2016-01-12T21:48:01+08:00 ] 127.0.0.1 /two/ThinkPHP/index.php/Home/User/seccode.php?update=36085&_t=1451805546
ERR: 非法操作:seccode.php

[ 2016-01-12T21:48:05+08:00 ] 127.0.0.1 /two/ThinkPHP/index.php/Home/User/valUserName.html
INFO: [ app_begin ] --START--
INFO: Run Behavior\ReadHtmlCacheBehavior [ RunTime:0.002115s ]
INFO: [ app_begin ] --END-- [ RunTime:0.003706s ]
SQL: DESCRIBE truck_user [ RunTime:0.008360s ]
SQL: SELECT * FROM `truck_user` WHERE `username` = '123456' AND `cate` = 2 LIMIT 1   [ RunTime:0.001032s ]

[ 2016-01-12T21:55:58+08:00 ] 127.0.0.1 /two/ThinkPHP/index.php/Home/User/seccode.php?update=36085&_t=1451805546
ERR: 非法操作:seccode.php

[ 2016-01-12T21:56:01+08:00 ] 127.0.0.1 /two/ThinkPHP/index.php/Home/User/valUserName.html
INFO: [ app_begin ] --START--
INFO: Run Behavior\ReadHtmlCacheBehavior [ RunTime:0.002043s ]
INFO: [ app_begin ] --END-- [ RunTime:0.003399s ]
SQL: DESCRIBE truck_user [ RunTime:0.008305s ]
SQL: SELECT * FROM `truck_user` WHERE `username` = '12345' AND `cate` = 2 LIMIT 1   [ RunTime:0.001114s ]

[ 2016-01-12T21:56:22+08:00 ] 127.0.0.1 /two/ThinkPHP/index.php/Home/User/seccode.php?update=36085&_t=1451805546
ERR: 非法操作:seccode.php

[ 2016-01-12T21:56:26+08:00 ] 127.0.0.1 /two/ThinkPHP/index.php/Home/User/valUserName.html
INFO: [ app_begin ] --START--
INFO: Run Behavior\ReadHtmlCacheBehavior [ RunTime:0.002080s ]
INFO: [ app_begin ] --END-- [ RunTime:0.003427s ]
SQL: DESCRIBE truck_user [ RunTime:0.008204s ]
SQL: SELECT * FROM `truck_user` WHERE `username` = '12345' AND `cate` = 2 LIMIT 1   [ RunTime:0.000965s ]

[ 2016-01-12T22:45:30+08:00 ] 127.0.0.1 /two/ThinkPHP/index.php/Home/User/seccode.php?update=36085&_t=1451805546
ERR: 非法操作:seccode.php

[ 2016-01-12T22:45:30+08:00 ] 127.0.0.1 /two/ThinkPHP/index.php/Home/User/requireCity.html
INFO: [ app_begin ] --START--
INFO: Run Behavior\ReadHtmlCacheBehavior [ RunTime:0.003571s ]
INFO: [ app_begin ] --END-- [ RunTime:0.005689s ]
SQL: DESCRIBE truck_area [ RunTime:0.024824s ]
SQL: SELECT * FROM `truck_area` WHERE ( upid=0 )  [ RunTime:0.064420s ]

[ 2016-01-12T22:45:38+08:00 ] 127.0.0.1 /two/ThinkPHP/index.php/Home/User/seccode.php?update=36085&_t=1451805546
ERR: 非法操作:seccode.php

[ 2016-01-12T22:45:39+08:00 ] 127.0.0.1 /two/ThinkPHP/index.php/Home/User/requireCity.html
INFO: [ app_begin ] --START--
INFO: Run Behavior\ReadHtmlCacheBehavior [ RunTime:0.002530s ]
INFO: [ app_begin ] --END-- [ RunTime:0.004569s ]
SQL: DESCRIBE truck_area [ RunTime:0.012472s ]
SQL: SELECT * FROM `truck_area` WHERE ( upid=0 )  [ RunTime:0.001377s ]

[ 2016-01-12T22:46:44+08:00 ] 127.0.0.1 /two/ThinkPHP/index.php/Home/User/seccode.php?update=36085&_t=1451805546
ERR: 非法操作:seccode.php

[ 2016-01-12T22:46:44+08:00 ] 127.0.0.1 /two/ThinkPHP/index.php/Home/User/requireCity.html
INFO: [ app_begin ] --START--
INFO: Run Behavior\ReadHtmlCacheBehavior [ RunTime:0.003494s ]
INFO: [ app_begin ] --END-- [ RunTime:0.005765s ]
SQL: DESCRIBE truck_area [ RunTime:0.008873s ]
SQL: SELECT * FROM `truck_area` WHERE ( upid=0 )  [ RunTime:0.000955s ]

[ 2016-01-12T22:49:15+08:00 ] 127.0.0.1 /two/ThinkPHP/index.php/Home/User/seccode.php?update=36085&_t=1451805546
ERR: 非法操作:seccode.php

[ 2016-01-12T22:49:15+08:00 ] 127.0.0.1 /two/ThinkPHP/index.php/Home/User/requireCity.html
INFO: [ app_begin ] --START--
INFO: Run Behavior\ReadHtmlCacheBehavior [ RunTime:0.001878s ]
INFO: [ app_begin ] --END-- [ RunTime:0.003256s ]
SQL: DESCRIBE truck_area [ RunTime:0.005540s ]
SQL: SELECT * FROM `truck_area` WHERE ( upid=0 )  [ RunTime:0.001080s ]

[ 2016-01-12T22:52:47+08:00 ] 127.0.0.1 /two/ThinkPHP/index.php/Home/User/seccode.php?update=36085&_t=1451805546
ERR: 非法操作:seccode.php

[ 2016-01-12T22:52:47+08:00 ] 127.0.0.1 /two/ThinkPHP/index.php/Home/User/requireCity.html?upid=0
INFO: [ app_begin ] --START--
INFO: Run Behavior\ReadHtmlCacheBehavior [ RunTime:0.001246s ]
INFO: [ app_begin ] --END-- [ RunTime:0.002240s ]
SQL: DESCRIBE truck_area [ RunTime:0.007376s ]
SQL: SELECT * FROM `truck_area` WHERE ( upid=0 )  [ RunTime:0.001016s ]

[ 2016-01-12T22:52:51+08:00 ] 127.0.0.1 /two/ThinkPHP/index.php/Home/User/requireCity.html?upid=1
INFO: [ app_begin ] --START--
INFO: Run Behavior\ReadHtmlCacheBehavior [ RunTime:0.002166s ]
INFO: [ app_begin ] --END-- [ RunTime:0.004589s ]
SQL: DESCRIBE truck_area [ RunTime:0.007369s ]
SQL: SELECT * FROM `truck_area` WHERE ( upid=0 )  [ RunTime:0.001195s ]

[ 2016-01-12T22:52:53+08:00 ] 127.0.0.1 /two/ThinkPHP/index.php/Home/User/requireCity.html?upid=2
INFO: [ app_begin ] --START--
INFO: Run Behavior\ReadHtmlCacheBehavior [ RunTime:0.002216s ]
INFO: [ app_begin ] --END-- [ RunTime:0.003571s ]
SQL: DESCRIBE truck_area [ RunTime:0.007680s ]
SQL: SELECT * FROM `truck_area` WHERE ( upid=0 )  [ RunTime:0.001204s ]

[ 2016-01-12T22:52:55+08:00 ] 127.0.0.1 /two/ThinkPHP/index.php/Home/User/requireCity.html?upid=1
INFO: [ app_begin ] --START--
INFO: Run Behavior\ReadHtmlCacheBehavior [ RunTime:0.002070s ]
INFO: [ app_begin ] --END-- [ RunTime:0.007466s ]
SQL: DESCRIBE truck_area [ RunTime:0.008403s ]
SQL: SELECT * FROM `truck_area` WHERE ( upid=0 )  [ RunTime:0.001741s ]

[ 2016-01-12T22:52:56+08:00 ] 127.0.0.1 /two/ThinkPHP/index.php/Home/User/requireCity.html?upid=1
INFO: [ app_begin ] --START--
INFO: Run Behavior\ReadHtmlCacheBehavior [ RunTime:0.002067s ]
INFO: [ app_begin ] --END-- [ RunTime:0.003450s ]
SQL: DESCRIBE truck_area [ RunTime:0.009133s ]
SQL: SELECT * FROM `truck_area` WHERE ( upid=0 )  [ RunTime:0.003874s ]

[ 2016-01-12T22:53:27+08:00 ] 127.0.0.1 /two/ThinkPHP/index.php/Home/User/seccode.php?update=36085&_t=1451805546
ERR: 非法操作:seccode.php

[ 2016-01-12T22:53:27+08:00 ] 127.0.0.1 /two/ThinkPHP/index.php/Home/User/requireCity.html?upid=0
INFO: [ app_begin ] --START--
INFO: Run Behavior\ReadHtmlCacheBehavior [ RunTime:0.002027s ]
INFO: [ app_begin ] --END-- [ RunTime:0.003372s ]
SQL: DESCRIBE truck_area [ RunTime:0.008589s ]
SQL: SELECT * FROM `truck_area` WHERE ( upid=0 )  [ RunTime:0.001342s ]

[ 2016-01-12T22:53:29+08:00 ] 127.0.0.1 /two/ThinkPHP/index.php/Home/User/requireCity.html?upid=1
INFO: [ app_begin ] --START--
INFO: Run Behavior\ReadHtmlCacheBehavior [ RunTime:0.003778s ]
INFO: [ app_begin ] --END-- [ RunTime:0.005373s ]
SQL: DESCRIBE truck_area [ RunTime:0.008099s ]
SQL: SELECT * FROM `truck_area` WHERE ( upid=0 )  [ RunTime:0.001366s ]

[ 2016-01-12T22:53:32+08:00 ] 127.0.0.1 /two/ThinkPHP/index.php/Home/User/requireCity.html?upid=1
INFO: [ app_begin ] --START--
INFO: Run Behavior\ReadHtmlCacheBehavior [ RunTime:0.002532s ]
INFO: [ app_begin ] --END-- [ RunTime:0.004093s ]
SQL: DESCRIBE truck_area [ RunTime:0.010065s ]
SQL: SELECT * FROM `truck_area` WHERE ( upid=0 )  [ RunTime:0.001234s ]

[ 2016-01-12T22:57:00+08:00 ] 127.0.0.1 /two/ThinkPHP/index.php/Home/User/seccode.php?update=36085&_t=1451805546
ERR: 非法操作:seccode.php

[ 2016-01-12T22:57:00+08:00 ] 127.0.0.1 /two/ThinkPHP/index.php/Home/User/requireCity.html?upid=0
INFO: [ app_begin ] --START--
INFO: Run Behavior\ReadHtmlCacheBehavior [ RunTime:0.001513s ]
INFO: [ app_begin ] --END-- [ RunTime:0.002627s ]
SQL: DESCRIBE truck_area [ RunTime:0.005781s ]
SQL: SELECT * FROM `truck_area` WHERE ( upid=0 )  [ RunTime:0.000973s ]

[ 2016-01-12T22:57:03+08:00 ] 127.0.0.1 /two/ThinkPHP/index.php/Home/User/requireCity.html?upid=1
INFO: [ app_begin ] --START--
INFO: Run Behavior\ReadHtmlCacheBehavior [ RunTime:0.001771s ]
INFO: [ app_begin ] --END-- [ RunTime:0.003173s ]
SQL: DESCRIBE truck_area [ RunTime:0.007371s ]
SQL: SELECT * FROM `truck_area` WHERE ( upid=0 )  [ RunTime:0.001349s ]

[ 2016-01-12T22:57:04+08:00 ] 127.0.0.1 /two/ThinkPHP/index.php/Home/User/requireCity.html?upid=8
INFO: [ app_begin ] --START--
INFO: Run Behavior\ReadHtmlCacheBehavior [ RunTime:0.002962s ]
INFO: [ app_begin ] --END-- [ RunTime:0.005078s ]
SQL: DESCRIBE truck_area [ RunTime:0.008189s ]
SQL: SELECT * FROM `truck_area` WHERE ( upid=0 )  [ RunTime:0.001438s ]

[ 2016-01-12T22:57:06+08:00 ] 127.0.0.1 /two/ThinkPHP/index.php/Home/User/requireCity.html?upid=4
INFO: [ app_begin ] --START--
INFO: Run Behavior\ReadHtmlCacheBehavior [ RunTime:0.001668s ]
INFO: [ app_begin ] --END-- [ RunTime:0.003020s ]
SQL: DESCRIBE truck_area [ RunTime:0.007870s ]
SQL: SELECT * FROM `truck_area` WHERE ( upid=0 )  [ RunTime:0.001281s ]

[ 2016-01-12T22:57:09+08:00 ] 127.0.0.1 /two/ThinkPHP/index.php/Home/User/requireCity.html?upid=3
INFO: [ app_begin ] --START--
INFO: Run Behavior\ReadHtmlCacheBehavior [ RunTime:0.003182s ]
INFO: [ app_begin ] --END-- [ RunTime:0.005050s ]
SQL: DESCRIBE truck_area [ RunTime:0.007865s ]
SQL: SELECT * FROM `truck_area` WHERE ( upid=0 )  [ RunTime:0.001293s ]

[ 2016-01-12T22:57:10+08:00 ] 127.0.0.1 /two/ThinkPHP/index.php/Home/User/requireCity.html?upid=3
INFO: [ app_begin ] --START--
INFO: Run Behavior\ReadHtmlCacheBehavior [ RunTime:0.002460s ]
INFO: [ app_begin ] --END-- [ RunTime:0.004972s ]
SQL: DESCRIBE truck_area [ RunTime:0.007550s ]
SQL: SELECT * FROM `truck_area` WHERE ( upid=0 )  [ RunTime:0.001702s ]

[ 2016-01-12T22:57:11+08:00 ] 127.0.0.1 /two/ThinkPHP/index.php/Home/User/requireCity.html?upid=5
INFO: [ app_begin ] --START--
INFO: Run Behavior\ReadHtmlCacheBehavior [ RunTime:0.002036s ]
INFO: [ app_begin ] --END-- [ RunTime:0.003744s ]
SQL: DESCRIBE truck_area [ RunTime:0.007412s ]
SQL: SELECT * FROM `truck_area` WHERE ( upid=0 )  [ RunTime:0.001280s ]

[ 2016-01-12T22:57:29+08:00 ] 127.0.0.1 /two/ThinkPHP/index.php/Home/User/requireCity.html?upid=1
INFO: [ app_begin ] --START--
INFO: Run Behavior\ReadHtmlCacheBehavior [ RunTime:0.001809s ]
INFO: [ app_begin ] --END-- [ RunTime:0.003162s ]
SQL: DESCRIBE truck_area [ RunTime:0.007098s ]
SQL: SELECT * FROM `truck_area` WHERE ( upid=0 )  [ RunTime:0.001179s ]

[ 2016-01-12T23:08:03+08:00 ] 127.0.0.1 /two/ThinkPHP/index.php/Home/User/seccode.php?update=36085&_t=1451805546
ERR: 非法操作:seccode.php

[ 2016-01-12T23:08:07+08:00 ] 127.0.0.1 /two/ThinkPHP/index.php/Home/User/seccode.php?update=36085&_t=1451805546
ERR: 非法操作:seccode.php

[ 2016-01-12T23:09:09+08:00 ] 127.0.0.1 /two/ThinkPHP/index.php/Home/User/seccode.php?update=36085&_t=1451805546
ERR: 非法操作:seccode.php

[ 2016-01-12T23:09:36+08:00 ] 127.0.0.1 /two/ThinkPHP/index.php/Home/User/seccode.php?update=36085&_t=1451805546
ERR: 非法操作:seccode.php

[ 2016-01-12T23:13:25+08:00 ] 127.0.0.1 /two/ThinkPHP/index.php/Home/User/seccode.php?update=36085&_t=1451805546
ERR: 非法操作:seccode.php

[ 2016-01-12T23:17:52+08:00 ] 127.0.0.1 /two/ThinkPHP/index.php/Home/User/seccode.php?update=36085&_t=1451805546
ERR: 非法操作:seccode.php

[ 2016-01-12T23:18:46+08:00 ] 127.0.0.1 /two/ThinkPHP/index.php/Home/User/seccode.php?update=36085&_t=1451805546
ERR: 非法操作:seccode.php

[ 2016-01-12T23:19:25+08:00 ] 127.0.0.1 /two/ThinkPHP/index.php/Home/User/seccode.php?update=36085&_t=1451805546
ERR: 非法操作:seccode.php

[ 2016-01-12T23:19:25+08:00 ] 127.0.0.1 /two/ThinkPHP/index.php/Home/User/requireCity.html
INFO: [ app_begin ] --START--
INFO: Run Behavior\ReadHtmlCacheBehavior [ RunTime:0.002238s ]
INFO: [ app_begin ] --END-- [ RunTime:0.003781s ]
SQL: DESCRIBE truck_area [ RunTime:0.006444s ]
SQL: SELECT * FROM `truck_area` WHERE ( upid=0 )  [ RunTime:0.001111s ]
INFO: [ app_end ] --START--
INFO: Run Behavior\ShowPageTraceBehavior [ RunTime:0.001520s ]
INFO: [ app_end ] --END-- [ RunTime:0.001729s ]

[ 2016-01-12T23:20:25+08:00 ] 127.0.0.1 /two/ThinkPHP/index.php/Home/User/requireCity.html
INFO: [ app_begin ] --START--
INFO: Run Behavior\ReadHtmlCacheBehavior [ RunTime:0.002166s ]
INFO: [ app_begin ] --END-- [ RunTime:0.003981s ]
SQL: DESCRIBE truck_area [ RunTime:0.008596s ]
SQL: SELECT * FROM `truck_area` WHERE ( upid=0 )  [ RunTime:0.001036s ]
INFO: [ app_end ] --START--
INFO: Run Behavior\ShowPageTraceBehavior [ RunTime:0.001487s ]
INFO: [ app_end ] --END-- [ RunTime:0.001706s ]

[ 2016-01-12T23:21:50+08:00 ] 127.0.0.1 /two/ThinkPHP/index.php/Home/User/requireCity.html
INFO: [ app_begin ] --START--
INFO: Run Behavior\ReadHtmlCacheBehavior [ RunTime:0.002902s ]
INFO: [ app_begin ] --END-- [ RunTime:0.004930s ]
SQL: DESCRIBE truck_area [ RunTime:0.005943s ]
SQL: SELECT * FROM `truck_area` WHERE ( upid=0 )  [ RunTime:0.001910s ]
INFO: [ app_end ] --START--
INFO: Run Behavior\ShowPageTraceBehavior [ RunTime:0.002089s ]
INFO: [ app_end ] --END-- [ RunTime:0.002331s ]

[ 2016-01-12T23:22:09+08:00 ] 127.0.0.1 /two/ThinkPHP/index.php/Home/User/requireCity.html
INFO: [ app_begin ] --START--
INFO: Run Behavior\ReadHtmlCacheBehavior [ RunTime:0.001639s ]
INFO: [ app_begin ] --END-- [ RunTime:0.002783s ]
SQL: DESCRIBE truck_area [ RunTime:0.011662s ]
SQL: SELECT * FROM `truck_area` WHERE ( upid=0 )  [ RunTime:0.000984s ]

[ 2016-01-12T23:23:29+08:00 ] 127.0.0.1 /two/ThinkPHP/index.php/Home/User/requireCity.html
INFO: [ app_begin ] --START--
INFO: Run Behavior\ReadHtmlCacheBehavior [ RunTime:0.001884s ]
INFO: [ app_begin ] --END-- [ RunTime:0.003225s ]
SQL: DESCRIBE truck_area [ RunTime:0.009178s ]
SQL: SELECT * FROM `truck_area` WHERE ( upid=0 )  [ RunTime:0.001623s ]

[ 2016-01-12T23:24:37+08:00 ] 127.0.0.1 /two/ThinkPHP/index.php/Home/User/requireCity.html
INFO: [ app_begin ] --START--
INFO: Run Behavior\ReadHtmlCacheBehavior [ RunTime:0.009295s ]
INFO: [ app_begin ] --END-- [ RunTime:0.014970s ]
SQL: DESCRIBE truck_area [ RunTime:0.008951s ]
SQL: SELECT * FROM `truck_area` WHERE ( upid=0 )  [ RunTime:0.001252s ]

[ 2016-01-12T23:27:21+08:00 ] 127.0.0.1 /two/ThinkPHP/index.php/Home/User/requireCity.html
INFO: [ app_begin ] --START--
INFO: Run Behavior\ReadHtmlCacheBehavior [ RunTime:0.002268s ]
INFO: [ app_begin ] --END-- [ RunTime:0.004059s ]
SQL: DESCRIBE truck_area [ RunTime:0.007312s ]
SQL: SELECT * FROM `truck_area` WHERE ( upid=0 )  [ RunTime:0.001456s ]

[ 2016-01-12T23:27:32+08:00 ] 127.0.0.1 /two/ThinkPHP/index.php/Home/User/requireCity.html
INFO: [ app_begin ] --START--
INFO: Run Behavior\ReadHtmlCacheBehavior [ RunTime:0.003893s ]
INFO: [ app_begin ] --END-- [ RunTime:0.006264s ]
SQL: DESCRIBE truck_area [ RunTime:0.008253s ]
SQL: SELECT * FROM `truck_area` WHERE ( upid=0 )  [ RunTime:0.001531s ]

[ 2016-01-12T23:29:13+08:00 ] 127.0.0.1 /two/ThinkPHP/index.php/Home/User/requireCity.html?upid=0
INFO: [ app_begin ] --START--
INFO: Run Behavior\ReadHtmlCacheBehavior [ RunTime:0.002833s ]
INFO: [ app_begin ] --END-- [ RunTime:0.004654s ]
SQL: DESCRIBE truck_area [ RunTime:0.009436s ]
SQL: SELECT * FROM `truck_area` WHERE ( upid=0 )  [ RunTime:0.001229s ]

[ 2016-01-12T23:29:15+08:00 ] 127.0.0.1 /two/ThinkPHP/index.php/Home/User/requireCity.html?upid=1
INFO: [ app_begin ] --START--
INFO: Run Behavior\ReadHtmlCacheBehavior [ RunTime:0.001718s ]
INFO: [ app_begin ] --END-- [ RunTime:0.003023s ]
SQL: DESCRIBE truck_area [ RunTime:0.007962s ]
SQL: SELECT * FROM `truck_area` WHERE ( upid=1 )  [ RunTime:0.001042s ]

[ 2016-01-12T23:29:18+08:00 ] 127.0.0.1 /two/ThinkPHP/index.php/Home/User/requireCity.html?upid=37
INFO: [ app_begin ] --START--
INFO: Run Behavior\ReadHtmlCacheBehavior [ RunTime:0.001813s ]
INFO: [ app_begin ] --END-- [ RunTime:0.003348s ]
SQL: DESCRIBE truck_area [ RunTime:0.007774s ]
SQL: SELECT * FROM `truck_area` WHERE ( upid=37 )  [ RunTime:0.001145s ]

[ 2016-01-12T23:29:19+08:00 ] 127.0.0.1 /two/ThinkPHP/index.php/Home/User/requireCity.html?upid=567
INFO: [ app_begin ] --START--
INFO: Run Behavior\ReadHtmlCacheBehavior [ RunTime:0.003351s ]
INFO: [ app_begin ] --END-- [ RunTime:0.005563s ]
SQL: DESCRIBE truck_area [ RunTime:0.008064s ]
SQL: SELECT * FROM `truck_area` WHERE ( upid=567 )  [ RunTime:0.001636s ]

[ 2016-01-12T23:29:23+08:00 ] 127.0.0.1 /two/ThinkPHP/index.php/Home/User/requireCity.html?upid=17
INFO: [ app_begin ] --START--
INFO: Run Behavior\ReadHtmlCacheBehavior [ RunTime:0.002823s ]
INFO: [ app_begin ] --END-- [ RunTime:0.006388s ]
SQL: DESCRIBE truck_area [ RunTime:0.008142s ]
SQL: SELECT * FROM `truck_area` WHERE ( upid=17 )  [ RunTime:0.001132s ]

[ 2016-01-12T23:29:25+08:00 ] 127.0.0.1 /two/ThinkPHP/index.php/Home/User/requireCity.html?upid=269
INFO: [ app_begin ] --START--
INFO: Run Behavior\ReadHtmlCacheBehavior [ RunTime:0.001727s ]
INFO: [ app_begin ] --END-- [ RunTime:0.003405s ]
SQL: DESCRIBE truck_area [ RunTime:0.009419s ]
SQL: SELECT * FROM `truck_area` WHERE ( upid=269 )  [ RunTime:0.000799s ]

[ 2016-01-12T23:29:27+08:00 ] 127.0.0.1 /two/ThinkPHP/index.php/Home/User/requireCity.html?upid=2901
INFO: [ app_begin ] --START--
INFO: Run Behavior\ReadHtmlCacheBehavior [ RunTime:0.002128s ]
INFO: [ app_begin ] --END-- [ RunTime:0.004165s ]
SQL: DESCRIBE truck_area [ RunTime:0.008227s ]
SQL: SELECT * FROM `truck_area` WHERE ( upid=2901 )  [ RunTime:0.037187s ]

[ 2016-01-12T23:29:53+08:00 ] 127.0.0.1 /two/ThinkPHP/index.php/Home/User/requireCity.html
INFO: [ app_begin ] --START--
INFO: Run Behavior\ReadHtmlCacheBehavior [ RunTime:0.001248s ]
INFO: [ app_begin ] --END-- [ RunTime:0.002246s ]
SQL: DESCRIBE truck_area [ RunTime:0.006896s ]
SQL: SELECT * FROM `truck_area` WHERE ( upid=0 )  [ RunTime:0.000997s ]

[ 2016-01-12T23:29:55+08:00 ] 127.0.0.1 /two/ThinkPHP/index.php/Home/User/requireCity.html
INFO: [ app_begin ] --START--
INFO: Run Behavior\ReadHtmlCacheBehavior [ RunTime:0.002663s ]
INFO: [ app_begin ] --END-- [ RunTime:0.005062s ]
SQL: DESCRIBE truck_area [ RunTime:0.011718s ]
SQL: SELECT * FROM `truck_area` WHERE ( upid=1 )  [ RunTime:0.001707s ]

[ 2016-01-12T23:29:56+08:00 ] 127.0.0.1 /two/ThinkPHP/index.php/Home/User/requireCity.html
INFO: [ app_begin ] --START--
INFO: Run Behavior\ReadHtmlCacheBehavior [ RunTime:0.001933s ]
INFO: [ app_begin ] --END-- [ RunTime:0.003329s ]
SQL: DESCRIBE truck_area [ RunTime:0.007583s ]
SQL: SELECT * FROM `truck_area` WHERE ( upid=37 )  [ RunTime:0.000974s ]

[ 2016-01-12T23:29:57+08:00 ] 127.0.0.1 /two/ThinkPHP/index.php/Home/User/requireCity.html
INFO: [ app_begin ] --START--
INFO: Run Behavior\ReadHtmlCacheBehavior [ RunTime:0.001953s ]
INFO: [ app_begin ] --END-- [ RunTime:0.003341s ]
SQL: DESCRIBE truck_area [ RunTime:0.007995s ]
SQL: SELECT * FROM `truck_area` WHERE ( upid=567 )  [ RunTime:0.001279s ]

[ 2016-01-12T23:33:04+08:00 ] 127.0.0.1 /two/ThinkPHP/index.php/Home/Index/code.html
ERR: 非法操作:code

[ 2016-01-12T23:33:04+08:00 ] 127.0.0.1 /two/ThinkPHP/index.php/Home/User/requireCity.html
INFO: [ app_begin ] --START--
INFO: Run Behavior\ReadHtmlCacheBehavior [ RunTime:0.002569s ]
INFO: [ app_begin ] --END-- [ RunTime:0.004840s ]
SQL: DESCRIBE truck_area [ RunTime:0.005942s ]
SQL: SELECT * FROM `truck_area` WHERE ( upid=0 )  [ RunTime:0.000984s ]

[ 2016-01-12T23:33:07+08:00 ] 127.0.0.1 /two/ThinkPHP/index.php/Home/Index/code.html
ERR: 非法操作:code

[ 2016-01-12T23:33:07+08:00 ] 127.0.0.1 /two/ThinkPHP/index.php/Home/User/requireCity.html
INFO: [ app_begin ] --START--
INFO: Run Behavior\ReadHtmlCacheBehavior [ RunTime:0.002091s ]
INFO: [ app_begin ] --END-- [ RunTime:0.003699s ]
SQL: DESCRIBE truck_area [ RunTime:0.009827s ]
SQL: SELECT * FROM `truck_area` WHERE ( upid=0 )  [ RunTime:0.001298s ]

[ 2016-01-12T23:34:04+08:00 ] 127.0.0.1 /two/ThinkPHP/index.php/Home/User/requireCity.html
INFO: [ app_begin ] --START--
INFO: Run Behavior\ReadHtmlCacheBehavior [ RunTime:0.002670s ]
INFO: [ app_begin ] --END-- [ RunTime:0.005532s ]
SQL: DESCRIBE truck_area [ RunTime:0.010211s ]
SQL: SELECT * FROM `truck_area` WHERE ( upid=0 )  [ RunTime:0.001269s ]

[ 2016-01-12T23:34:20+08:00 ] 127.0.0.1 /two/ThinkPHP/index.php/Home/User/requireCity.html
INFO: [ app_begin ] --START--
INFO: Run Behavior\ReadHtmlCacheBehavior [ RunTime:0.002175s ]
INFO: [ app_begin ] --END-- [ RunTime:0.003839s ]
SQL: DESCRIBE truck_area [ RunTime:0.009613s ]
SQL: SELECT * FROM `truck_area` WHERE ( upid=0 )  [ RunTime:0.001985s ]

[ 2016-01-12T23:40:21+08:00 ] 127.0.0.1 /two/ThinkPHP/index.php/Home/User/requireCity.html
INFO: [ app_begin ] --START--
INFO: Run Behavior\ReadHtmlCacheBehavior [ RunTime:0.011905s ]
INFO: [ app_begin ] --END-- [ RunTime:0.026738s ]
SQL: DESCRIBE truck_area [ RunTime:0.009160s ]
SQL: SELECT * FROM `truck_area` WHERE ( upid=0 )  [ RunTime:0.001356s ]

[ 2016-01-12T23:40:26+08:00 ] 127.0.0.1 /two/ThinkPHP/index.php/Home/User/valUserName.html
INFO: [ app_begin ] --START--
INFO: Run Behavior\ReadHtmlCacheBehavior [ RunTime:0.003261s ]
INFO: [ app_begin ] --END-- [ RunTime:0.005963s ]
SQL: DESCRIBE truck_user [ RunTime:0.011030s ]
SQL: SELECT * FROM `truck_user` WHERE `username` = '12345' AND `cate` = 2 LIMIT 1   [ RunTime:0.001320s ]

[ 2016-01-12T23:40:36+08:00 ] 127.0.0.1 /two/ThinkPHP/index.php/Home/User/requireCity.html
INFO: [ app_begin ] --START--
INFO: Run Behavior\ReadHtmlCacheBehavior [ RunTime:0.002372s ]
INFO: [ app_begin ] --END-- [ RunTime:0.004210s ]
SQL: DESCRIBE truck_area [ RunTime:0.007891s ]
SQL: SELECT * FROM `truck_area` WHERE ( upid=18 )  [ RunTime:0.001323s ]

[ 2016-01-12T23:40:38+08:00 ] 127.0.0.1 /two/ThinkPHP/index.php/Home/User/requireCity.html
INFO: [ app_begin ] --START--
INFO: Run Behavior\ReadHtmlCacheBehavior [ RunTime:0.003686s ]
INFO: [ app_begin ] --END-- [ RunTime:0.005061s ]
SQL: DESCRIBE truck_area [ RunTime:0.007883s ]
SQL: SELECT * FROM `truck_area` WHERE ( upid=288 )  [ RunTime:0.001595s ]

[ 2016-01-12T23:40:39+08:00 ] 127.0.0.1 /two/ThinkPHP/index.php/Home/User/requireCity.html
INFO: [ app_begin ] --START--
INFO: Run Behavior\ReadHtmlCacheBehavior [ RunTime:0.002744s ]
INFO: [ app_begin ] --END-- [ RunTime:0.004364s ]
SQL: DESCRIBE truck_area [ RunTime:0.010163s ]
SQL: SELECT * FROM `truck_area` WHERE ( upid=3028 )  [ RunTime:0.025532s ]

[ 2016-01-12T23:41:42+08:00 ] 127.0.0.1 /two/ThinkPHP/index.php/Home/User/requireCity.html
INFO: [ app_begin ] --START--
INFO: Run Behavior\ReadHtmlCacheBehavior [ RunTime:0.004951s ]
INFO: [ app_begin ] --END-- [ RunTime:0.008778s ]
SQL: DESCRIBE truck_area [ RunTime:0.008389s ]
SQL: SELECT * FROM `truck_area` WHERE ( upid=0 )  [ RunTime:0.001284s ]

[ 2016-01-12T23:41:44+08:00 ] 127.0.0.1 /two/ThinkPHP/index.php/Home/User/valUserName.html
INFO: [ app_begin ] --START--
INFO: Run Behavior\ReadHtmlCacheBehavior [ RunTime:0.002548s ]
INFO: [ app_begin ] --END-- [ RunTime:0.005324s ]
SQL: DESCRIBE truck_user [ RunTime:0.011460s ]
SQL: SELECT * FROM `truck_user` WHERE `username` = '111' AND `cate` = 2 LIMIT 1   [ RunTime:0.001285s ]

[ 2016-01-12T23:45:03+08:00 ] 127.0.0.1 /two/ThinkPHP/index.php/Home/User/requireCity.html
INFO: [ app_begin ] --START--
INFO: Run Behavior\ReadHtmlCacheBehavior [ RunTime:0.001467s ]
INFO: [ app_begin ] --END-- [ RunTime:0.002605s ]
SQL: DESCRIBE truck_area [ RunTime:0.007042s ]
SQL: SELECT * FROM `truck_area` WHERE ( upid=0 )  [ RunTime:0.000955s ]

[ 2016-01-12T23:45:07+08:00 ] 127.0.0.1 /two/ThinkPHP/index.php/Home/User/valUserName.html
INFO: [ app_begin ] --START--
INFO: Run Behavior\ReadHtmlCacheBehavior [ RunTime:0.001797s ]
INFO: [ app_begin ] --END-- [ RunTime:0.003841s ]
SQL: DESCRIBE truck_user [ RunTime:0.008854s ]
SQL: SELECT * FROM `truck_user` WHERE `username` = '11111' AND `cate` = 2 LIMIT 1   [ RunTime:0.001081s ]

[ 2016-01-12T23:46:28+08:00 ] 127.0.0.1 /two/ThinkPHP/index.php/Home/User/requireCity.html
INFO: [ app_begin ] --START--
INFO: Run Behavior\ReadHtmlCacheBehavior [ RunTime:0.001802s ]
INFO: [ app_begin ] --END-- [ RunTime:0.003298s ]
SQL: DESCRIBE truck_area [ RunTime:0.011318s ]
SQL: SELECT * FROM `truck_area` WHERE ( upid=0 )  [ RunTime:0.001484s ]

[ 2016-01-12T23:46:32+08:00 ] 127.0.0.1 /two/ThinkPHP/index.php/Home/User/valUserName.html
INFO: [ app_begin ] --START--
INFO: Run Behavior\ReadHtmlCacheBehavior [ RunTime:0.001787s ]
INFO: [ app_begin ] --END-- [ RunTime:0.003984s ]
SQL: DESCRIBE truck_user [ RunTime:0.008095s ]
SQL: SELECT * FROM `truck_user` WHERE `username` = '11111' AND `cate` = 2 LIMIT 1   [ RunTime:0.001078s ]

[ 2016-01-12T23:46:35+08:00 ] 127.0.0.1 /two/ThinkPHP/index.php/Home/User/requireCity.html
INFO: [ app_begin ] --START--
INFO: Run Behavior\ReadHtmlCacheBehavior [ RunTime:0.002179s ]
INFO: [ app_begin ] --END-- [ RunTime:0.004081s ]
SQL: DESCRIBE truck_area [ RunTime:0.008799s ]
SQL: SELECT * FROM `truck_area` WHERE ( upid=19 )  [ RunTime:0.001485s ]

[ 2016-01-12T23:47:27+08:00 ] 127.0.0.1 /two/ThinkPHP/index.php/Home/User/requireCity.html
INFO: [ app_begin ] --START--
INFO: Run Behavior\ReadHtmlCacheBehavior [ RunTime:0.002571s ]
INFO: [ app_begin ] --END-- [ RunTime:0.004659s ]
SQL: DESCRIBE truck_area [ RunTime:0.011635s ]
SQL: SELECT * FROM `truck_area` WHERE ( upid=0 )  [ RunTime:0.002898s ]

[ 2016-01-12T23:47:35+08:00 ] 127.0.0.1 /two/ThinkPHP/index.php/Home/User/valUserName.html
INFO: [ app_begin ] --START--
INFO: Run Behavior\ReadHtmlCacheBehavior [ RunTime:0.002820s ]
INFO: [ app_begin ] --END-- [ RunTime:0.004193s ]
SQL: DESCRIBE truck_user [ RunTime:0.011913s ]
SQL: SELECT * FROM `truck_user` WHERE `username` = '1111' AND `cate` = 2 LIMIT 1   [ RunTime:0.001065s ]

[ 2016-01-12T23:48:45+08:00 ] 127.0.0.1 /two/ThinkPHP/index.php/Home/User/requireCity.html
INFO: [ app_begin ] --START--
INFO: Run Behavior\ReadHtmlCacheBehavior [ RunTime:0.002221s ]
INFO: [ app_begin ] --END-- [ RunTime:0.004005s ]
SQL: DESCRIBE truck_area [ RunTime:0.009336s ]
SQL: SELECT * FROM `truck_area` WHERE ( upid=0 )  [ RunTime:0.002539s ]

[ 2016-01-12T23:48:48+08:00 ] 127.0.0.1 /two/ThinkPHP/index.php/Home/User/valUserName.html
INFO: [ app_begin ] --START--
INFO: Run Behavior\ReadHtmlCacheBehavior [ RunTime:0.003191s ]
INFO: [ app_begin ] --END-- [ RunTime:0.004766s ]
SQL: DESCRIBE truck_user [ RunTime:0.008299s ]
SQL: SELECT * FROM `truck_user` WHERE `username` = '11111' AND `cate` = 2 LIMIT 1   [ RunTime:0.001115s ]

[ 2016-01-12T23:48:51+08:00 ] 127.0.0.1 /two/ThinkPHP/index.php/Home/User/requireCity.html
INFO: [ app_begin ] --START--
INFO: Run Behavior\ReadHtmlCacheBehavior [ RunTime:0.001714s ]
INFO: [ app_begin ] --END-- [ RunTime:0.003497s ]
SQL: DESCRIBE truck_area [ RunTime:0.007825s ]
SQL: SELECT * FROM `truck_area` WHERE ( upid=19 )  [ RunTime:0.001155s ]

[ 2016-01-12T23:49:13+08:00 ] 127.0.0.1 /two/ThinkPHP/index.php/Home/User/requireCity.html
INFO: [ app_begin ] --START--
INFO: Run Behavior\ReadHtmlCacheBehavior [ RunTime:0.001970s ]
INFO: [ app_begin ] --END-- [ RunTime:0.003139s ]
SQL: DESCRIBE truck_area [ RunTime:0.007186s ]
SQL: SELECT * FROM `truck_area` WHERE ( upid=0 )  [ RunTime:0.001146s ]

[ 2016-01-12T23:49:16+08:00 ] 127.0.0.1 /two/ThinkPHP/index.php/Home/User/valUserName.html
INFO: [ app_begin ] --START--
INFO: Run Behavior\ReadHtmlCacheBehavior [ RunTime:0.001934s ]
INFO: [ app_begin ] --END-- [ RunTime:0.004059s ]
SQL: DESCRIBE truck_user [ RunTime:0.008448s ]
SQL: SELECT * FROM `truck_user` WHERE `username` = 'www' AND `cate` = 2 LIMIT 1   [ RunTime:0.000996s ]

[ 2016-01-12T23:50:23+08:00 ] 127.0.0.1 /two/ThinkPHP/index.php/Home/User/requireCity.html
INFO: [ app_begin ] --START--
INFO: Run Behavior\ReadHtmlCacheBehavior [ RunTime:0.002145s ]
INFO: [ app_begin ] --END-- [ RunTime:0.004413s ]
SQL: DESCRIBE truck_area [ RunTime:0.010193s ]
SQL: SELECT * FROM `truck_area` WHERE ( upid=0 )  [ RunTime:0.001292s ]

[ 2016-01-12T23:50:28+08:00 ] 127.0.0.1 /two/ThinkPHP/index.php/Home/User/requireCity.html
INFO: [ app_begin ] --START--
INFO: Run Behavior\ReadHtmlCacheBehavior [ RunTime:0.001620s ]
INFO: [ app_begin ] --END-- [ RunTime:0.002858s ]
SQL: DESCRIBE truck_area [ RunTime:0.007386s ]
SQL: SELECT * FROM `truck_area` WHERE ( upid=0 )  [ RunTime:0.000957s ]

[ 2016-01-12T23:50:31+08:00 ] 127.0.0.1 /two/ThinkPHP/index.php/Home/User/requireCity.html
INFO: [ app_begin ] --START--
INFO: Run Behavior\ReadHtmlCacheBehavior [ RunTime:0.001687s ]
INFO: [ app_begin ] --END-- [ RunTime:0.003205s ]
SQL: DESCRIBE truck_area [ RunTime:0.007421s ]
SQL: SELECT * FROM `truck_area` WHERE ( upid=0 )  [ RunTime:0.001084s ]

[ 2016-01-12T23:50:39+08:00 ] 127.0.0.1 /two/ThinkPHP/index.php/Home/User/requireCity.html
INFO: [ app_begin ] --START--
INFO: Run Behavior\ReadHtmlCacheBehavior [ RunTime:0.001719s ]
INFO: [ app_begin ] --END-- [ RunTime:0.003212s ]
SQL: DESCRIBE truck_area [ RunTime:0.009560s ]
SQL: SELECT * FROM `truck_area` WHERE ( upid=0 )  [ RunTime:0.001729s ]

