[ 2017-06-12T11:06:12+08:00 ] ::1 /TruckHome/truckhome/index.php
ERR: SQLSTATE[HY000] [1049] Unknown database 'truckhome'

[ 2017-06-12T11:13:18+08:00 ] ::1 /TruckHome/truckhome/index.php
ERR: SQLSTATE[HY000] [1049] Unknown database 'truckhome'

[ 2017-06-12T11:13:19+08:00 ] ::1 /TruckHome/truckhome/index.php
ERR: SQLSTATE[HY000] [1049] Unknown database 'truckhome'

[ 2017-06-12T11:53:03+08:00 ] ::1 /TruckHome/truckhome/index.php/Home/User/requireCity.html
INFO: [ app_begin ] --START--
INFO: Run Behavior\ReadHtmlCacheBehavior [ RunTime:0.001000s ]
INFO: [ app_begin ] --END-- [ RunTime:0.002000s ]
SQL: DESCRIBE truck_area [ RunTime:0.008001s ]
SQL: SELECT * FROM `truck_area` WHERE ( upid=0 )  [ RunTime:0.070004s ]

[ 2017-06-12T14:07:12+08:00 ] ::1 /TruckHome/truckhome/index.php/Home/Saddress/sessid.html
INFO: [ app_begin ] --START--
INFO: Run Behavior\ReadHtmlCacheBehavior [ RunTime:0.001000s ]
INFO: [ app_begin ] --END-- [ RunTime:0.003000s ]
SQL: DESCRIBE truck_scart [ RunTime:0.006001s ]
SQL: SELECT * FROM `truck_scart` INNER JOIN truck_sproduct ON truck_scart.pid = truck_sproduct.id  WHERE truck_scart.uid = '6' AND truck_scart.pid IN ('55')  [ RunTime:0.001000s ]
INFO: [ app_end ] --START--
INFO: Run Behavior\ShowPageTraceBehavior [ RunTime:0.002000s ]
INFO: [ app_end ] --END-- [ RunTime:0.002000s ]

[ 2017-06-12T14:07:13+08:00 ] ::1 /TruckHome/truckhome/index.php/Home/Saddress/area.html?upid=0
INFO: [ app_begin ] --START--
INFO: Run Behavior\ReadHtmlCacheBehavior [ RunTime:0.002000s ]
INFO: [ app_begin ] --END-- [ RunTime:0.003000s ]
SQL: DESCRIBE truck_sarea [ RunTime:0.011000s ]
SQL: SELECT * FROM `truck_sarea` WHERE ( upid=0 )  [ RunTime:0.002001s ]

[ 2017-06-12T14:07:26+08:00 ] ::1 /TruckHome/truckhome/index.php/Home/Saddress/area.html?upid=0
INFO: [ app_begin ] --START--
INFO: Run Behavior\ReadHtmlCacheBehavior [ RunTime:0.002001s ]
INFO: [ app_begin ] --END-- [ RunTime:0.004001s ]
SQL: DESCRIBE truck_sarea [ RunTime:0.010001s ]
SQL: SELECT * FROM `truck_sarea` WHERE ( upid=0 )  [ RunTime:0.001000s ]

