[ 2016-01-26T10:44:17+08:00 ] 127.0.0.1 /two/ThinkPHP/index.php/Admin/Xchaprice/betchDel.html
INFO: [ app_begin ] --START--
INFO: Run Behavior\ReadHtmlCacheBehavior [ RunTime:0.002264s ]
INFO: [ app_begin ] --END-- [ RunTime:0.003757s ]
SQL: DESCRIBE truck_xchaprice [ RunTime:0.008899s ]
SQL: DELETE FROM `truck_xchaprice` WHERE `id` IN ('20','21') [ RunTime:0.073998s ]
INFO: [ app_end ] --START--
INFO: Run Behavior\ShowPageTraceBehavior [ RunTime:0.002230s ]
INFO: [ app_end ] --END-- [ RunTime:0.002627s ]

[ 2016-01-26T19:40:52+08:00 ] 127.0.0.1 /twoall/ThinkPHP/index.php/Admin/Lpost/restore.html
INFO: [ app_begin ] --START--
INFO: Run Behavior\ReadHtmlCacheBehavior [ RunTime:0.000857s ]
INFO: [ app_begin ] --END-- [ RunTime:0.001432s ]
SQL: DESCRIBE truck_lpost [ RunTime:0.004031s ]
SQL: UPDATE `truck_lpost` SET `status`=1 WHERE `id` IN ('') [ RunTime:0.000396s ]

[ 2016-01-26T19:40:55+08:00 ] 127.0.0.1 /twoall/ThinkPHP/index.php/Admin/Lpost/restore.html
INFO: [ app_begin ] --START--
INFO: Run Behavior\ReadHtmlCacheBehavior [ RunTime:0.002154s ]
INFO: [ app_begin ] --END-- [ RunTime:0.003884s ]
SQL: DESCRIBE truck_lpost [ RunTime:0.009905s ]
SQL: UPDATE `truck_lpost` SET `status`=1 WHERE `id` IN ('') [ RunTime:0.000828s ]

[ 2016-01-26T19:41:06+08:00 ] 127.0.0.1 /twoall/ThinkPHP/index.php/Admin/Lpost/restore.html
INFO: [ app_begin ] --START--
INFO: Run Behavior\ReadHtmlCacheBehavior [ RunTime:0.001443s ]
INFO: [ app_begin ] --END-- [ RunTime:0.002366s ]
SQL: DESCRIBE truck_lpost [ RunTime:0.006382s ]
SQL: UPDATE `truck_lpost` SET `status`=1 WHERE `id` IN ('50') [ RunTime:0.408430s ]

[ 2016-01-26T20:45:48+08:00 ] 127.0.0.1 /twoall/ThinkPHP/index.php/Admin/User/requireCity.html
INFO: [ app_begin ] --START--
INFO: Run Behavior\ReadHtmlCacheBehavior [ RunTime:0.000629s ]
INFO: [ app_begin ] --END-- [ RunTime:0.001058s ]
SQL: DESCRIBE truck_area [ RunTime:0.002821s ]
SQL: SELECT * FROM `truck_area` WHERE ( upid=--请选择市-- )  [ RunTime:0.000271s ]
ERR: 1064:You have an error in your SQL syntax; check the manual that corresponds to your MySQL server version for the right syntax to use near '' at line 1
 [ SQL语句 ] : SELECT * FROM `truck_area` WHERE ( upid=--请选择市-- ) 

[ 2016-01-26T20:45:56+08:00 ] 127.0.0.1 /twoall/ThinkPHP/index.php/Admin/User/requireCity.html
INFO: [ app_begin ] --START--
INFO: Run Behavior\ReadHtmlCacheBehavior [ RunTime:0.000649s ]
INFO: [ app_begin ] --END-- [ RunTime:0.001063s ]
SQL: DESCRIBE truck_area [ RunTime:0.002837s ]
SQL: SELECT * FROM `truck_area` WHERE ( upid=--请选择市-- )  [ RunTime:0.000375s ]
ERR: 1064:You have an error in your SQL syntax; check the manual that corresponds to your MySQL server version for the right syntax to use near '' at line 1
 [ SQL语句 ] : SELECT * FROM `truck_area` WHERE ( upid=--请选择市-- ) 

