[ 2016-01-29T11:55:59+08:00 ] 127.0.0.1 /threeall/ThinkPHP/index.php/Admin/Lpost/restore.html
INFO: [ app_begin ] --START--
INFO: Run Behavior\ReadHtmlCacheBehavior [ RunTime:0.002230s ]
INFO: [ app_begin ] --END-- [ RunTime:0.003638s ]
SQL: DESCRIBE truck_lpost [ RunTime:0.008142s ]
SQL: UPDATE `truck_lpost` SET `status`=1 WHERE `id` IN ('36') [ RunTime:0.072216s ]

[ 2016-01-29T12:02:04+08:00 ] 127.0.0.1 /threeall/ThinkPHP/index.php/Admin/User/requireCity.html
INFO: [ app_begin ] --START--
INFO: Run Behavior\ReadHtmlCacheBehavior [ RunTime:0.002280s ]
INFO: [ app_begin ] --END-- [ RunTime:0.004753s ]
SQL: DESCRIBE truck_area [ RunTime:0.008728s ]
SQL: SELECT * FROM `truck_area` WHERE ( upid=--请选择省-- )  [ RunTime:0.051569s ]
ERR: 1064:You have an error in your SQL syntax; check the manual that corresponds to your MySQL server version for the right syntax to use near '' at line 1
 [ SQL语句 ] : SELECT * FROM `truck_area` WHERE ( upid=--请选择省-- ) 

[ 2016-01-29T12:03:16+08:00 ] 127.0.0.1 /threeall/ThinkPHP/index.php/Admin/User/requireCity.html
INFO: [ app_begin ] --START--
INFO: Run Behavior\ReadHtmlCacheBehavior [ RunTime:0.002679s ]
INFO: [ app_begin ] --END-- [ RunTime:0.004200s ]
SQL: DESCRIBE truck_area [ RunTime:0.006041s ]
SQL: SELECT * FROM `truck_area` WHERE ( upid=0 )  [ RunTime:0.000915s ]

[ 2016-01-29T12:03:18+08:00 ] 127.0.0.1 /threeall/ThinkPHP/index.php/Admin/User/requireCity.html
INFO: [ app_begin ] --START--
INFO: Run Behavior\ReadHtmlCacheBehavior [ RunTime:0.010615s ]
INFO: [ app_begin ] --END-- [ RunTime:0.012765s ]
SQL: DESCRIBE truck_area [ RunTime:0.007948s ]
SQL: SELECT * FROM `truck_area` WHERE ( upid=2 )  [ RunTime:0.001252s ]

[ 2016-01-29T12:03:22+08:00 ] 127.0.0.1 /threeall/ThinkPHP/index.php/Admin/User/requireCity.html
INFO: [ app_begin ] --START--
INFO: Run Behavior\ReadHtmlCacheBehavior [ RunTime:0.002759s ]
INFO: [ app_begin ] --END-- [ RunTime:0.004739s ]
SQL: DESCRIBE truck_area [ RunTime:0.008692s ]
SQL: SELECT * FROM `truck_area` WHERE ( upid=57 )  [ RunTime:0.001053s ]

[ 2016-01-29T12:03:28+08:00 ] 127.0.0.1 /threeall/ThinkPHP/index.php/Admin/User/requireCity.html
INFO: [ app_begin ] --START--
INFO: Run Behavior\ReadHtmlCacheBehavior [ RunTime:0.001681s ]
INFO: [ app_begin ] --END-- [ RunTime:0.003049s ]
SQL: DESCRIBE truck_area [ RunTime:0.008305s ]
SQL: SELECT * FROM `truck_area` WHERE ( upid=905 )  [ RunTime:0.000812s ]

[ 2016-01-29T12:59:31+08:00 ] 127.0.0.1 /threeall/ThinkPHP/index.php/Admin/User/requireCity.html
INFO: [ app_begin ] --START--
INFO: Run Behavior\ReadHtmlCacheBehavior [ RunTime:0.001923s ]
INFO: [ app_begin ] --END-- [ RunTime:0.003263s ]
SQL: DESCRIBE truck_area [ RunTime:0.006795s ]
SQL: SELECT * FROM `truck_area` WHERE ( upid=0 )  [ RunTime:0.001037s ]

[ 2016-01-29T12:59:52+08:00 ] 127.0.0.1 /threeall/ThinkPHP/index.php/Admin/User/requireCity.html
INFO: [ app_begin ] --START--
INFO: Run Behavior\ReadHtmlCacheBehavior [ RunTime:0.001922s ]
INFO: [ app_begin ] --END-- [ RunTime:0.003497s ]
SQL: DESCRIBE truck_area [ RunTime:0.008457s ]
SQL: SELECT * FROM `truck_area` WHERE ( upid=2 )  [ RunTime:0.001175s ]

[ 2016-01-29T12:59:53+08:00 ] 127.0.0.1 /threeall/ThinkPHP/index.php/Admin/User/requireCity.html
INFO: [ app_begin ] --START--
INFO: Run Behavior\ReadHtmlCacheBehavior [ RunTime:0.001857s ]
INFO: [ app_begin ] --END-- [ RunTime:0.003401s ]
SQL: DESCRIBE truck_area [ RunTime:0.008762s ]
SQL: SELECT * FROM `truck_area` WHERE ( upid=56 )  [ RunTime:0.001232s ]

[ 2016-01-29T12:59:54+08:00 ] 127.0.0.1 /threeall/ThinkPHP/index.php/Admin/User/requireCity.html
INFO: [ app_begin ] --START--
INFO: Run Behavior\ReadHtmlCacheBehavior [ RunTime:0.002388s ]
INFO: [ app_begin ] --END-- [ RunTime:0.004446s ]
SQL: DESCRIBE truck_area [ RunTime:0.007351s ]
SQL: SELECT * FROM `truck_area` WHERE ( upid=891 )  [ RunTime:0.000863s ]

[ 2016-01-29T13:01:01+08:00 ] 127.0.0.1 /threeall/ThinkPHP/index.php/Admin/User/requireCity.html
INFO: [ app_begin ] --START--
INFO: Run Behavior\ReadHtmlCacheBehavior [ RunTime:0.002488s ]
INFO: [ app_begin ] --END-- [ RunTime:0.005264s ]
SQL: DESCRIBE truck_area [ RunTime:0.007015s ]
SQL: SELECT * FROM `truck_area` WHERE ( upid=0 )  [ RunTime:0.001207s ]

[ 2016-01-29T13:01:08+08:00 ] 127.0.0.1 /threeall/ThinkPHP/index.php/Admin/User/requireCity.html
INFO: [ app_begin ] --START--
INFO: Run Behavior\ReadHtmlCacheBehavior [ RunTime:0.001697s ]
INFO: [ app_begin ] --END-- [ RunTime:0.003094s ]
SQL: DESCRIBE truck_area [ RunTime:0.008316s ]
SQL: SELECT * FROM `truck_area` WHERE ( upid=4 )  [ RunTime:0.001039s ]

[ 2016-01-29T13:01:09+08:00 ] 127.0.0.1 /threeall/ThinkPHP/index.php/Admin/User/requireCity.html
INFO: [ app_begin ] --START--
INFO: Run Behavior\ReadHtmlCacheBehavior [ RunTime:0.001845s ]
INFO: [ app_begin ] --END-- [ RunTime:0.003402s ]
SQL: DESCRIBE truck_area [ RunTime:0.007662s ]
SQL: SELECT * FROM `truck_area` WHERE ( upid=84 )  [ RunTime:0.001025s ]

[ 2016-01-29T13:01:10+08:00 ] 127.0.0.1 /threeall/ThinkPHP/index.php/Admin/User/requireCity.html
INFO: [ app_begin ] --START--
INFO: Run Behavior\ReadHtmlCacheBehavior [ RunTime:0.002218s ]
INFO: [ app_begin ] --END-- [ RunTime:0.003868s ]
SQL: DESCRIBE truck_area [ RunTime:0.007779s ]
SQL: SELECT * FROM `truck_area` WHERE ( upid=1299 )  [ RunTime:0.001287s ]

[ 2016-01-29T13:02:45+08:00 ] 127.0.0.1 /threeall/ThinkPHP/index.php/Admin/User/requireCity.html
INFO: [ app_begin ] --START--
INFO: Run Behavior\ReadHtmlCacheBehavior [ RunTime:0.002226s ]
INFO: [ app_begin ] --END-- [ RunTime:0.003893s ]
SQL: DESCRIBE truck_area [ RunTime:0.008906s ]
SQL: SELECT * FROM `truck_area` WHERE ( upid=0 )  [ RunTime:0.001219s ]

[ 2016-01-29T13:02:52+08:00 ] 127.0.0.1 /threeall/ThinkPHP/index.php/Admin/User/requireCity.html
INFO: [ app_begin ] --START--
INFO: Run Behavior\ReadHtmlCacheBehavior [ RunTime:0.001748s ]
INFO: [ app_begin ] --END-- [ RunTime:0.002859s ]
SQL: DESCRIBE truck_area [ RunTime:0.006626s ]
SQL: SELECT * FROM `truck_area` WHERE ( upid=0 )  [ RunTime:0.001139s ]

[ 2016-01-29T13:02:59+08:00 ] 127.0.0.1 /threeall/ThinkPHP/index.php/Admin/User/requireCity.html
INFO: [ app_begin ] --START--
INFO: Run Behavior\ReadHtmlCacheBehavior [ RunTime:0.002485s ]
INFO: [ app_begin ] --END-- [ RunTime:0.003932s ]
SQL: DESCRIBE truck_area [ RunTime:0.008941s ]
SQL: SELECT * FROM `truck_area` WHERE ( upid=6 )  [ RunTime:0.001363s ]

[ 2016-01-29T13:03:00+08:00 ] 127.0.0.1 /threeall/ThinkPHP/index.php/Admin/User/requireCity.html
INFO: [ app_begin ] --START--
INFO: Run Behavior\ReadHtmlCacheBehavior [ RunTime:0.002219s ]
INFO: [ app_begin ] --END-- [ RunTime:0.005546s ]
SQL: DESCRIBE truck_area [ RunTime:0.008643s ]
SQL: SELECT * FROM `truck_area` WHERE ( upid=111 )  [ RunTime:0.000929s ]

[ 2016-01-29T13:03:01+08:00 ] 127.0.0.1 /threeall/ThinkPHP/index.php/Admin/User/requireCity.html
INFO: [ app_begin ] --START--
INFO: Run Behavior\ReadHtmlCacheBehavior [ RunTime:0.002143s ]
INFO: [ app_begin ] --END-- [ RunTime:0.003583s ]
SQL: DESCRIBE truck_area [ RunTime:0.007859s ]
SQL: SELECT * FROM `truck_area` WHERE ( upid=1558 )  [ RunTime:0.001011s ]

[ 2016-01-29T13:05:57+08:00 ] 127.0.0.1 /threeall/ThinkPHP/index.php/Admin/User/requireCity.html
INFO: [ app_begin ] --START--
INFO: Run Behavior\ReadHtmlCacheBehavior [ RunTime:0.003439s ]
INFO: [ app_begin ] --END-- [ RunTime:0.005029s ]
SQL: DESCRIBE truck_area [ RunTime:0.008790s ]
SQL: SELECT * FROM `truck_area` WHERE ( upid=0 )  [ RunTime:0.001162s ]

[ 2016-01-29T13:06:04+08:00 ] 127.0.0.1 /threeall/ThinkPHP/index.php/Admin/User/requireCity.html
INFO: [ app_begin ] --START--
INFO: Run Behavior\ReadHtmlCacheBehavior [ RunTime:0.002356s ]
INFO: [ app_begin ] --END-- [ RunTime:0.004344s ]
SQL: DESCRIBE truck_area [ RunTime:0.009394s ]
SQL: SELECT * FROM `truck_area` WHERE ( upid=5 )  [ RunTime:0.001028s ]

[ 2016-01-29T13:06:04+08:00 ] 127.0.0.1 /threeall/ThinkPHP/index.php/Admin/User/requireCity.html
INFO: [ app_begin ] --START--
INFO: Run Behavior\ReadHtmlCacheBehavior [ RunTime:0.002338s ]
INFO: [ app_begin ] --END-- [ RunTime:0.003934s ]
SQL: DESCRIBE truck_area [ RunTime:0.007861s ]
SQL: SELECT * FROM `truck_area` WHERE ( upid=96 )  [ RunTime:0.000973s ]

[ 2016-01-29T13:06:05+08:00 ] 127.0.0.1 /threeall/ThinkPHP/index.php/Admin/User/requireCity.html
INFO: [ app_begin ] --START--
INFO: Run Behavior\ReadHtmlCacheBehavior [ RunTime:0.002517s ]
INFO: [ app_begin ] --END-- [ RunTime:0.003994s ]
SQL: DESCRIBE truck_area [ RunTime:0.007719s ]
SQL: SELECT * FROM `truck_area` WHERE ( upid=1427 )  [ RunTime:0.000986s ]

[ 2016-01-29T13:06:20+08:00 ] 127.0.0.1 /threeall/ThinkPHP/index.php/Admin/User/requireCity.html
INFO: [ app_begin ] --START--
INFO: Run Behavior\ReadHtmlCacheBehavior [ RunTime:0.002619s ]
INFO: [ app_begin ] --END-- [ RunTime:0.005327s ]
SQL: DESCRIBE truck_area [ RunTime:0.008971s ]
SQL: SELECT * FROM `truck_area` WHERE ( upid=0 )  [ RunTime:0.001210s ]

[ 2016-01-29T13:06:31+08:00 ] 127.0.0.1 /threeall/ThinkPHP/index.php/Admin/User/requireCity.html
INFO: [ app_begin ] --START--
INFO: Run Behavior\ReadHtmlCacheBehavior [ RunTime:0.001685s ]
INFO: [ app_begin ] --END-- [ RunTime:0.004115s ]
SQL: DESCRIBE truck_area [ RunTime:0.006880s ]
SQL: SELECT * FROM `truck_area` WHERE ( upid=0 )  [ RunTime:0.001095s ]

[ 2016-01-29T14:47:15+08:00 ] 127.0.0.1 /threeall/ThinkPHP/ADMIN
ERR: 无法加载控制器:Index

[ 2016-01-29T14:51:25+08:00 ] 127.0.0.1 /threeall/ThinkPHP/index.php/Admin/Lpost/restore.html
INFO: [ app_begin ] --START--
INFO: Run Behavior\ReadHtmlCacheBehavior [ RunTime:0.002218s ]
INFO: [ app_begin ] --END-- [ RunTime:0.004186s ]
SQL: DESCRIBE truck_lpost [ RunTime:0.008193s ]
SQL: UPDATE `truck_lpost` SET `status`=1 WHERE `id` IN ('52') [ RunTime:0.072739s ]

[ 2016-01-29T15:36:36+08:00 ] 127.0.0.1 /threeall/ThinkPHP/index.php/Admin/User/requireCity.html
INFO: [ app_begin ] --START--
INFO: Run Behavior\ReadHtmlCacheBehavior [ RunTime:0.003037s ]
INFO: [ app_begin ] --END-- [ RunTime:0.004718s ]
SQL: DESCRIBE truck_area [ RunTime:0.016221s ]
SQL: SELECT * FROM `truck_area` WHERE ( upid=0 )  [ RunTime:0.009128s ]

[ 2016-01-29T15:36:45+08:00 ] 127.0.0.1 /threeall/ThinkPHP/index.php/Admin/User/requireCity.html
INFO: [ app_begin ] --START--
INFO: Run Behavior\ReadHtmlCacheBehavior [ RunTime:0.002013s ]
INFO: [ app_begin ] --END-- [ RunTime:0.004369s ]
SQL: DESCRIBE truck_area [ RunTime:0.013980s ]
SQL: SELECT * FROM `truck_area` WHERE ( upid=2 )  [ RunTime:0.001346s ]

[ 2016-01-29T15:36:46+08:00 ] 127.0.0.1 /threeall/ThinkPHP/index.php/Admin/User/requireCity.html
INFO: [ app_begin ] --START--
INFO: Run Behavior\ReadHtmlCacheBehavior [ RunTime:0.002860s ]
INFO: [ app_begin ] --END-- [ RunTime:0.004656s ]
SQL: DESCRIBE truck_area [ RunTime:0.010970s ]
SQL: SELECT * FROM `truck_area` WHERE ( upid=56 )  [ RunTime:0.001411s ]

[ 2016-01-29T15:36:47+08:00 ] 127.0.0.1 /threeall/ThinkPHP/index.php/Admin/User/requireCity.html
INFO: [ app_begin ] --START--
INFO: Run Behavior\ReadHtmlCacheBehavior [ RunTime:0.001952s ]
INFO: [ app_begin ] --END-- [ RunTime:0.003344s ]
SQL: DESCRIBE truck_area [ RunTime:0.014025s ]
SQL: SELECT * FROM `truck_area` WHERE ( upid=889 )  [ RunTime:0.000941s ]

[ 2016-01-29T15:37:02+08:00 ] 127.0.0.1 /threeall/ThinkPHP/index.php/Admin/User/requireCity.html
INFO: [ app_begin ] --START--
INFO: Run Behavior\ReadHtmlCacheBehavior [ RunTime:0.004038s ]
INFO: [ app_begin ] --END-- [ RunTime:0.006622s ]
SQL: DESCRIBE truck_area [ RunTime:0.011651s ]
SQL: SELECT * FROM `truck_area` WHERE ( upid=0 )  [ RunTime:0.001737s ]

[ 2016-01-29T15:39:41+08:00 ] 127.0.0.1 /threeall/ThinkPHP/index.php/Admin/Xchaprice/betchDel.html
INFO: [ app_begin ] --START--
INFO: Run Behavior\ReadHtmlCacheBehavior [ RunTime:0.002154s ]
INFO: [ app_begin ] --END-- [ RunTime:0.003692s ]
SQL: DESCRIBE truck_xchaprice [ RunTime:0.009860s ]
SQL: DELETE FROM `truck_xchaprice` WHERE `id` IN ('21','22') [ RunTime:0.066900s ]
INFO: [ app_end ] --START--
INFO: Run Behavior\ShowPageTraceBehavior [ RunTime:0.002294s ]
INFO: [ app_end ] --END-- [ RunTime:0.002644s ]

[ 2016-01-29T15:40:16+08:00 ] 127.0.0.1 /threeall/ThinkPHP/index.php/Admin/Xprodimg/edit.html
ERR: 参数错误或者未定义:id

[ 2016-01-29T15:41:56+08:00 ] 127.0.0.1 /threeall/ThinkPHP/index.php/Admin/Xprodimg/edit.html
ERR: 参数错误或者未定义:id

[ 2016-01-29T20:35:38+08:00 ] 127.0.0.1 /threeall/ThinkPHP/index.php/Admin/User/requireCity.html
INFO: [ app_begin ] --START--
INFO: Run Behavior\ReadHtmlCacheBehavior [ RunTime:0.000000s ]
INFO: [ app_begin ] --END-- [ RunTime:0.000000s ]
SQL: DESCRIBE truck_area [ RunTime:0.000000s ]
SQL: SELECT * FROM `truck_area` WHERE ( upid=0 )  [ RunTime:0.000000s ]

