[ 2016-01-10T21:46:46+08:00 ] 127.0.0.1 /two/ThinkPHP/admin.php
INFO: [ app_init ] --START--
INFO: Run Behavior\BuildLiteBehavior [ RunTime:0.000081s ]
INFO: [ app_init ] --END-- [ RunTime:0.001764s ]
INFO: [ app_begin ] --START--
INFO: Run Behavior\ReadHtmlCacheBehavior [ RunTime:0.002257s ]
INFO: [ app_begin ] --END-- [ RunTime:0.002522s ]
INFO: [ view_parse ] --START--
INFO: [ template_filter ] --START--
INFO: Run Behavior\ContentReplaceBehavior [ RunTime:0.000149s ]
INFO: [ template_filter ] --END-- [ RunTime:0.000431s ]
INFO: Run Behavior\ParseTemplateBehavior [ RunTime:0.020957s ]
INFO: [ view_parse ] --END-- [ RunTime:0.021442s ]
INFO: [ view_filter ] --START--
INFO: Run Behavior\WriteHtmlCacheBehavior [ RunTime:0.001689s ]
INFO: [ view_filter ] --END-- [ RunTime:0.001932s ]
INFO: [ app_end ] --START--
INFO: Run Behavior\ShowPageTraceBehavior [ RunTime:0.002457s ]
INFO: [ app_end ] --END-- [ RunTime:0.002702s ]

[ 2016-01-10T21:49:24+08:00 ] 127.0.0.1 /two/ThinkPHP/Admin/
INFO: [ app_init ] --START--
INFO: Run Behavior\BuildLiteBehavior [ RunTime:0.000076s ]
INFO: [ app_init ] --END-- [ RunTime:0.002310s ]
INFO: [ app_begin ] --START--
INFO: Run Behavior\ReadHtmlCacheBehavior [ RunTime:0.002920s ]
INFO: [ app_begin ] --END-- [ RunTime:0.003256s ]
INFO: [ view_parse ] --START--
INFO: Run Behavior\ParseTemplateBehavior [ RunTime:0.001921s ]
INFO: [ view_parse ] --END-- [ RunTime:0.002209s ]
INFO: [ view_filter ] --START--
INFO: Run Behavior\WriteHtmlCacheBehavior [ RunTime:0.001922s ]
INFO: [ view_filter ] --END-- [ RunTime:0.002169s ]
INFO: [ app_end ] --START--
INFO: Run Behavior\ShowPageTraceBehavior [ RunTime:0.003074s ]
INFO: [ app_end ] --END-- [ RunTime:0.003320s ]

[ 2016-01-10T21:49:31+08:00 ] 127.0.0.1 /two/ThinkPHP/Admin/Index/
INFO: [ app_init ] --START--
INFO: Run Behavior\BuildLiteBehavior [ RunTime:0.000074s ]
INFO: [ app_init ] --END-- [ RunTime:0.001505s ]
INFO: [ app_begin ] --START--
INFO: Run Behavior\ReadHtmlCacheBehavior [ RunTime:0.002198s ]
INFO: [ app_begin ] --END-- [ RunTime:0.002493s ]
INFO: [ view_parse ] --START--
INFO: Run Behavior\ParseTemplateBehavior [ RunTime:0.001862s ]
INFO: [ view_parse ] --END-- [ RunTime:0.002170s ]
INFO: [ view_filter ] --START--
INFO: Run Behavior\WriteHtmlCacheBehavior [ RunTime:0.001935s ]
INFO: [ view_filter ] --END-- [ RunTime:0.002206s ]
INFO: [ app_end ] --START--
INFO: Run Behavior\ShowPageTraceBehavior [ RunTime:0.002266s ]
INFO: [ app_end ] --END-- [ RunTime:0.002505s ]

[ 2016-01-10T21:49:34+08:00 ] 127.0.0.1 /two/ThinkPHP/Admin/Index/index
INFO: [ app_init ] --START--
INFO: Run Behavior\BuildLiteBehavior [ RunTime:0.000070s ]
INFO: [ app_init ] --END-- [ RunTime:0.001781s ]
INFO: [ app_begin ] --START--
INFO: Run Behavior\ReadHtmlCacheBehavior [ RunTime:0.002221s ]
INFO: [ app_begin ] --END-- [ RunTime:0.002527s ]
INFO: [ view_parse ] --START--
INFO: Run Behavior\ParseTemplateBehavior [ RunTime:0.003434s ]
INFO: [ view_parse ] --END-- [ RunTime:0.003722s ]
INFO: [ view_filter ] --START--
INFO: Run Behavior\WriteHtmlCacheBehavior [ RunTime:0.001544s ]
INFO: [ view_filter ] --END-- [ RunTime:0.001793s ]
INFO: [ app_end ] --START--
INFO: Run Behavior\ShowPageTraceBehavior [ RunTime:0.002335s ]
INFO: [ app_end ] --END-- [ RunTime:0.002613s ]

