[ 2016-01-21T10:39:36+08:00 ] 127.0.0.1 /two/ThinkPHP/index.php/Admin/Xchaprice/betchDel.html?params=,4,5
INFO: [ app_begin ] --START--
INFO: Run Behavior\ReadHtmlCacheBehavior [ RunTime:0.001446s ]
INFO: [ app_begin ] --END-- [ RunTime:0.002534s ]
ERR: 非法操作:betchDel

[ 2016-01-21T10:40:04+08:00 ] 127.0.0.1 /two/ThinkPHP/index.php/Admin/Xchaprice/betchDel.html?params=4,5
INFO: [ app_begin ] --START--
INFO: Run Behavior\ReadHtmlCacheBehavior [ RunTime:0.001899s ]
INFO: [ app_begin ] --END-- [ RunTime:0.003355s ]
ERR: 非法操作:betchDel

[ 2016-01-21T10:42:16+08:00 ] 127.0.0.1 /two/ThinkPHP/index.php/Admin/Xchaprice/betchDel.html?params=,4,5
INFO: [ app_begin ] --START--
INFO: Run Behavior\ReadHtmlCacheBehavior [ RunTime:0.001678s ]
INFO: [ app_begin ] --END-- [ RunTime:0.003319s ]
ERR: 非法操作:betchDel

[ 2016-01-21T10:43:32+08:00 ] 127.0.0.1 /two/ThinkPHP/index.php/Admin/Xchaprice/betchDel.html?params=,4,5
INFO: [ app_begin ] --START--
INFO: Run Behavior\ReadHtmlCacheBehavior [ RunTime:0.007483s ]
INFO: [ app_begin ] --END-- [ RunTime:0.009812s ]
ERR: 非法操作:betchDel

[ 2016-01-21T10:46:01+08:00 ] 127.0.0.1 /two/ThinkPHP/index.php/Admin/Xchaprice/betchDel.html?params=,4,5
INFO: [ app_begin ] --START--
INFO: Run Behavior\ReadHtmlCacheBehavior [ RunTime:0.002304s ]
INFO: [ app_begin ] --END-- [ RunTime:0.004640s ]
ERR: 非法操作:betchDel

[ 2016-01-21T10:49:22+08:00 ] 127.0.0.1 /two/ThinkPHP/index.php/Admin/Xchaprice/betchDel.html?params=4,5
INFO: [ app_begin ] --START--
INFO: Run Behavior\ReadHtmlCacheBehavior [ RunTime:0.003920s ]
INFO: [ app_begin ] --END-- [ RunTime:0.009235s ]
ERR: 非法操作:betchDel

[ 2016-01-21T10:56:17+08:00 ] 127.0.0.1 /two/ThinkPHP/index.php/Admin/Xchaprice/betchDel.html?params=4,5
INFO: [ app_begin ] --START--
INFO: Run Behavior\ReadHtmlCacheBehavior [ RunTime:0.002460s ]
INFO: [ app_begin ] --END-- [ RunTime:0.003959s ]
NOTIC: [2] implode(): Invalid arguments passed D:\wamp\www\two\ThinkPHP\TruckHome\Admin\Controller\XchapriceController.class.php 第 71 行.
INFO: [ app_end ] --START--
INFO: Run Behavior\ShowPageTraceBehavior [ RunTime:0.002114s ]
INFO: [ app_end ] --END-- [ RunTime:0.002424s ]

[ 2016-01-21T10:56:21+08:00 ] 127.0.0.1 /two/ThinkPHP/index.php/Admin/Xchaprice/betchDel.html?params=4,5
INFO: [ app_begin ] --START--
INFO: Run Behavior\ReadHtmlCacheBehavior [ RunTime:0.001840s ]
INFO: [ app_begin ] --END-- [ RunTime:0.003236s ]
NOTIC: [2] implode(): Invalid arguments passed D:\wamp\www\two\ThinkPHP\TruckHome\Admin\Controller\XchapriceController.class.php 第 71 行.
INFO: [ app_end ] --START--
INFO: Run Behavior\ShowPageTraceBehavior [ RunTime:0.001945s ]
INFO: [ app_end ] --END-- [ RunTime:0.002201s ]

[ 2016-01-21T11:13:07+08:00 ] 127.0.0.1 /two/ThinkPHP/index.php/Admin/Xchaprice/betchDel.html?params=5,9
INFO: [ app_begin ] --START--
INFO: Run Behavior\ReadHtmlCacheBehavior [ RunTime:0.002854s ]
INFO: [ app_begin ] --END-- [ RunTime:0.004170s ]
SQL: DESCRIBE truck_xchaprice [ RunTime:0.007521s ]
SQL: DELETE FROM `truck_xchaprice` WHERE `id` IN ('5','9') [ RunTime:0.096544s ]
INFO: [ app_end ] --START--
INFO: Run Behavior\ShowPageTraceBehavior [ RunTime:0.002328s ]
INFO: [ app_end ] --END-- [ RunTime:0.002579s ]

[ 2016-01-21T11:15:45+08:00 ] 127.0.0.1 /two/ThinkPHP/index.php/Admin/Xchaprice/betchDel.html?params=7,8
INFO: [ app_begin ] --START--
INFO: Run Behavior\ReadHtmlCacheBehavior [ RunTime:0.001725s ]
INFO: [ app_begin ] --END-- [ RunTime:0.003057s ]
SQL: DESCRIBE truck_xchaprice [ RunTime:0.007195s ]
SQL: DELETE FROM `truck_xchaprice` WHERE `id` IN ('7','8') [ RunTime:0.078511s ]
INFO: [ app_end ] --START--
INFO: Run Behavior\ShowPageTraceBehavior [ RunTime:0.002155s ]
INFO: [ app_end ] --END-- [ RunTime:0.002396s ]

[ 2016-01-21T11:18:23+08:00 ] 127.0.0.1 /two/ThinkPHP/index.php/Admin/Xchaprice/betchDel.html?params=11,10
INFO: [ app_begin ] --START--
INFO: Run Behavior\ReadHtmlCacheBehavior [ RunTime:0.003083s ]
INFO: [ app_begin ] --END-- [ RunTime:0.004576s ]
SQL: DESCRIBE truck_xchaprice [ RunTime:0.012356s ]
SQL: DELETE FROM `truck_xchaprice` WHERE `id` IN ('11','10') [ RunTime:0.093475s ]
INFO: [ app_end ] --START--
INFO: Run Behavior\ShowPageTraceBehavior [ RunTime:0.002526s ]
INFO: [ app_end ] --END-- [ RunTime:0.002787s ]

[ 2016-01-21T11:54:08+08:00 ] ::1 /two/ThinkPHP/index.php/Admin/login
ERR: 无法加载控制器:Login

[ 2016-01-21T14:28:32+08:00 ] 127.0.0.1 /two/ThinkPHP/index.php/Admin/Xchaprice/exprotExcel.html?params=4
INFO: [ app_begin ] --START--
INFO: Run Behavior\ReadHtmlCacheBehavior [ RunTime:0.001835s ]
INFO: [ app_begin ] --END-- [ RunTime:0.003185s ]
SQL: DESCRIBE truck_xchaprice [ RunTime:0.016792s ]
SQL: SELECT truck_xproduct.pname,truck_xchaprice.* FROM `truck_xchaprice` INNER JOIN truck_xproduct on truck_xproduct.id=truck_xchaprice.pid  WHERE `id` IN ('4')  [ RunTime:0.108651s ]
ERR: 1052:Column 'id' in where clause is ambiguous
 [ SQL语句 ] : SELECT truck_xproduct.pname,truck_xchaprice.* FROM `truck_xchaprice` INNER JOIN truck_xproduct on truck_xproduct.id=truck_xchaprice.pid  WHERE `id` IN ('4') 

[ 2016-01-21T14:29:32+08:00 ] 127.0.0.1 /two/ThinkPHP/index.php/Admin/Xchaprice/exprotExcel.html?params=4,6
INFO: [ app_begin ] --START--
INFO: Run Behavior\ReadHtmlCacheBehavior [ RunTime:0.001742s ]
INFO: [ app_begin ] --END-- [ RunTime:0.003029s ]
SQL: DESCRIBE truck_xchaprice [ RunTime:0.010104s ]
SQL: SELECT truck_xproduct.pname,truck_xchaprice.* FROM `truck_xchaprice` INNER JOIN truck_xproduct on truck_xproduct.id=truck_xchaprice.pid  WHERE `id` IN ('4','6')  [ RunTime:0.000648s ]
ERR: 1052:Column 'id' in where clause is ambiguous
 [ SQL语句 ] : SELECT truck_xproduct.pname,truck_xchaprice.* FROM `truck_xchaprice` INNER JOIN truck_xproduct on truck_xproduct.id=truck_xchaprice.pid  WHERE `id` IN ('4','6') 

[ 2016-01-21T14:29:42+08:00 ] 127.0.0.1 /two/ThinkPHP/index.php/Admin/Xchaprice/exprotExcel.html?params=4,6
INFO: [ app_begin ] --START--
INFO: Run Behavior\ReadHtmlCacheBehavior [ RunTime:0.002038s ]
INFO: [ app_begin ] --END-- [ RunTime:0.003446s ]
SQL: DESCRIBE truck_xchaprice [ RunTime:0.038815s ]
SQL: SELECT truck_xproduct.pname,truck_xchaprice.* FROM `truck_xchaprice` INNER JOIN truck_xproduct on truck_xproduct.id=truck_xchaprice.pid  WHERE `id` IN ('4','6')  [ RunTime:0.000578s ]
ERR: 1052:Column 'id' in where clause is ambiguous
 [ SQL语句 ] : SELECT truck_xproduct.pname,truck_xchaprice.* FROM `truck_xchaprice` INNER JOIN truck_xproduct on truck_xproduct.id=truck_xchaprice.pid  WHERE `id` IN ('4','6') 

[ 2016-01-21T14:29:48+08:00 ] 127.0.0.1 /two/ThinkPHP/index.php/Admin/Xchaprice/exprotExcel.html?params=4,6
INFO: [ app_begin ] --START--
INFO: Run Behavior\ReadHtmlCacheBehavior [ RunTime:0.001798s ]
INFO: [ app_begin ] --END-- [ RunTime:0.003043s ]
SQL: DESCRIBE truck_xchaprice [ RunTime:0.009309s ]
SQL: SELECT truck_xproduct.pname,truck_xchaprice.* FROM `truck_xchaprice` INNER JOIN truck_xproduct on truck_xproduct.id=truck_xchaprice.pid  WHERE `id` IN ('4','6')  [ RunTime:0.000597s ]
ERR: 1052:Column 'id' in where clause is ambiguous
 [ SQL语句 ] : SELECT truck_xproduct.pname,truck_xchaprice.* FROM `truck_xchaprice` INNER JOIN truck_xproduct on truck_xproduct.id=truck_xchaprice.pid  WHERE `id` IN ('4','6') 

[ 2016-01-21T14:29:56+08:00 ] 127.0.0.1 /two/ThinkPHP/index.php/Admin/Xchaprice/exprotExcel.html?params=4,6
INFO: [ app_begin ] --START--
INFO: Run Behavior\ReadHtmlCacheBehavior [ RunTime:0.002274s ]
INFO: [ app_begin ] --END-- [ RunTime:0.003754s ]
SQL: DESCRIBE truck_xchaprice [ RunTime:0.009610s ]
SQL: SELECT truck_xproduct.pname,truck_xchaprice.* FROM `truck_xchaprice` INNER JOIN truck_xproduct on truck_xproduct.id=truck_xchaprice.pid  WHERE `id` IN ('4','6')  [ RunTime:0.000572s ]
ERR: 1052:Column 'id' in where clause is ambiguous
 [ SQL语句 ] : SELECT truck_xproduct.pname,truck_xchaprice.* FROM `truck_xchaprice` INNER JOIN truck_xproduct on truck_xproduct.id=truck_xchaprice.pid  WHERE `id` IN ('4','6') 

[ 2016-01-21T14:31:05+08:00 ] 127.0.0.1 /two/ThinkPHP/index.php/Admin/Xchaprice/exprotExcel.html?params=4
INFO: [ app_begin ] --START--
INFO: Run Behavior\ReadHtmlCacheBehavior [ RunTime:0.003798s ]
INFO: [ app_begin ] --END-- [ RunTime:0.005171s ]
SQL: DESCRIBE truck_xchaprice [ RunTime:0.011403s ]
SQL: SELECT truck_xproduct.pname,truck_xchaprice.* FROM `truck_xchaprice` INNER JOIN truck_xproduct on truck_xproduct.id=truck_xchaprice.pid  WHERE `id` IN ('4')  [ RunTime:0.001875s ]
ERR: 1052:Column 'id' in where clause is ambiguous
 [ SQL语句 ] : SELECT truck_xproduct.pname,truck_xchaprice.* FROM `truck_xchaprice` INNER JOIN truck_xproduct on truck_xproduct.id=truck_xchaprice.pid  WHERE `id` IN ('4') 

[ 2016-01-21T14:31:36+08:00 ] 127.0.0.1 /two/ThinkPHP/index.php/Admin/Xchaprice/exprotExcel.html?params=4,6
INFO: [ app_begin ] --START--
INFO: Run Behavior\ReadHtmlCacheBehavior [ RunTime:0.002002s ]
INFO: [ app_begin ] --END-- [ RunTime:0.004069s ]
SQL: DESCRIBE truck_xchaprice [ RunTime:0.010353s ]
SQL: SELECT truck_xproduct.pname,truck_xchaprice.* FROM `truck_xchaprice` INNER JOIN truck_xproduct on truck_xproduct.id=truck_xchaprice.pid  WHERE `id` IN ('4','6')  [ RunTime:0.002215s ]
ERR: 1052:Column 'id' in where clause is ambiguous
 [ SQL语句 ] : SELECT truck_xproduct.pname,truck_xchaprice.* FROM `truck_xchaprice` INNER JOIN truck_xproduct on truck_xproduct.id=truck_xchaprice.pid  WHERE `id` IN ('4','6') 

[ 2016-01-21T14:32:53+08:00 ] 127.0.0.1 /two/ThinkPHP/index.php/Admin/Xchaprice/exprotExcel.html?params=4,6
INFO: [ app_begin ] --START--
INFO: Run Behavior\ReadHtmlCacheBehavior [ RunTime:0.004545s ]
INFO: [ app_begin ] --END-- [ RunTime:0.005886s ]
SQL: DESCRIBE truck_xchaprice [ RunTime:0.010055s ]
SQL: SELECT truck_xproduct.pname,truck_xchaprice.* FROM `truck_xchaprice` INNER JOIN truck_xproduct on truck_xproduct.id=truck_xchaprice.pid  WHERE `id` IN ('4','6')  [ RunTime:0.000674s ]
ERR: 1052:Column 'id' in where clause is ambiguous
 [ SQL语句 ] : SELECT truck_xproduct.pname,truck_xchaprice.* FROM `truck_xchaprice` INNER JOIN truck_xproduct on truck_xproduct.id=truck_xchaprice.pid  WHERE `id` IN ('4','6') 

[ 2016-01-21T14:34:58+08:00 ] 127.0.0.1 /two/ThinkPHP/index.php/Admin/Xchaprice/exprotExcel.html?params=4,6
INFO: [ app_begin ] --START--
INFO: Run Behavior\ReadHtmlCacheBehavior [ RunTime:0.002125s ]
INFO: [ app_begin ] --END-- [ RunTime:0.003940s ]
SQL: DESCRIBE truck_xchaprice [ RunTime:0.012300s ]
SQL: SELECT truck_xproduct.pname,truck_xchaprice.* FROM `truck_xchaprice` INNER JOIN truck_xproduct on truck_xproduct.id=truck_xchaprice.pid  WHERE truck_xchaprice.id IN ('4','6')  [ RunTime:0.001391s ]

[ 2016-01-21T14:35:14+08:00 ] 127.0.0.1 /two/ThinkPHP/index.php/Admin/Xchaprice/exprotExcel.html?params=6
INFO: [ app_begin ] --START--
INFO: Run Behavior\ReadHtmlCacheBehavior [ RunTime:0.002552s ]
INFO: [ app_begin ] --END-- [ RunTime:0.003791s ]
SQL: DESCRIBE truck_xchaprice [ RunTime:0.009962s ]
SQL: SELECT truck_xproduct.pname,truck_xchaprice.* FROM `truck_xchaprice` INNER JOIN truck_xproduct on truck_xproduct.id=truck_xchaprice.pid  WHERE truck_xchaprice.id IN ('6')  [ RunTime:0.000980s ]

[ 2016-01-21T14:36:35+08:00 ] 127.0.0.1 /two/ThinkPHP/index.php/Admin/Xchaprice/exprotExcel.html?params=4,6
INFO: [ app_begin ] --START--
INFO: Run Behavior\ReadHtmlCacheBehavior [ RunTime:0.002300s ]
INFO: [ app_begin ] --END-- [ RunTime:0.003883s ]
SQL: DESCRIBE truck_xchaprice [ RunTime:0.010677s ]
SQL: SELECT truck_xproduct.pname,truck_xchaprice.* FROM `truck_xchaprice` INNER JOIN truck_xproduct on truck_xproduct.id=truck_xchaprice.pid  WHERE truck_xchaprice.id IN ('4','6')  [ RunTime:0.001273s ]
INFO: [ app_end ] --START--
INFO: Run Behavior\ShowPageTraceBehavior [ RunTime:0.002367s ]
INFO: [ app_end ] --END-- [ RunTime:0.002648s ]

[ 2016-01-21T14:37:54+08:00 ] 127.0.0.1 /two/ThinkPHP/index.php/Admin/Xchaprice/exprotExcel.html?params=4,6
INFO: [ app_begin ] --START--
INFO: Run Behavior\ReadHtmlCacheBehavior [ RunTime:0.002214s ]
INFO: [ app_begin ] --END-- [ RunTime:0.003992s ]
SQL: DESCRIBE truck_xchaprice [ RunTime:0.010689s ]
SQL: SELECT truck_xproduct.pname,truck_xchaprice.* FROM `truck_xchaprice` INNER JOIN truck_xproduct on truck_xproduct.id=truck_xchaprice.pid  WHERE truck_xchaprice.id IN ('4','6')  [ RunTime:0.001216s ]
INFO: [ app_end ] --START--
INFO: Run Behavior\ShowPageTraceBehavior [ RunTime:0.002443s ]
INFO: [ app_end ] --END-- [ RunTime:0.002694s ]

[ 2016-01-21T14:38:33+08:00 ] 127.0.0.1 /two/ThinkPHP/index.php/Admin/Xchaprice/exprotExcel.html?params=4,6
INFO: [ app_begin ] --START--
INFO: Run Behavior\ReadHtmlCacheBehavior [ RunTime:0.001959s ]
INFO: [ app_begin ] --END-- [ RunTime:0.003313s ]
SQL: DESCRIBE truck_xchaprice [ RunTime:0.016835s ]
SQL: SELECT truck_xproduct.pname,truck_xchaprice.* FROM `truck_xchaprice` INNER JOIN truck_xproduct on truck_xproduct.id=truck_xchaprice.pid  WHERE truck_xchaprice.id IN ('4','6')  [ RunTime:0.001160s ]
INFO: [ app_end ] --START--
INFO: Run Behavior\ShowPageTraceBehavior [ RunTime:0.002176s ]
INFO: [ app_end ] --END-- [ RunTime:0.002432s ]

[ 2016-01-21T14:39:11+08:00 ] 127.0.0.1 /two/ThinkPHP/index.php/Admin/Xchaprice/exprotExcel.html?params=4,6
INFO: [ app_begin ] --START--
INFO: Run Behavior\ReadHtmlCacheBehavior [ RunTime:0.002166s ]
INFO: [ app_begin ] --END-- [ RunTime:0.005488s ]
SQL: DESCRIBE truck_xchaprice [ RunTime:0.009449s ]
SQL: SELECT truck_xproduct.pname,truck_xchaprice.* FROM `truck_xchaprice` INNER JOIN truck_xproduct on truck_xproduct.id=truck_xchaprice.pid  WHERE truck_xchaprice.id IN ('4','6')  [ RunTime:0.001113s ]

[ 2016-01-21T14:39:48+08:00 ] 127.0.0.1 /two/ThinkPHP/index.php/Admin/Xchaprice/exprotExcel.html?params=4,6
INFO: [ app_begin ] --START--
INFO: Run Behavior\ReadHtmlCacheBehavior [ RunTime:0.001762s ]
INFO: [ app_begin ] --END-- [ RunTime:0.003156s ]
SQL: DESCRIBE truck_xchaprice [ RunTime:0.010288s ]
SQL: SELECT truck_xproduct.pname,truck_xchaprice.* FROM `truck_xchaprice` INNER JOIN truck_xproduct on truck_xproduct.id=truck_xchaprice.pid  WHERE truck_xchaprice.id IN ('4','6')  [ RunTime:0.001085s ]

[ 2016-01-21T14:40:05+08:00 ] 127.0.0.1 /two/ThinkPHP/index.php/Admin/Xchaprice/exprotExcel.html?params=4
INFO: [ app_begin ] --START--
INFO: Run Behavior\ReadHtmlCacheBehavior [ RunTime:0.001714s ]
INFO: [ app_begin ] --END-- [ RunTime:0.003678s ]
SQL: DESCRIBE truck_xchaprice [ RunTime:0.009305s ]
SQL: SELECT truck_xproduct.pname,truck_xchaprice.* FROM `truck_xchaprice` INNER JOIN truck_xproduct on truck_xproduct.id=truck_xchaprice.pid  WHERE truck_xchaprice.id IN ('4')  [ RunTime:0.001158s ]

[ 2016-01-21T14:42:53+08:00 ] 127.0.0.1 /two/ThinkPHP/index.php/Admin/Xchaprice/exprotExcel.html?params=4,6
INFO: [ app_begin ] --START--
INFO: Run Behavior\ReadHtmlCacheBehavior [ RunTime:0.002703s ]
INFO: [ app_begin ] --END-- [ RunTime:0.004547s ]
SQL: DESCRIBE truck_xchaprice [ RunTime:0.011443s ]
SQL: SELECT truck_xproduct.pname,truck_xchaprice.* FROM `truck_xchaprice` INNER JOIN truck_xproduct on truck_xproduct.id=truck_xchaprice.pid  WHERE truck_xchaprice.id IN ('4','6')  [ RunTime:0.001221s ]

[ 2016-01-21T14:44:37+08:00 ] 127.0.0.1 /two/ThinkPHP/index.php/Admin/Xchaprice/exprotExcel.html?params=4,6
INFO: [ app_begin ] --START--
INFO: Run Behavior\ReadHtmlCacheBehavior [ RunTime:0.001932s ]
INFO: [ app_begin ] --END-- [ RunTime:0.003315s ]
SQL: DESCRIBE truck_xchaprice [ RunTime:0.012266s ]
SQL: SELECT truck_xproduct.pname,truck_xchaprice.* FROM `truck_xchaprice` INNER JOIN truck_xproduct on truck_xproduct.id=truck_xchaprice.pid  WHERE truck_xchaprice.id IN ('4','6')  [ RunTime:0.001206s ]

[ 2016-01-21T14:44:40+08:00 ] 127.0.0.1 /two/ThinkPHP/index.php/Admin/Xchaprice/exprotExcel.html?params=4,6
INFO: [ app_begin ] --START--
INFO: Run Behavior\ReadHtmlCacheBehavior [ RunTime:0.002166s ]
INFO: [ app_begin ] --END-- [ RunTime:0.003440s ]
SQL: DESCRIBE truck_xchaprice [ RunTime:0.011277s ]
SQL: SELECT truck_xproduct.pname,truck_xchaprice.* FROM `truck_xchaprice` INNER JOIN truck_xproduct on truck_xproduct.id=truck_xchaprice.pid  WHERE truck_xchaprice.id IN ('4','6')  [ RunTime:0.001159s ]

[ 2016-01-21T14:44:42+08:00 ] 127.0.0.1 /two/ThinkPHP/index.php/Admin/Xchaprice/exprotExcel.html?params=4,6
INFO: [ app_begin ] --START--
INFO: Run Behavior\ReadHtmlCacheBehavior [ RunTime:0.001632s ]
INFO: [ app_begin ] --END-- [ RunTime:0.002997s ]
SQL: DESCRIBE truck_xchaprice [ RunTime:0.011376s ]
SQL: SELECT truck_xproduct.pname,truck_xchaprice.* FROM `truck_xchaprice` INNER JOIN truck_xproduct on truck_xproduct.id=truck_xchaprice.pid  WHERE truck_xchaprice.id IN ('4','6')  [ RunTime:0.001179s ]

[ 2016-01-21T14:45:14+08:00 ] 127.0.0.1 /two/ThinkPHP/index.php/Admin/Xchaprice/exprotExcel.html?params=4,6
INFO: [ app_begin ] --START--
INFO: Run Behavior\ReadHtmlCacheBehavior [ RunTime:0.002020s ]
INFO: [ app_begin ] --END-- [ RunTime:0.004158s ]
SQL: DESCRIBE truck_xchaprice [ RunTime:0.011443s ]
SQL: SELECT truck_xproduct.pname,truck_xchaprice.* FROM `truck_xchaprice` INNER JOIN truck_xproduct on truck_xproduct.id=truck_xchaprice.pid  WHERE truck_xchaprice.id IN ('4','6')  [ RunTime:0.001270s ]

[ 2016-01-21T14:45:48+08:00 ] 127.0.0.1 /two/ThinkPHP/index.php/Admin/Xchaprice/exprotExcel.html?params=4,6
INFO: [ app_begin ] --START--
INFO: Run Behavior\ReadHtmlCacheBehavior [ RunTime:0.001821s ]
INFO: [ app_begin ] --END-- [ RunTime:0.003134s ]
SQL: DESCRIBE truck_xchaprice [ RunTime:0.014518s ]
SQL: SELECT truck_xproduct.pname,truck_xchaprice.* FROM `truck_xchaprice` INNER JOIN truck_xproduct on truck_xproduct.id=truck_xchaprice.pid  WHERE truck_xchaprice.id IN ('4','6')  [ RunTime:0.001530s ]

[ 2016-01-21T14:46:09+08:00 ] 127.0.0.1 /two/ThinkPHP/index.php/Admin/Xchaprice/exprotExcel.html?params=4,6
INFO: [ app_begin ] --START--
INFO: Run Behavior\ReadHtmlCacheBehavior [ RunTime:0.003197s ]
INFO: [ app_begin ] --END-- [ RunTime:0.004718s ]
SQL: DESCRIBE truck_xchaprice [ RunTime:0.010311s ]
SQL: SELECT truck_xproduct.pname,truck_xchaprice.* FROM `truck_xchaprice` INNER JOIN truck_xproduct on truck_xproduct.id=truck_xchaprice.pid  WHERE truck_xchaprice.id IN ('4','6')  [ RunTime:0.001397s ]

[ 2016-01-21T14:46:11+08:00 ] 127.0.0.1 /two/ThinkPHP/index.php/Admin/Xchaprice/exprotExcel.html?params=4,6
INFO: [ app_begin ] --START--
INFO: Run Behavior\ReadHtmlCacheBehavior [ RunTime:0.001724s ]
INFO: [ app_begin ] --END-- [ RunTime:0.003358s ]
SQL: DESCRIBE truck_xchaprice [ RunTime:0.017779s ]
SQL: SELECT truck_xproduct.pname,truck_xchaprice.* FROM `truck_xchaprice` INNER JOIN truck_xproduct on truck_xproduct.id=truck_xchaprice.pid  WHERE truck_xchaprice.id IN ('4','6')  [ RunTime:0.001828s ]

[ 2016-01-21T14:46:12+08:00 ] 127.0.0.1 /two/ThinkPHP/index.php/Admin/Xchaprice/exprotExcel.html?params=4,6
INFO: [ app_begin ] --START--
INFO: Run Behavior\ReadHtmlCacheBehavior [ RunTime:0.001761s ]
INFO: [ app_begin ] --END-- [ RunTime:0.003705s ]
SQL: DESCRIBE truck_xchaprice [ RunTime:0.014287s ]
SQL: SELECT truck_xproduct.pname,truck_xchaprice.* FROM `truck_xchaprice` INNER JOIN truck_xproduct on truck_xproduct.id=truck_xchaprice.pid  WHERE truck_xchaprice.id IN ('4','6')  [ RunTime:0.001554s ]

[ 2016-01-21T14:56:58+08:00 ] 127.0.0.1 /two/ThinkPHP/index.php/Admin/Xchaprice/exprotExcel.html?params=
INFO: [ app_begin ] --START--
INFO: Run Behavior\ReadHtmlCacheBehavior [ RunTime:0.002806s ]
INFO: [ app_begin ] --END-- [ RunTime:0.005747s ]
SQL: DESCRIBE truck_xchaprice [ RunTime:0.011955s ]
SQL: SELECT truck_xproduct.pname,truck_xchaprice.* FROM `truck_xchaprice` INNER JOIN truck_xproduct on truck_xproduct.id=truck_xchaprice.pid  WHERE truck_xchaprice.id IN ('')  [ RunTime:0.000979s ]

[ 2016-01-21T14:57:23+08:00 ] 127.0.0.1 /two/ThinkPHP/index.php/Admin/Xchaprice/exprotExcel.html?params=
INFO: [ app_begin ] --START--
INFO: Run Behavior\ReadHtmlCacheBehavior [ RunTime:0.002312s ]
INFO: [ app_begin ] --END-- [ RunTime:0.003714s ]
SQL: DESCRIBE truck_xchaprice [ RunTime:0.010843s ]
SQL: SELECT truck_xproduct.pname,truck_xchaprice.* FROM `truck_xchaprice` INNER JOIN truck_xproduct on truck_xproduct.id=truck_xchaprice.pid  WHERE truck_xchaprice.id IN ('')  [ RunTime:0.000907s ]

[ 2016-01-21T14:58:36+08:00 ] 127.0.0.1 /two/ThinkPHP/index.php/Admin/Xchaprice/exprotExcel.html?params=
INFO: [ app_begin ] --START--
INFO: Run Behavior\ReadHtmlCacheBehavior [ RunTime:0.007107s ]
INFO: [ app_begin ] --END-- [ RunTime:0.008124s ]
SQL: DESCRIBE truck_xchaprice [ RunTime:0.010130s ]
SQL: SELECT truck_xproduct.pname,truck_xchaprice.* FROM `truck_xchaprice` INNER JOIN truck_xproduct on truck_xproduct.id=truck_xchaprice.pid  WHERE truck_xchaprice.id IN ('')  [ RunTime:0.001091s ]

[ 2016-01-21T14:58:42+08:00 ] 127.0.0.1 /two/ThinkPHP/index.php/Admin/Xchaprice/exprotExcel.html?params=6,15,4,12
INFO: [ app_begin ] --START--
INFO: Run Behavior\ReadHtmlCacheBehavior [ RunTime:0.002369s ]
INFO: [ app_begin ] --END-- [ RunTime:0.006968s ]
SQL: DESCRIBE truck_xchaprice [ RunTime:0.010592s ]
SQL: SELECT truck_xproduct.pname,truck_xchaprice.* FROM `truck_xchaprice` INNER JOIN truck_xproduct on truck_xproduct.id=truck_xchaprice.pid  WHERE truck_xchaprice.id IN ('6','15','4','12')  [ RunTime:0.001938s ]

[ 2016-01-21T14:59:57+08:00 ] 127.0.0.1 /two/ThinkPHP/index.php/Admin/Xchaprice/exprotExcel.html?params=12,13
INFO: [ app_begin ] --START--
INFO: Run Behavior\ReadHtmlCacheBehavior [ RunTime:0.001869s ]
INFO: [ app_begin ] --END-- [ RunTime:0.003163s ]
SQL: DESCRIBE truck_xchaprice [ RunTime:0.007723s ]
SQL: SELECT truck_xproduct.pname,truck_xchaprice.* FROM `truck_xchaprice` INNER JOIN truck_xproduct on truck_xproduct.id=truck_xchaprice.pid  WHERE truck_xchaprice.id IN ('12','13')  [ RunTime:0.000958s ]

[ 2016-01-21T15:01:14+08:00 ] 127.0.0.1 /two/ThinkPHP/index.php/Admin/Xchaprice/exprotExcel.html?params=14,16,17,18
INFO: [ app_begin ] --START--
INFO: Run Behavior\ReadHtmlCacheBehavior [ RunTime:0.002490s ]
INFO: [ app_begin ] --END-- [ RunTime:0.003943s ]
SQL: DESCRIBE truck_xchaprice [ RunTime:0.010162s ]
SQL: SELECT truck_xproduct.pname,truck_xchaprice.* FROM `truck_xchaprice` INNER JOIN truck_xproduct on truck_xproduct.id=truck_xchaprice.pid  WHERE truck_xchaprice.id IN ('14','16','17','18')  [ RunTime:0.003376s ]

[ 2016-01-21T15:16:23+08:00 ] 127.0.0.1 /two/ThinkPHP/index.php/Admin/Xchaprice/exprotExcel.html?params=15,4,12
INFO: [ app_begin ] --START--
INFO: Run Behavior\ReadHtmlCacheBehavior [ RunTime:0.002035s ]
INFO: [ app_begin ] --END-- [ RunTime:0.003261s ]
SQL: DESCRIBE truck_xchaprice [ RunTime:0.022939s ]
SQL: SELECT truck_xproduct.pname,truck_xchaprice.* FROM `truck_xchaprice` INNER JOIN truck_xproduct on truck_xproduct.id=truck_xchaprice.pid  WHERE truck_xchaprice.id IN ('15','4','12')  [ RunTime:0.001145s ]

[ 2016-01-21T15:18:29+08:00 ] 127.0.0.1 /two/ThinkPHP/index.php/Admin/Xchaprice/exprotExcel.html?params=
INFO: [ app_begin ] --START--
INFO: Run Behavior\ReadHtmlCacheBehavior [ RunTime:0.001934s ]
INFO: [ app_begin ] --END-- [ RunTime:0.003287s ]
SQL: DESCRIBE truck_xchaprice [ RunTime:0.010149s ]
SQL: SELECT truck_xproduct.pname,truck_xchaprice.* FROM `truck_xchaprice` INNER JOIN truck_xproduct on truck_xproduct.id=truck_xchaprice.pid  WHERE truck_xchaprice.id IN ('')  [ RunTime:0.000953s ]

[ 2016-01-21T15:18:34+08:00 ] 127.0.0.1 /two/ThinkPHP/index.php/Admin/Xchaprice/exprotExcel.html?params=
INFO: [ app_begin ] --START--
INFO: Run Behavior\ReadHtmlCacheBehavior [ RunTime:0.002032s ]
INFO: [ app_begin ] --END-- [ RunTime:0.003464s ]
SQL: DESCRIBE truck_xchaprice [ RunTime:0.009597s ]
SQL: SELECT truck_xproduct.pname,truck_xchaprice.* FROM `truck_xchaprice` INNER JOIN truck_xproduct on truck_xproduct.id=truck_xchaprice.pid  WHERE truck_xchaprice.id IN ('')  [ RunTime:0.000917s ]

[ 2016-01-21T15:18:52+08:00 ] 127.0.0.1 /two/ThinkPHP/index.php/Admin/Xchaprice/exprotExcel.html?params=15,4,12
INFO: [ app_begin ] --START--
INFO: Run Behavior\ReadHtmlCacheBehavior [ RunTime:0.001914s ]
INFO: [ app_begin ] --END-- [ RunTime:0.003272s ]
SQL: DESCRIBE truck_xchaprice [ RunTime:0.009691s ]
SQL: SELECT truck_xproduct.pname,truck_xchaprice.* FROM `truck_xchaprice` INNER JOIN truck_xproduct on truck_xproduct.id=truck_xchaprice.pid  WHERE truck_xchaprice.id IN ('15','4','12')  [ RunTime:0.001076s ]

[ 2016-01-21T15:19:24+08:00 ] 127.0.0.1 /two/ThinkPHP/index.php/Admin/Xchaprice/exprotExcel.html?params=
INFO: [ app_begin ] --START--
INFO: Run Behavior\ReadHtmlCacheBehavior [ RunTime:0.001676s ]
INFO: [ app_begin ] --END-- [ RunTime:0.003437s ]
SQL: DESCRIBE truck_xchaprice [ RunTime:0.011181s ]
SQL: SELECT truck_xproduct.pname,truck_xchaprice.* FROM `truck_xchaprice` INNER JOIN truck_xproduct on truck_xproduct.id=truck_xchaprice.pid  WHERE truck_xchaprice.id IN ('')  [ RunTime:0.000891s ]

[ 2016-01-21T15:19:37+08:00 ] 127.0.0.1 /two/ThinkPHP/index.php/Admin/Xchaprice/exprotExcel.html?params=12,13
INFO: [ app_begin ] --START--
INFO: Run Behavior\ReadHtmlCacheBehavior [ RunTime:0.001870s ]
INFO: [ app_begin ] --END-- [ RunTime:0.003372s ]
SQL: DESCRIBE truck_xchaprice [ RunTime:0.009365s ]
SQL: SELECT truck_xproduct.pname,truck_xchaprice.* FROM `truck_xchaprice` INNER JOIN truck_xproduct on truck_xproduct.id=truck_xchaprice.pid  WHERE truck_xchaprice.id IN ('12','13')  [ RunTime:0.001019s ]

[ 2016-01-21T15:21:17+08:00 ] 127.0.0.1 /two/ThinkPHP/index.php/Admin/Xchaprice/exprotExcel.html?params=4,12,13
INFO: [ app_begin ] --START--
INFO: Run Behavior\ReadHtmlCacheBehavior [ RunTime:0.002131s ]
INFO: [ app_begin ] --END-- [ RunTime:0.003627s ]
SQL: DESCRIBE truck_xchaprice [ RunTime:0.010810s ]
SQL: SELECT truck_xproduct.pname,truck_xchaprice.* FROM `truck_xchaprice` INNER JOIN truck_xproduct on truck_xproduct.id=truck_xchaprice.pid  WHERE truck_xchaprice.id IN ('4','12','13')  [ RunTime:0.002681s ]

[ 2016-01-21T15:22:45+08:00 ] 127.0.0.1 /two/ThinkPHP/index.php/Admin/Xchaprice/exprotExcel.html?params=4,12,13
INFO: [ app_begin ] --START--
INFO: Run Behavior\ReadHtmlCacheBehavior [ RunTime:0.001660s ]
INFO: [ app_begin ] --END-- [ RunTime:0.002912s ]
SQL: DESCRIBE truck_xchaprice [ RunTime:0.023629s ]
SQL: SELECT truck_xproduct.pname,truck_xchaprice.* FROM `truck_xchaprice` INNER JOIN truck_xproduct on truck_xproduct.id=truck_xchaprice.pid  WHERE truck_xchaprice.id IN ('4','12','13')  [ RunTime:0.001901s ]

[ 2016-01-21T15:24:47+08:00 ] 127.0.0.1 /two/ThinkPHP/index.php/Admin/Xchaprice/exprotExcel.html?params=4,12,13
INFO: [ app_begin ] --START--
INFO: Run Behavior\ReadHtmlCacheBehavior [ RunTime:0.001877s ]
INFO: [ app_begin ] --END-- [ RunTime:0.003171s ]
SQL: DESCRIBE truck_xchaprice [ RunTime:0.013823s ]
SQL: SELECT truck_xproduct.pname,truck_xchaprice.* FROM `truck_xchaprice` INNER JOIN truck_xproduct on truck_xproduct.id=truck_xchaprice.pid  WHERE truck_xchaprice.id IN (1,2,3)  [ RunTime:0.001091s ]

[ 2016-01-21T15:25:43+08:00 ] 127.0.0.1 /two/ThinkPHP/index.php/Admin/Xchaprice/exprotExcel.html?params=4,12
INFO: [ app_begin ] --START--
INFO: Run Behavior\ReadHtmlCacheBehavior [ RunTime:0.002151s ]
INFO: [ app_begin ] --END-- [ RunTime:0.003969s ]
SQL: DESCRIBE truck_xchaprice [ RunTime:0.009323s ]
SQL: SELECT truck_xproduct.pname,truck_xchaprice.* FROM `truck_xchaprice` INNER JOIN truck_xproduct on truck_xproduct.id=truck_xchaprice.pid  WHERE truck_xchaprice.id IN (1,2,3)  [ RunTime:0.001026s ]

[ 2016-01-21T15:26:53+08:00 ] 127.0.0.1 /two/ThinkPHP/index.php/Admin/Xchaprice/exprotExcel.html?params=4,12
INFO: [ app_begin ] --START--
INFO: Run Behavior\ReadHtmlCacheBehavior [ RunTime:0.002053s ]
INFO: [ app_begin ] --END-- [ RunTime:0.003657s ]
SQL: DESCRIBE truck_xchaprice [ RunTime:0.009915s ]
SQL: SELECT truck_xproduct.pname,truck_xchaprice.* FROM `truck_xchaprice` INNER JOIN truck_xproduct on truck_xproduct.id=truck_xchaprice.pid  WHERE truck_xchaprice.id IN ('4','12')  [ RunTime:0.001138s ]

[ 2016-01-21T15:34:28+08:00 ] 127.0.0.1 /two/ThinkPHP/index.php/Admin/Xchaprice/exprotExcel.html?params=4,12
INFO: [ app_begin ] --START--
INFO: Run Behavior\ReadHtmlCacheBehavior [ RunTime:0.002237s ]
INFO: [ app_begin ] --END-- [ RunTime:0.003616s ]
SQL: DESCRIBE truck_xchaprice [ RunTime:0.010416s ]
SQL: SELECT truck_xproduct.pname,truck_xchaprice.* FROM `truck_xchaprice` INNER JOIN truck_xproduct on truck_xproduct.id=truck_xchaprice.pid  WHERE truck_xchaprice.id IN ('4','12')  [ RunTime:0.001222s ]

