[ 2016-01-25T09:20:02+08:00 ] 127.0.0.1 /two/ThinkPHP/index.php/Admin/Xchaprice/betchDel.html
INFO: [ app_begin ] --START--
INFO: Run Behavior\ReadHtmlCacheBehavior [ RunTime:0.001698s ]
INFO: [ app_begin ] --END-- [ RunTime:0.003012s ]
SQL: DESCRIBE truck_xchaprice [ RunTime:0.007563s ]
SQL: DELETE FROM `truck_xchaprice` WHERE `id` IN ('15','16') [ RunTime:0.197638s ]
INFO: [ app_end ] --START--
INFO: Run Behavior\ShowPageTraceBehavior [ RunTime:0.002477s ]
INFO: [ app_end ] --END-- [ RunTime:0.002713s ]

[ 2016-01-25T09:20:11+08:00 ] 127.0.0.1 /two/ThinkPHP/index.php/Admin/Xchaprice/betchDel.html
INFO: [ app_begin ] --START--
INFO: Run Behavior\ReadHtmlCacheBehavior [ RunTime:0.002004s ]
INFO: [ app_begin ] --END-- [ RunTime:0.003398s ]
SQL: DESCRIBE truck_xchaprice [ RunTime:0.007706s ]
SQL: DELETE FROM `truck_xchaprice` WHERE `id` IN ('12','13','14','17') [ RunTime:0.090272s ]
INFO: [ app_end ] --START--
INFO: Run Behavior\ShowPageTraceBehavior [ RunTime:0.002259s ]
INFO: [ app_end ] --END-- [ RunTime:0.002499s ]

[ 2016-01-25T15:34:15+08:00 ] 127.0.0.1 /two/ThinkPHP/index.php/Admin/User/requireCity.html
INFO: [ app_begin ] --START--
INFO: Run Behavior\ReadHtmlCacheBehavior [ RunTime:0.004456s ]
INFO: [ app_begin ] --END-- [ RunTime:0.006886s ]
SQL: DESCRIBE truck_area [ RunTime:0.057823s ]
SQL: SELECT * FROM `truck_area` WHERE ( upid=0 )  [ RunTime:0.048680s ]

